[2024-04-15 01:23:32] local.INFO: Detected N+1 Query  
[2024-04-15 01:23:32] local.INFO: Model: App\Models\Workgroup
Relation: companyLevel
Num-Called: 3
Call-Stack:
#18 \storage\framework\views\63ce8b88bbc353b921a062020db17b9f9613a1a0.php:79
#20 \vendor\livewire\livewire\src\ComponentConcerns\RendersLivewireComponents.php:84
#21 \vendor\livewire\livewire\src\ComponentConcerns\RendersLivewireComponents.php:59
#22 \vendor\laravel\framework\src\Illuminate\View\View.php:195
#23 \vendor\laravel\framework\src\Illuminate\View\View.php:178
#24 \vendor\laravel\framework\src\Illuminate\View\View.php:147
#25 \storage\framework\views\9c739e54b3f024f4b4d90e5fd6143ed0c6256430.php:250
#27 \vendor\livewire\livewire\src\ComponentConcerns\RendersLivewireComponents.php:84
#28 \vendor\livewire\livewire\src\ComponentConcerns\RendersLivewireComponents.php:59
#29 \vendor\laravel\framework\src\Illuminate\View\View.php:195
#30 \vendor\laravel\framework\src\Illuminate\View\View.php:178
#31 \vendor\laravel\framework\src\Illuminate\View\View.php:147
#32 \vendor\livewire\livewire\src\Component.php:235
#33 \vendor\livewire\livewire\src\HydrationMiddleware\RenderView.php:14
#34 \vendor\livewire\livewire\src\LifecycleManager.php:154
#35 \vendor\livewire\livewire\src\Connection\ConnectionHandler.php:15
#36 \vendor\livewire\livewire\src\Controllers\HttpConnectionHandler.php:21
#37 \vendor\laravel\framework\src\Illuminate\Routing\ControllerDispatcher.php:46
#38 \vendor\laravel\framework\src\Illuminate\Routing\Route.php:260
#39 \vendor\laravel\framework\src\Illuminate\Routing\Route.php:205
#40 \vendor\laravel\framework\src\Illuminate\Routing\Router.php:798
#41 \vendor\laravel\framework\src\Illuminate\Pipeline\Pipeline.php:141
#42 \app\Http\Middleware\Localization.php:23
#43 \vendor\laravel\framework\src\Illuminate\Pipeline\Pipeline.php:180
#44 \vendor\laravel\framework\src\Illuminate\Routing\Middleware\SubstituteBindings.php:50
#45 \vendor\laravel\framework\src\Illuminate\Pipeline\Pipeline.php:180
#46 \vendor\laravel\framework\src\Illuminate\Foundation\Http\Middleware\VerifyCsrfToken.php:78
#47 \vendor\laravel\framework\src\Illuminate\Pipeline\Pipeline.php:180
#48 \vendor\laravel\framework\src\Illuminate\View\Middleware\ShareErrorsFromSession.php:49
#49 \vendor\laravel\framework\src\Illuminate\Pipeline\Pipeline.php:180
  
[2024-04-15 01:23:32] local.INFO: Model: App\Models\CompanyLevel
Relation: BussinessUnit
Num-Called: 3
Call-Stack:
#18 \storage\framework\views\63ce8b88bbc353b921a062020db17b9f9613a1a0.php:79
#20 \vendor\livewire\livewire\src\ComponentConcerns\RendersLivewireComponents.php:84
#21 \vendor\livewire\livewire\src\ComponentConcerns\RendersLivewireComponents.php:59
#22 \vendor\laravel\framework\src\Illuminate\View\View.php:195
#23 \vendor\laravel\framework\src\Illuminate\View\View.php:178
#24 \vendor\laravel\framework\src\Illuminate\View\View.php:147
#25 \storage\framework\views\9c739e54b3f024f4b4d90e5fd6143ed0c6256430.php:250
#27 \vendor\livewire\livewire\src\ComponentConcerns\RendersLivewireComponents.php:84
#28 \vendor\livewire\livewire\src\ComponentConcerns\RendersLivewireComponents.php:59
#29 \vendor\laravel\framework\src\Illuminate\View\View.php:195
#30 \vendor\laravel\framework\src\Illuminate\View\View.php:178
#31 \vendor\laravel\framework\src\Illuminate\View\View.php:147
#32 \vendor\livewire\livewire\src\Component.php:235
#33 \vendor\livewire\livewire\src\HydrationMiddleware\RenderView.php:14
#34 \vendor\livewire\livewire\src\LifecycleManager.php:154
#35 \vendor\livewire\livewire\src\Connection\ConnectionHandler.php:15
#36 \vendor\livewire\livewire\src\Controllers\HttpConnectionHandler.php:21
#37 \vendor\laravel\framework\src\Illuminate\Routing\ControllerDispatcher.php:46
#38 \vendor\laravel\framework\src\Illuminate\Routing\Route.php:260
#39 \vendor\laravel\framework\src\Illuminate\Routing\Route.php:205
#40 \vendor\laravel\framework\src\Illuminate\Routing\Router.php:798
#41 \vendor\laravel\framework\src\Illuminate\Pipeline\Pipeline.php:141
#42 \app\Http\Middleware\Localization.php:23
#43 \vendor\laravel\framework\src\Illuminate\Pipeline\Pipeline.php:180
#44 \vendor\laravel\framework\src\Illuminate\Routing\Middleware\SubstituteBindings.php:50
#45 \vendor\laravel\framework\src\Illuminate\Pipeline\Pipeline.php:180
#46 \vendor\laravel\framework\src\Illuminate\Foundation\Http\Middleware\VerifyCsrfToken.php:78
#47 \vendor\laravel\framework\src\Illuminate\Pipeline\Pipeline.php:180
#48 \vendor\laravel\framework\src\Illuminate\View\Middleware\ShareErrorsFromSession.php:49
#49 \vendor\laravel\framework\src\Illuminate\Pipeline\Pipeline.php:180
  
[2024-04-15 01:23:34] local.INFO: Detected N+1 Query  
[2024-04-15 01:23:34] local.INFO: Model: App\Models\CompanyLevel
Relation: App\Models\Companies
Num-Called: 3
Call-Stack:
#20 \vendor\livewire\livewire\src\HydrationMiddleware\HydratePublicProperties.php:175
#21 \vendor\livewire\livewire\src\HydrationMiddleware\HydratePublicProperties.php:60
#22 \vendor\livewire\livewire\src\LifecycleManager.php:89
#23 \vendor\livewire\livewire\src\Connection\ConnectionHandler.php:13
#24 \vendor\livewire\livewire\src\Controllers\HttpConnectionHandler.php:21
#25 \vendor\laravel\framework\src\Illuminate\Routing\ControllerDispatcher.php:46
#26 \vendor\laravel\framework\src\Illuminate\Routing\Route.php:260
#27 \vendor\laravel\framework\src\Illuminate\Routing\Route.php:205
#28 \vendor\laravel\framework\src\Illuminate\Routing\Router.php:798
#29 \vendor\laravel\framework\src\Illuminate\Pipeline\Pipeline.php:141
#30 \app\Http\Middleware\Localization.php:23
#31 \vendor\laravel\framework\src\Illuminate\Pipeline\Pipeline.php:180
#32 \vendor\laravel\framework\src\Illuminate\Routing\Middleware\SubstituteBindings.php:50
#33 \vendor\laravel\framework\src\Illuminate\Pipeline\Pipeline.php:180
#34 \vendor\laravel\framework\src\Illuminate\Foundation\Http\Middleware\VerifyCsrfToken.php:78
#35 \vendor\laravel\framework\src\Illuminate\Pipeline\Pipeline.php:180
#36 \vendor\laravel\framework\src\Illuminate\View\Middleware\ShareErrorsFromSession.php:49
#37 \vendor\laravel\framework\src\Illuminate\Pipeline\Pipeline.php:180
#38 \vendor\laravel\framework\src\Illuminate\Session\Middleware\StartSession.php:121
#39 \vendor\laravel\framework\src\Illuminate\Session\Middleware\StartSession.php:64
#40 \vendor\laravel\framework\src\Illuminate\Pipeline\Pipeline.php:180
#41 \vendor\laravel\framework\src\Illuminate\Cookie\Middleware\AddQueuedCookiesToResponse.php:37
#42 \vendor\laravel\framework\src\Illuminate\Pipeline\Pipeline.php:180
#43 \vendor\laravel\framework\src\Illuminate\Cookie\Middleware\EncryptCookies.php:67
#44 \vendor\laravel\framework\src\Illuminate\Pipeline\Pipeline.php:180
#45 \vendor\laravel\framework\src\Illuminate\Pipeline\Pipeline.php:116
#46 \vendor\laravel\framework\src\Illuminate\Routing\Router.php:799
#47 \vendor\laravel\framework\src\Illuminate\Routing\Router.php:776
#48 \vendor\laravel\framework\src\Illuminate\Routing\Router.php:740
#49 \vendor\laravel\framework\src\Illuminate\Routing\Router.php:729
  
[2024-04-15 01:23:34] local.INFO: Model: App\Models\Workgroup
Relation: App\Models\CompanyLevel
Num-Called: 2
Call-Stack:
#19 \vendor\livewire\livewire\src\HydrationMiddleware\HydratePublicProperties.php:175
#20 \vendor\livewire\livewire\src\HydrationMiddleware\HydratePublicProperties.php:60
#21 \vendor\livewire\livewire\src\LifecycleManager.php:89
#22 \vendor\livewire\livewire\src\Connection\ConnectionHandler.php:13
#23 \vendor\livewire\livewire\src\Controllers\HttpConnectionHandler.php:21
#24 \vendor\laravel\framework\src\Illuminate\Routing\ControllerDispatcher.php:46
#25 \vendor\laravel\framework\src\Illuminate\Routing\Route.php:260
#26 \vendor\laravel\framework\src\Illuminate\Routing\Route.php:205
#27 \vendor\laravel\framework\src\Illuminate\Routing\Router.php:798
#28 \vendor\laravel\framework\src\Illuminate\Pipeline\Pipeline.php:141
#29 \app\Http\Middleware\Localization.php:23
#30 \vendor\laravel\framework\src\Illuminate\Pipeline\Pipeline.php:180
#31 \vendor\laravel\framework\src\Illuminate\Routing\Middleware\SubstituteBindings.php:50
#32 \vendor\laravel\framework\src\Illuminate\Pipeline\Pipeline.php:180
#33 \vendor\laravel\framework\src\Illuminate\Foundation\Http\Middleware\VerifyCsrfToken.php:78
#34 \vendor\laravel\framework\src\Illuminate\Pipeline\Pipeline.php:180
#35 \vendor\laravel\framework\src\Illuminate\View\Middleware\ShareErrorsFromSession.php:49
#36 \vendor\laravel\framework\src\Illuminate\Pipeline\Pipeline.php:180
#37 \vendor\laravel\framework\src\Illuminate\Session\Middleware\StartSession.php:121
#38 \vendor\laravel\framework\src\Illuminate\Session\Middleware\StartSession.php:64
#39 \vendor\laravel\framework\src\Illuminate\Pipeline\Pipeline.php:180
#40 \vendor\laravel\framework\src\Illuminate\Cookie\Middleware\AddQueuedCookiesToResponse.php:37
#41 \vendor\laravel\framework\src\Illuminate\Pipeline\Pipeline.php:180
#42 \vendor\laravel\framework\src\Illuminate\Cookie\Middleware\EncryptCookies.php:67
#43 \vendor\laravel\framework\src\Illuminate\Pipeline\Pipeline.php:180
#44 \vendor\laravel\framework\src\Illuminate\Pipeline\Pipeline.php:116
#45 \vendor\laravel\framework\src\Illuminate\Routing\Router.php:799
#46 \vendor\laravel\framework\src\Illuminate\Routing\Router.php:776
#47 \vendor\laravel\framework\src\Illuminate\Routing\Router.php:740
#48 \vendor\laravel\framework\src\Illuminate\Routing\Router.php:729
#49 \vendor\laravel\framework\src\Illuminate\Foundation\Http\Kernel.php:190
  
[2024-04-15 01:23:35] local.INFO: Detected N+1 Query  
[2024-04-15 01:23:35] local.INFO: Model: App\Models\CompanyLevel
Relation: App\Models\Companies
Num-Called: 3
Call-Stack:
#20 \vendor\livewire\livewire\src\HydrationMiddleware\HydratePublicProperties.php:175
#21 \vendor\livewire\livewire\src\HydrationMiddleware\HydratePublicProperties.php:60
#22 \vendor\livewire\livewire\src\LifecycleManager.php:89
#23 \vendor\livewire\livewire\src\Connection\ConnectionHandler.php:13
#24 \vendor\livewire\livewire\src\Controllers\HttpConnectionHandler.php:21
#25 \vendor\laravel\framework\src\Illuminate\Routing\ControllerDispatcher.php:46
#26 \vendor\laravel\framework\src\Illuminate\Routing\Route.php:260
#27 \vendor\laravel\framework\src\Illuminate\Routing\Route.php:205
#28 \vendor\laravel\framework\src\Illuminate\Routing\Router.php:798
#29 \vendor\laravel\framework\src\Illuminate\Pipeline\Pipeline.php:141
#30 \app\Http\Middleware\Localization.php:23
#31 \vendor\laravel\framework\src\Illuminate\Pipeline\Pipeline.php:180
#32 \vendor\laravel\framework\src\Illuminate\Routing\Middleware\SubstituteBindings.php:50
#33 \vendor\laravel\framework\src\Illuminate\Pipeline\Pipeline.php:180
#34 \vendor\laravel\framework\src\Illuminate\Foundation\Http\Middleware\VerifyCsrfToken.php:78
#35 \vendor\laravel\framework\src\Illuminate\Pipeline\Pipeline.php:180
#36 \vendor\laravel\framework\src\Illuminate\View\Middleware\ShareErrorsFromSession.php:49
#37 \vendor\laravel\framework\src\Illuminate\Pipeline\Pipeline.php:180
#38 \vendor\laravel\framework\src\Illuminate\Session\Middleware\StartSession.php:121
#39 \vendor\laravel\framework\src\Illuminate\Session\Middleware\StartSession.php:64
#40 \vendor\laravel\framework\src\Illuminate\Pipeline\Pipeline.php:180
#41 \vendor\laravel\framework\src\Illuminate\Cookie\Middleware\AddQueuedCookiesToResponse.php:37
#42 \vendor\laravel\framework\src\Illuminate\Pipeline\Pipeline.php:180
#43 \vendor\laravel\framework\src\Illuminate\Cookie\Middleware\EncryptCookies.php:67
#44 \vendor\laravel\framework\src\Illuminate\Pipeline\Pipeline.php:180
#45 \vendor\laravel\framework\src\Illuminate\Pipeline\Pipeline.php:116
#46 \vendor\laravel\framework\src\Illuminate\Routing\Router.php:799
#47 \vendor\laravel\framework\src\Illuminate\Routing\Router.php:776
#48 \vendor\laravel\framework\src\Illuminate\Routing\Router.php:740
#49 \vendor\laravel\framework\src\Illuminate\Routing\Router.php:729
  
[2024-04-15 01:23:35] local.INFO: Model: App\Models\Workgroup
Relation: App\Models\CompanyLevel
Num-Called: 2
Call-Stack:
#19 \vendor\livewire\livewire\src\HydrationMiddleware\HydratePublicProperties.php:175
#20 \vendor\livewire\livewire\src\HydrationMiddleware\HydratePublicProperties.php:60
#21 \vendor\livewire\livewire\src\LifecycleManager.php:89
#22 \vendor\livewire\livewire\src\Connection\ConnectionHandler.php:13
#23 \vendor\livewire\livewire\src\Controllers\HttpConnectionHandler.php:21
#24 \vendor\laravel\framework\src\Illuminate\Routing\ControllerDispatcher.php:46
#25 \vendor\laravel\framework\src\Illuminate\Routing\Route.php:260
#26 \vendor\laravel\framework\src\Illuminate\Routing\Route.php:205
#27 \vendor\laravel\framework\src\Illuminate\Routing\Router.php:798
#28 \vendor\laravel\framework\src\Illuminate\Pipeline\Pipeline.php:141
#29 \app\Http\Middleware\Localization.php:23
#30 \vendor\laravel\framework\src\Illuminate\Pipeline\Pipeline.php:180
#31 \vendor\laravel\framework\src\Illuminate\Routing\Middleware\SubstituteBindings.php:50
#32 \vendor\laravel\framework\src\Illuminate\Pipeline\Pipeline.php:180
#33 \vendor\laravel\framework\src\Illuminate\Foundation\Http\Middleware\VerifyCsrfToken.php:78
#34 \vendor\laravel\framework\src\Illuminate\Pipeline\Pipeline.php:180
#35 \vendor\laravel\framework\src\Illuminate\View\Middleware\ShareErrorsFromSession.php:49
#36 \vendor\laravel\framework\src\Illuminate\Pipeline\Pipeline.php:180
#37 \vendor\laravel\framework\src\Illuminate\Session\Middleware\StartSession.php:121
#38 \vendor\laravel\framework\src\Illuminate\Session\Middleware\StartSession.php:64
#39 \vendor\laravel\framework\src\Illuminate\Pipeline\Pipeline.php:180
#40 \vendor\laravel\framework\src\Illuminate\Cookie\Middleware\AddQueuedCookiesToResponse.php:37
#41 \vendor\laravel\framework\src\Illuminate\Pipeline\Pipeline.php:180
#42 \vendor\laravel\framework\src\Illuminate\Cookie\Middleware\EncryptCookies.php:67
#43 \vendor\laravel\framework\src\Illuminate\Pipeline\Pipeline.php:180
#44 \vendor\laravel\framework\src\Illuminate\Pipeline\Pipeline.php:116
#45 \vendor\laravel\framework\src\Illuminate\Routing\Router.php:799
#46 \vendor\laravel\framework\src\Illuminate\Routing\Router.php:776
#47 \vendor\laravel\framework\src\Illuminate\Routing\Router.php:740
#48 \vendor\laravel\framework\src\Illuminate\Routing\Router.php:729
#49 \vendor\laravel\framework\src\Illuminate\Foundation\Http\Kernel.php:190
  
[2024-04-15 01:23:36] local.INFO: Detected N+1 Query  
[2024-04-15 01:23:36] local.INFO: Model: App\Models\CompanyLevel
Relation: App\Models\Companies
Num-Called: 3
Call-Stack:
#20 \vendor\livewire\livewire\src\HydrationMiddleware\HydratePublicProperties.php:175
#21 \vendor\livewire\livewire\src\HydrationMiddleware\HydratePublicProperties.php:60
#22 \vendor\livewire\livewire\src\LifecycleManager.php:89
#23 \vendor\livewire\livewire\src\Connection\ConnectionHandler.php:13
#24 \vendor\livewire\livewire\src\Controllers\HttpConnectionHandler.php:21
#25 \vendor\laravel\framework\src\Illuminate\Routing\ControllerDispatcher.php:46
#26 \vendor\laravel\framework\src\Illuminate\Routing\Route.php:260
#27 \vendor\laravel\framework\src\Illuminate\Routing\Route.php:205
#28 \vendor\laravel\framework\src\Illuminate\Routing\Router.php:798
#29 \vendor\laravel\framework\src\Illuminate\Pipeline\Pipeline.php:141
#30 \app\Http\Middleware\Localization.php:23
#31 \vendor\laravel\framework\src\Illuminate\Pipeline\Pipeline.php:180
#32 \vendor\laravel\framework\src\Illuminate\Routing\Middleware\SubstituteBindings.php:50
#33 \vendor\laravel\framework\src\Illuminate\Pipeline\Pipeline.php:180
#34 \vendor\laravel\framework\src\Illuminate\Foundation\Http\Middleware\VerifyCsrfToken.php:78
#35 \vendor\laravel\framework\src\Illuminate\Pipeline\Pipeline.php:180
#36 \vendor\laravel\framework\src\Illuminate\View\Middleware\ShareErrorsFromSession.php:49
#37 \vendor\laravel\framework\src\Illuminate\Pipeline\Pipeline.php:180
#38 \vendor\laravel\framework\src\Illuminate\Session\Middleware\StartSession.php:121
#39 \vendor\laravel\framework\src\Illuminate\Session\Middleware\StartSession.php:64
#40 \vendor\laravel\framework\src\Illuminate\Pipeline\Pipeline.php:180
#41 \vendor\laravel\framework\src\Illuminate\Cookie\Middleware\AddQueuedCookiesToResponse.php:37
#42 \vendor\laravel\framework\src\Illuminate\Pipeline\Pipeline.php:180
#43 \vendor\laravel\framework\src\Illuminate\Cookie\Middleware\EncryptCookies.php:67
#44 \vendor\laravel\framework\src\Illuminate\Pipeline\Pipeline.php:180
#45 \vendor\laravel\framework\src\Illuminate\Pipeline\Pipeline.php:116
#46 \vendor\laravel\framework\src\Illuminate\Routing\Router.php:799
#47 \vendor\laravel\framework\src\Illuminate\Routing\Router.php:776
#48 \vendor\laravel\framework\src\Illuminate\Routing\Router.php:740
#49 \vendor\laravel\framework\src\Illuminate\Routing\Router.php:729
  
[2024-04-15 01:23:36] local.INFO: Model: App\Models\Workgroup
Relation: App\Models\CompanyLevel
Num-Called: 2
Call-Stack:
#19 \vendor\livewire\livewire\src\HydrationMiddleware\HydratePublicProperties.php:175
#20 \vendor\livewire\livewire\src\HydrationMiddleware\HydratePublicProperties.php:60
#21 \vendor\livewire\livewire\src\LifecycleManager.php:89
#22 \vendor\livewire\livewire\src\Connection\ConnectionHandler.php:13
#23 \vendor\livewire\livewire\src\Controllers\HttpConnectionHandler.php:21
#24 \vendor\laravel\framework\src\Illuminate\Routing\ControllerDispatcher.php:46
#25 \vendor\laravel\framework\src\Illuminate\Routing\Route.php:260
#26 \vendor\laravel\framework\src\Illuminate\Routing\Route.php:205
#27 \vendor\laravel\framework\src\Illuminate\Routing\Router.php:798
#28 \vendor\laravel\framework\src\Illuminate\Pipeline\Pipeline.php:141
#29 \app\Http\Middleware\Localization.php:23
#30 \vendor\laravel\framework\src\Illuminate\Pipeline\Pipeline.php:180
#31 \vendor\laravel\framework\src\Illuminate\Routing\Middleware\SubstituteBindings.php:50
#32 \vendor\laravel\framework\src\Illuminate\Pipeline\Pipeline.php:180
#33 \vendor\laravel\framework\src\Illuminate\Foundation\Http\Middleware\VerifyCsrfToken.php:78
#34 \vendor\laravel\framework\src\Illuminate\Pipeline\Pipeline.php:180
#35 \vendor\laravel\framework\src\Illuminate\View\Middleware\ShareErrorsFromSession.php:49
#36 \vendor\laravel\framework\src\Illuminate\Pipeline\Pipeline.php:180
#37 \vendor\laravel\framework\src\Illuminate\Session\Middleware\StartSession.php:121
#38 \vendor\laravel\framework\src\Illuminate\Session\Middleware\StartSession.php:64
#39 \vendor\laravel\framework\src\Illuminate\Pipeline\Pipeline.php:180
#40 \vendor\laravel\framework\src\Illuminate\Cookie\Middleware\AddQueuedCookiesToResponse.php:37
#41 \vendor\laravel\framework\src\Illuminate\Pipeline\Pipeline.php:180
#42 \vendor\laravel\framework\src\Illuminate\Cookie\Middleware\EncryptCookies.php:67
#43 \vendor\laravel\framework\src\Illuminate\Pipeline\Pipeline.php:180
#44 \vendor\laravel\framework\src\Illuminate\Pipeline\Pipeline.php:116
#45 \vendor\laravel\framework\src\Illuminate\Routing\Router.php:799
#46 \vendor\laravel\framework\src\Illuminate\Routing\Router.php:776
#47 \vendor\laravel\framework\src\Illuminate\Routing\Router.php:740
#48 \vendor\laravel\framework\src\Illuminate\Routing\Router.php:729
#49 \vendor\laravel\framework\src\Illuminate\Foundation\Http\Kernel.php:190
  
[2024-04-15 01:23:39] local.INFO: Detected N+1 Query  
[2024-04-15 01:23:40] local.INFO: Model: App\Models\CompanyLevel
Relation: App\Models\Companies
Num-Called: 3
Call-Stack:
#20 \vendor\livewire\livewire\src\HydrationMiddleware\HydratePublicProperties.php:175
#21 \vendor\livewire\livewire\src\HydrationMiddleware\HydratePublicProperties.php:60
#22 \vendor\livewire\livewire\src\LifecycleManager.php:89
#23 \vendor\livewire\livewire\src\Connection\ConnectionHandler.php:13
#24 \vendor\livewire\livewire\src\Controllers\HttpConnectionHandler.php:21
#25 \vendor\laravel\framework\src\Illuminate\Routing\ControllerDispatcher.php:46
#26 \vendor\laravel\framework\src\Illuminate\Routing\Route.php:260
#27 \vendor\laravel\framework\src\Illuminate\Routing\Route.php:205
#28 \vendor\laravel\framework\src\Illuminate\Routing\Router.php:798
#29 \vendor\laravel\framework\src\Illuminate\Pipeline\Pipeline.php:141
#30 \app\Http\Middleware\Localization.php:23
#31 \vendor\laravel\framework\src\Illuminate\Pipeline\Pipeline.php:180
#32 \vendor\laravel\framework\src\Illuminate\Routing\Middleware\SubstituteBindings.php:50
#33 \vendor\laravel\framework\src\Illuminate\Pipeline\Pipeline.php:180
#34 \vendor\laravel\framework\src\Illuminate\Foundation\Http\Middleware\VerifyCsrfToken.php:78
#35 \vendor\laravel\framework\src\Illuminate\Pipeline\Pipeline.php:180
#36 \vendor\laravel\framework\src\Illuminate\View\Middleware\ShareErrorsFromSession.php:49
#37 \vendor\laravel\framework\src\Illuminate\Pipeline\Pipeline.php:180
#38 \vendor\laravel\framework\src\Illuminate\Session\Middleware\StartSession.php:121
#39 \vendor\laravel\framework\src\Illuminate\Session\Middleware\StartSession.php:64
#40 \vendor\laravel\framework\src\Illuminate\Pipeline\Pipeline.php:180
#41 \vendor\laravel\framework\src\Illuminate\Cookie\Middleware\AddQueuedCookiesToResponse.php:37
#42 \vendor\laravel\framework\src\Illuminate\Pipeline\Pipeline.php:180
#43 \vendor\laravel\framework\src\Illuminate\Cookie\Middleware\EncryptCookies.php:67
#44 \vendor\laravel\framework\src\Illuminate\Pipeline\Pipeline.php:180
#45 \vendor\laravel\framework\src\Illuminate\Pipeline\Pipeline.php:116
#46 \vendor\laravel\framework\src\Illuminate\Routing\Router.php:799
#47 \vendor\laravel\framework\src\Illuminate\Routing\Router.php:776
#48 \vendor\laravel\framework\src\Illuminate\Routing\Router.php:740
#49 \vendor\laravel\framework\src\Illuminate\Routing\Router.php:729
  
[2024-04-15 01:23:40] local.INFO: Model: App\Models\Workgroup
Relation: App\Models\CompanyLevel
Num-Called: 2
Call-Stack:
#19 \vendor\livewire\livewire\src\HydrationMiddleware\HydratePublicProperties.php:175
#20 \vendor\livewire\livewire\src\HydrationMiddleware\HydratePublicProperties.php:60
#21 \vendor\livewire\livewire\src\LifecycleManager.php:89
#22 \vendor\livewire\livewire\src\Connection\ConnectionHandler.php:13
#23 \vendor\livewire\livewire\src\Controllers\HttpConnectionHandler.php:21
#24 \vendor\laravel\framework\src\Illuminate\Routing\ControllerDispatcher.php:46
#25 \vendor\laravel\framework\src\Illuminate\Routing\Route.php:260
#26 \vendor\laravel\framework\src\Illuminate\Routing\Route.php:205
#27 \vendor\laravel\framework\src\Illuminate\Routing\Router.php:798
#28 \vendor\laravel\framework\src\Illuminate\Pipeline\Pipeline.php:141
#29 \app\Http\Middleware\Localization.php:23
#30 \vendor\laravel\framework\src\Illuminate\Pipeline\Pipeline.php:180
#31 \vendor\laravel\framework\src\Illuminate\Routing\Middleware\SubstituteBindings.php:50
#32 \vendor\laravel\framework\src\Illuminate\Pipeline\Pipeline.php:180
#33 \vendor\laravel\framework\src\Illuminate\Foundation\Http\Middleware\VerifyCsrfToken.php:78
#34 \vendor\laravel\framework\src\Illuminate\Pipeline\Pipeline.php:180
#35 \vendor\laravel\framework\src\Illuminate\View\Middleware\ShareErrorsFromSession.php:49
#36 \vendor\laravel\framework\src\Illuminate\Pipeline\Pipeline.php:180
#37 \vendor\laravel\framework\src\Illuminate\Session\Middleware\StartSession.php:121
#38 \vendor\laravel\framework\src\Illuminate\Session\Middleware\StartSession.php:64
#39 \vendor\laravel\framework\src\Illuminate\Pipeline\Pipeline.php:180
#40 \vendor\laravel\framework\src\Illuminate\Cookie\Middleware\AddQueuedCookiesToResponse.php:37
#41 \vendor\laravel\framework\src\Illuminate\Pipeline\Pipeline.php:180
#42 \vendor\laravel\framework\src\Illuminate\Cookie\Middleware\EncryptCookies.php:67
#43 \vendor\laravel\framework\src\Illuminate\Pipeline\Pipeline.php:180
#44 \vendor\laravel\framework\src\Illuminate\Pipeline\Pipeline.php:116
#45 \vendor\laravel\framework\src\Illuminate\Routing\Router.php:799
#46 \vendor\laravel\framework\src\Illuminate\Routing\Router.php:776
#47 \vendor\laravel\framework\src\Illuminate\Routing\Router.php:740
#48 \vendor\laravel\framework\src\Illuminate\Routing\Router.php:729
#49 \vendor\laravel\framework\src\Illuminate\Foundation\Http\Kernel.php:190
  
[2024-04-15 01:23:41] local.INFO: Detected N+1 Query  
[2024-04-15 01:23:41] local.INFO: Model: App\Models\CompanyLevel
Relation: App\Models\Companies
Num-Called: 3
Call-Stack:
#20 \vendor\livewire\livewire\src\HydrationMiddleware\HydratePublicProperties.php:175
#21 \vendor\livewire\livewire\src\HydrationMiddleware\HydratePublicProperties.php:60
#22 \vendor\livewire\livewire\src\LifecycleManager.php:89
#23 \vendor\livewire\livewire\src\Connection\ConnectionHandler.php:13
#24 \vendor\livewire\livewire\src\Controllers\HttpConnectionHandler.php:21
#25 \vendor\laravel\framework\src\Illuminate\Routing\ControllerDispatcher.php:46
#26 \vendor\laravel\framework\src\Illuminate\Routing\Route.php:260
#27 \vendor\laravel\framework\src\Illuminate\Routing\Route.php:205
#28 \vendor\laravel\framework\src\Illuminate\Routing\Router.php:798
#29 \vendor\laravel\framework\src\Illuminate\Pipeline\Pipeline.php:141
#30 \app\Http\Middleware\Localization.php:23
#31 \vendor\laravel\framework\src\Illuminate\Pipeline\Pipeline.php:180
#32 \vendor\laravel\framework\src\Illuminate\Routing\Middleware\SubstituteBindings.php:50
#33 \vendor\laravel\framework\src\Illuminate\Pipeline\Pipeline.php:180
#34 \vendor\laravel\framework\src\Illuminate\Foundation\Http\Middleware\VerifyCsrfToken.php:78
#35 \vendor\laravel\framework\src\Illuminate\Pipeline\Pipeline.php:180
#36 \vendor\laravel\framework\src\Illuminate\View\Middleware\ShareErrorsFromSession.php:49
#37 \vendor\laravel\framework\src\Illuminate\Pipeline\Pipeline.php:180
#38 \vendor\laravel\framework\src\Illuminate\Session\Middleware\StartSession.php:121
#39 \vendor\laravel\framework\src\Illuminate\Session\Middleware\StartSession.php:64
#40 \vendor\laravel\framework\src\Illuminate\Pipeline\Pipeline.php:180
#41 \vendor\laravel\framework\src\Illuminate\Cookie\Middleware\AddQueuedCookiesToResponse.php:37
#42 \vendor\laravel\framework\src\Illuminate\Pipeline\Pipeline.php:180
#43 \vendor\laravel\framework\src\Illuminate\Cookie\Middleware\EncryptCookies.php:67
#44 \vendor\laravel\framework\src\Illuminate\Pipeline\Pipeline.php:180
#45 \vendor\laravel\framework\src\Illuminate\Pipeline\Pipeline.php:116
#46 \vendor\laravel\framework\src\Illuminate\Routing\Router.php:799
#47 \vendor\laravel\framework\src\Illuminate\Routing\Router.php:776
#48 \vendor\laravel\framework\src\Illuminate\Routing\Router.php:740
#49 \vendor\laravel\framework\src\Illuminate\Routing\Router.php:729
  
[2024-04-15 01:23:41] local.INFO: Model: App\Models\Workgroup
Relation: App\Models\CompanyLevel
Num-Called: 2
Call-Stack:
#19 \vendor\livewire\livewire\src\HydrationMiddleware\HydratePublicProperties.php:175
#20 \vendor\livewire\livewire\src\HydrationMiddleware\HydratePublicProperties.php:60
#21 \vendor\livewire\livewire\src\LifecycleManager.php:89
#22 \vendor\livewire\livewire\src\Connection\ConnectionHandler.php:13
#23 \vendor\livewire\livewire\src\Controllers\HttpConnectionHandler.php:21
#24 \vendor\laravel\framework\src\Illuminate\Routing\ControllerDispatcher.php:46
#25 \vendor\laravel\framework\src\Illuminate\Routing\Route.php:260
#26 \vendor\laravel\framework\src\Illuminate\Routing\Route.php:205
#27 \vendor\laravel\framework\src\Illuminate\Routing\Router.php:798
#28 \vendor\laravel\framework\src\Illuminate\Pipeline\Pipeline.php:141
#29 \app\Http\Middleware\Localization.php:23
#30 \vendor\laravel\framework\src\Illuminate\Pipeline\Pipeline.php:180
#31 \vendor\laravel\framework\src\Illuminate\Routing\Middleware\SubstituteBindings.php:50
#32 \vendor\laravel\framework\src\Illuminate\Pipeline\Pipeline.php:180
#33 \vendor\laravel\framework\src\Illuminate\Foundation\Http\Middleware\VerifyCsrfToken.php:78
#34 \vendor\laravel\framework\src\Illuminate\Pipeline\Pipeline.php:180
#35 \vendor\laravel\framework\src\Illuminate\View\Middleware\ShareErrorsFromSession.php:49
#36 \vendor\laravel\framework\src\Illuminate\Pipeline\Pipeline.php:180
#37 \vendor\laravel\framework\src\Illuminate\Session\Middleware\StartSession.php:121
#38 \vendor\laravel\framework\src\Illuminate\Session\Middleware\StartSession.php:64
#39 \vendor\laravel\framework\src\Illuminate\Pipeline\Pipeline.php:180
#40 \vendor\laravel\framework\src\Illuminate\Cookie\Middleware\AddQueuedCookiesToResponse.php:37
#41 \vendor\laravel\framework\src\Illuminate\Pipeline\Pipeline.php:180
#42 \vendor\laravel\framework\src\Illuminate\Cookie\Middleware\EncryptCookies.php:67
#43 \vendor\laravel\framework\src\Illuminate\Pipeline\Pipeline.php:180
#44 \vendor\laravel\framework\src\Illuminate\Pipeline\Pipeline.php:116
#45 \vendor\laravel\framework\src\Illuminate\Routing\Router.php:799
#46 \vendor\laravel\framework\src\Illuminate\Routing\Router.php:776
#47 \vendor\laravel\framework\src\Illuminate\Routing\Router.php:740
#48 \vendor\laravel\framework\src\Illuminate\Routing\Router.php:729
#49 \vendor\laravel\framework\src\Illuminate\Foundation\Http\Kernel.php:190
  
[2024-04-15 01:23:42] local.INFO: Detected N+1 Query  
[2024-04-15 01:23:42] local.INFO: Model: App\Models\CompanyLevel
Relation: App\Models\Companies
Num-Called: 3
Call-Stack:
#20 \vendor\livewire\livewire\src\HydrationMiddleware\HydratePublicProperties.php:175
#21 \vendor\livewire\livewire\src\HydrationMiddleware\HydratePublicProperties.php:60
#22 \vendor\livewire\livewire\src\LifecycleManager.php:89
#23 \vendor\livewire\livewire\src\Connection\ConnectionHandler.php:13
#24 \vendor\livewire\livewire\src\Controllers\HttpConnectionHandler.php:21
#25 \vendor\laravel\framework\src\Illuminate\Routing\ControllerDispatcher.php:46
#26 \vendor\laravel\framework\src\Illuminate\Routing\Route.php:260
#27 \vendor\laravel\framework\src\Illuminate\Routing\Route.php:205
#28 \vendor\laravel\framework\src\Illuminate\Routing\Router.php:798
#29 \vendor\laravel\framework\src\Illuminate\Pipeline\Pipeline.php:141
#30 \app\Http\Middleware\Localization.php:23
#31 \vendor\laravel\framework\src\Illuminate\Pipeline\Pipeline.php:180
#32 \vendor\laravel\framework\src\Illuminate\Routing\Middleware\SubstituteBindings.php:50
#33 \vendor\laravel\framework\src\Illuminate\Pipeline\Pipeline.php:180
#34 \vendor\laravel\framework\src\Illuminate\Foundation\Http\Middleware\VerifyCsrfToken.php:78
#35 \vendor\laravel\framework\src\Illuminate\Pipeline\Pipeline.php:180
#36 \vendor\laravel\framework\src\Illuminate\View\Middleware\ShareErrorsFromSession.php:49
#37 \vendor\laravel\framework\src\Illuminate\Pipeline\Pipeline.php:180
#38 \vendor\laravel\framework\src\Illuminate\Session\Middleware\StartSession.php:121
#39 \vendor\laravel\framework\src\Illuminate\Session\Middleware\StartSession.php:64
#40 \vendor\laravel\framework\src\Illuminate\Pipeline\Pipeline.php:180
#41 \vendor\laravel\framework\src\Illuminate\Cookie\Middleware\AddQueuedCookiesToResponse.php:37
#42 \vendor\laravel\framework\src\Illuminate\Pipeline\Pipeline.php:180
#43 \vendor\laravel\framework\src\Illuminate\Cookie\Middleware\EncryptCookies.php:67
#44 \vendor\laravel\framework\src\Illuminate\Pipeline\Pipeline.php:180
#45 \vendor\laravel\framework\src\Illuminate\Pipeline\Pipeline.php:116
#46 \vendor\laravel\framework\src\Illuminate\Routing\Router.php:799
#47 \vendor\laravel\framework\src\Illuminate\Routing\Router.php:776
#48 \vendor\laravel\framework\src\Illuminate\Routing\Router.php:740
#49 \vendor\laravel\framework\src\Illuminate\Routing\Router.php:729
  
[2024-04-15 01:23:42] local.INFO: Model: App\Models\Workgroup
Relation: App\Models\CompanyLevel
Num-Called: 2
Call-Stack:
#19 \vendor\livewire\livewire\src\HydrationMiddleware\HydratePublicProperties.php:175
#20 \vendor\livewire\livewire\src\HydrationMiddleware\HydratePublicProperties.php:60
#21 \vendor\livewire\livewire\src\LifecycleManager.php:89
#22 \vendor\livewire\livewire\src\Connection\ConnectionHandler.php:13
#23 \vendor\livewire\livewire\src\Controllers\HttpConnectionHandler.php:21
#24 \vendor\laravel\framework\src\Illuminate\Routing\ControllerDispatcher.php:46
#25 \vendor\laravel\framework\src\Illuminate\Routing\Route.php:260
#26 \vendor\laravel\framework\src\Illuminate\Routing\Route.php:205
#27 \vendor\laravel\framework\src\Illuminate\Routing\Router.php:798
#28 \vendor\laravel\framework\src\Illuminate\Pipeline\Pipeline.php:141
#29 \app\Http\Middleware\Localization.php:23
#30 \vendor\laravel\framework\src\Illuminate\Pipeline\Pipeline.php:180
#31 \vendor\laravel\framework\src\Illuminate\Routing\Middleware\SubstituteBindings.php:50
#32 \vendor\laravel\framework\src\Illuminate\Pipeline\Pipeline.php:180
#33 \vendor\laravel\framework\src\Illuminate\Foundation\Http\Middleware\VerifyCsrfToken.php:78
#34 \vendor\laravel\framework\src\Illuminate\Pipeline\Pipeline.php:180
#35 \vendor\laravel\framework\src\Illuminate\View\Middleware\ShareErrorsFromSession.php:49
#36 \vendor\laravel\framework\src\Illuminate\Pipeline\Pipeline.php:180
#37 \vendor\laravel\framework\src\Illuminate\Session\Middleware\StartSession.php:121
#38 \vendor\laravel\framework\src\Illuminate\Session\Middleware\StartSession.php:64
#39 \vendor\laravel\framework\src\Illuminate\Pipeline\Pipeline.php:180
#40 \vendor\laravel\framework\src\Illuminate\Cookie\Middleware\AddQueuedCookiesToResponse.php:37
#41 \vendor\laravel\framework\src\Illuminate\Pipeline\Pipeline.php:180
#42 \vendor\laravel\framework\src\Illuminate\Cookie\Middleware\EncryptCookies.php:67
#43 \vendor\laravel\framework\src\Illuminate\Pipeline\Pipeline.php:180
#44 \vendor\laravel\framework\src\Illuminate\Pipeline\Pipeline.php:116
#45 \vendor\laravel\framework\src\Illuminate\Routing\Router.php:799
#46 \vendor\laravel\framework\src\Illuminate\Routing\Router.php:776
#47 \vendor\laravel\framework\src\Illuminate\Routing\Router.php:740
#48 \vendor\laravel\framework\src\Illuminate\Routing\Router.php:729
#49 \vendor\laravel\framework\src\Illuminate\Foundation\Http\Kernel.php:190
  
[2024-04-15 01:23:44] local.INFO: Detected N+1 Query  
[2024-04-15 01:23:44] local.INFO: Model: App\Models\CompanyLevel
Relation: App\Models\Companies
Num-Called: 3
Call-Stack:
#20 \vendor\livewire\livewire\src\HydrationMiddleware\HydratePublicProperties.php:175
#21 \vendor\livewire\livewire\src\HydrationMiddleware\HydratePublicProperties.php:60
#22 \vendor\livewire\livewire\src\LifecycleManager.php:89
#23 \vendor\livewire\livewire\src\Connection\ConnectionHandler.php:13
#24 \vendor\livewire\livewire\src\Controllers\HttpConnectionHandler.php:21
#25 \vendor\laravel\framework\src\Illuminate\Routing\ControllerDispatcher.php:46
#26 \vendor\laravel\framework\src\Illuminate\Routing\Route.php:260
#27 \vendor\laravel\framework\src\Illuminate\Routing\Route.php:205
#28 \vendor\laravel\framework\src\Illuminate\Routing\Router.php:798
#29 \vendor\laravel\framework\src\Illuminate\Pipeline\Pipeline.php:141
#30 \app\Http\Middleware\Localization.php:23
#31 \vendor\laravel\framework\src\Illuminate\Pipeline\Pipeline.php:180
#32 \vendor\laravel\framework\src\Illuminate\Routing\Middleware\SubstituteBindings.php:50
#33 \vendor\laravel\framework\src\Illuminate\Pipeline\Pipeline.php:180
#34 \vendor\laravel\framework\src\Illuminate\Foundation\Http\Middleware\VerifyCsrfToken.php:78
#35 \vendor\laravel\framework\src\Illuminate\Pipeline\Pipeline.php:180
#36 \vendor\laravel\framework\src\Illuminate\View\Middleware\ShareErrorsFromSession.php:49
#37 \vendor\laravel\framework\src\Illuminate\Pipeline\Pipeline.php:180
#38 \vendor\laravel\framework\src\Illuminate\Session\Middleware\StartSession.php:121
#39 \vendor\laravel\framework\src\Illuminate\Session\Middleware\StartSession.php:64
#40 \vendor\laravel\framework\src\Illuminate\Pipeline\Pipeline.php:180
#41 \vendor\laravel\framework\src\Illuminate\Cookie\Middleware\AddQueuedCookiesToResponse.php:37
#42 \vendor\laravel\framework\src\Illuminate\Pipeline\Pipeline.php:180
#43 \vendor\laravel\framework\src\Illuminate\Cookie\Middleware\EncryptCookies.php:67
#44 \vendor\laravel\framework\src\Illuminate\Pipeline\Pipeline.php:180
#45 \vendor\laravel\framework\src\Illuminate\Pipeline\Pipeline.php:116
#46 \vendor\laravel\framework\src\Illuminate\Routing\Router.php:799
#47 \vendor\laravel\framework\src\Illuminate\Routing\Router.php:776
#48 \vendor\laravel\framework\src\Illuminate\Routing\Router.php:740
#49 \vendor\laravel\framework\src\Illuminate\Routing\Router.php:729
  
[2024-04-15 01:23:44] local.INFO: Model: App\Models\Workgroup
Relation: App\Models\CompanyLevel
Num-Called: 2
Call-Stack:
#19 \vendor\livewire\livewire\src\HydrationMiddleware\HydratePublicProperties.php:175
#20 \vendor\livewire\livewire\src\HydrationMiddleware\HydratePublicProperties.php:60
#21 \vendor\livewire\livewire\src\LifecycleManager.php:89
#22 \vendor\livewire\livewire\src\Connection\ConnectionHandler.php:13
#23 \vendor\livewire\livewire\src\Controllers\HttpConnectionHandler.php:21
#24 \vendor\laravel\framework\src\Illuminate\Routing\ControllerDispatcher.php:46
#25 \vendor\laravel\framework\src\Illuminate\Routing\Route.php:260
#26 \vendor\laravel\framework\src\Illuminate\Routing\Route.php:205
#27 \vendor\laravel\framework\src\Illuminate\Routing\Router.php:798
#28 \vendor\laravel\framework\src\Illuminate\Pipeline\Pipeline.php:141
#29 \app\Http\Middleware\Localization.php:23
#30 \vendor\laravel\framework\src\Illuminate\Pipeline\Pipeline.php:180
#31 \vendor\laravel\framework\src\Illuminate\Routing\Middleware\SubstituteBindings.php:50
#32 \vendor\laravel\framework\src\Illuminate\Pipeline\Pipeline.php:180
#33 \vendor\laravel\framework\src\Illuminate\Foundation\Http\Middleware\VerifyCsrfToken.php:78
#34 \vendor\laravel\framework\src\Illuminate\Pipeline\Pipeline.php:180
#35 \vendor\laravel\framework\src\Illuminate\View\Middleware\ShareErrorsFromSession.php:49
#36 \vendor\laravel\framework\src\Illuminate\Pipeline\Pipeline.php:180
#37 \vendor\laravel\framework\src\Illuminate\Session\Middleware\StartSession.php:121
#38 \vendor\laravel\framework\src\Illuminate\Session\Middleware\StartSession.php:64
#39 \vendor\laravel\framework\src\Illuminate\Pipeline\Pipeline.php:180
#40 \vendor\laravel\framework\src\Illuminate\Cookie\Middleware\AddQueuedCookiesToResponse.php:37
#41 \vendor\laravel\framework\src\Illuminate\Pipeline\Pipeline.php:180
#42 \vendor\laravel\framework\src\Illuminate\Cookie\Middleware\EncryptCookies.php:67
#43 \vendor\laravel\framework\src\Illuminate\Pipeline\Pipeline.php:180
#44 \vendor\laravel\framework\src\Illuminate\Pipeline\Pipeline.php:116
#45 \vendor\laravel\framework\src\Illuminate\Routing\Router.php:799
#46 \vendor\laravel\framework\src\Illuminate\Routing\Router.php:776
#47 \vendor\laravel\framework\src\Illuminate\Routing\Router.php:740
#48 \vendor\laravel\framework\src\Illuminate\Routing\Router.php:729
#49 \vendor\laravel\framework\src\Illuminate\Foundation\Http\Kernel.php:190
  
[2024-04-15 01:23:44] local.INFO: Model: App\Models\Workgroup
Relation: companyLevel
Num-Called: 3
Call-Stack:
#18 \storage\framework\views\63ce8b88bbc353b921a062020db17b9f9613a1a0.php:79
#20 \vendor\livewire\livewire\src\ComponentConcerns\RendersLivewireComponents.php:84
#21 \vendor\livewire\livewire\src\ComponentConcerns\RendersLivewireComponents.php:59
#22 \vendor\laravel\framework\src\Illuminate\View\View.php:195
#23 \vendor\laravel\framework\src\Illuminate\View\View.php:178
#24 \vendor\laravel\framework\src\Illuminate\View\View.php:147
#25 \storage\framework\views\9c739e54b3f024f4b4d90e5fd6143ed0c6256430.php:250
#27 \vendor\livewire\livewire\src\ComponentConcerns\RendersLivewireComponents.php:84
#28 \vendor\livewire\livewire\src\ComponentConcerns\RendersLivewireComponents.php:59
#29 \vendor\laravel\framework\src\Illuminate\View\View.php:195
#30 \vendor\laravel\framework\src\Illuminate\View\View.php:178
#31 \vendor\laravel\framework\src\Illuminate\View\View.php:147
#32 \vendor\livewire\livewire\src\Component.php:235
#33 \vendor\livewire\livewire\src\HydrationMiddleware\RenderView.php:14
#34 \vendor\livewire\livewire\src\LifecycleManager.php:154
#35 \vendor\livewire\livewire\src\Connection\ConnectionHandler.php:15
#36 \vendor\livewire\livewire\src\Controllers\HttpConnectionHandler.php:21
#37 \vendor\laravel\framework\src\Illuminate\Routing\ControllerDispatcher.php:46
#38 \vendor\laravel\framework\src\Illuminate\Routing\Route.php:260
#39 \vendor\laravel\framework\src\Illuminate\Routing\Route.php:205
#40 \vendor\laravel\framework\src\Illuminate\Routing\Router.php:798
#41 \vendor\laravel\framework\src\Illuminate\Pipeline\Pipeline.php:141
#42 \app\Http\Middleware\Localization.php:23
#43 \vendor\laravel\framework\src\Illuminate\Pipeline\Pipeline.php:180
#44 \vendor\laravel\framework\src\Illuminate\Routing\Middleware\SubstituteBindings.php:50
#45 \vendor\laravel\framework\src\Illuminate\Pipeline\Pipeline.php:180
#46 \vendor\laravel\framework\src\Illuminate\Foundation\Http\Middleware\VerifyCsrfToken.php:78
#47 \vendor\laravel\framework\src\Illuminate\Pipeline\Pipeline.php:180
#48 \vendor\laravel\framework\src\Illuminate\View\Middleware\ShareErrorsFromSession.php:49
#49 \vendor\laravel\framework\src\Illuminate\Pipeline\Pipeline.php:180
  
[2024-04-15 01:23:44] local.INFO: Model: App\Models\CompanyLevel
Relation: BussinessUnit
Num-Called: 3
Call-Stack:
#18 \storage\framework\views\63ce8b88bbc353b921a062020db17b9f9613a1a0.php:79
#20 \vendor\livewire\livewire\src\ComponentConcerns\RendersLivewireComponents.php:84
#21 \vendor\livewire\livewire\src\ComponentConcerns\RendersLivewireComponents.php:59
#22 \vendor\laravel\framework\src\Illuminate\View\View.php:195
#23 \vendor\laravel\framework\src\Illuminate\View\View.php:178
#24 \vendor\laravel\framework\src\Illuminate\View\View.php:147
#25 \storage\framework\views\9c739e54b3f024f4b4d90e5fd6143ed0c6256430.php:250
#27 \vendor\livewire\livewire\src\ComponentConcerns\RendersLivewireComponents.php:84
#28 \vendor\livewire\livewire\src\ComponentConcerns\RendersLivewireComponents.php:59
#29 \vendor\laravel\framework\src\Illuminate\View\View.php:195
#30 \vendor\laravel\framework\src\Illuminate\View\View.php:178
#31 \vendor\laravel\framework\src\Illuminate\View\View.php:147
#32 \vendor\livewire\livewire\src\Component.php:235
#33 \vendor\livewire\livewire\src\HydrationMiddleware\RenderView.php:14
#34 \vendor\livewire\livewire\src\LifecycleManager.php:154
#35 \vendor\livewire\livewire\src\Connection\ConnectionHandler.php:15
#36 \vendor\livewire\livewire\src\Controllers\HttpConnectionHandler.php:21
#37 \vendor\laravel\framework\src\Illuminate\Routing\ControllerDispatcher.php:46
#38 \vendor\laravel\framework\src\Illuminate\Routing\Route.php:260
#39 \vendor\laravel\framework\src\Illuminate\Routing\Route.php:205
#40 \vendor\laravel\framework\src\Illuminate\Routing\Router.php:798
#41 \vendor\laravel\framework\src\Illuminate\Pipeline\Pipeline.php:141
#42 \app\Http\Middleware\Localization.php:23
#43 \vendor\laravel\framework\src\Illuminate\Pipeline\Pipeline.php:180
#44 \vendor\laravel\framework\src\Illuminate\Routing\Middleware\SubstituteBindings.php:50
#45 \vendor\laravel\framework\src\Illuminate\Pipeline\Pipeline.php:180
#46 \vendor\laravel\framework\src\Illuminate\Foundation\Http\Middleware\VerifyCsrfToken.php:78
#47 \vendor\laravel\framework\src\Illuminate\Pipeline\Pipeline.php:180
#48 \vendor\laravel\framework\src\Illuminate\View\Middleware\ShareErrorsFromSession.php:49
#49 \vendor\laravel\framework\src\Illuminate\Pipeline\Pipeline.php:180
  
[2024-04-15 01:23:47] local.INFO: Detected N+1 Query  
[2024-04-15 01:23:47] local.INFO: Model: App\Models\CompanyLevel
Relation: App\Models\Companies
Num-Called: 3
Call-Stack:
#20 \vendor\livewire\livewire\src\HydrationMiddleware\HydratePublicProperties.php:175
#21 \vendor\livewire\livewire\src\HydrationMiddleware\HydratePublicProperties.php:60
#22 \vendor\livewire\livewire\src\LifecycleManager.php:89
#23 \vendor\livewire\livewire\src\Connection\ConnectionHandler.php:13
#24 \vendor\livewire\livewire\src\Controllers\HttpConnectionHandler.php:21
#25 \vendor\laravel\framework\src\Illuminate\Routing\ControllerDispatcher.php:46
#26 \vendor\laravel\framework\src\Illuminate\Routing\Route.php:260
#27 \vendor\laravel\framework\src\Illuminate\Routing\Route.php:205
#28 \vendor\laravel\framework\src\Illuminate\Routing\Router.php:798
#29 \vendor\laravel\framework\src\Illuminate\Pipeline\Pipeline.php:141
#30 \app\Http\Middleware\Localization.php:23
#31 \vendor\laravel\framework\src\Illuminate\Pipeline\Pipeline.php:180
#32 \vendor\laravel\framework\src\Illuminate\Routing\Middleware\SubstituteBindings.php:50
#33 \vendor\laravel\framework\src\Illuminate\Pipeline\Pipeline.php:180
#34 \vendor\laravel\framework\src\Illuminate\Foundation\Http\Middleware\VerifyCsrfToken.php:78
#35 \vendor\laravel\framework\src\Illuminate\Pipeline\Pipeline.php:180
#36 \vendor\laravel\framework\src\Illuminate\View\Middleware\ShareErrorsFromSession.php:49
#37 \vendor\laravel\framework\src\Illuminate\Pipeline\Pipeline.php:180
#38 \vendor\laravel\framework\src\Illuminate\Session\Middleware\StartSession.php:121
#39 \vendor\laravel\framework\src\Illuminate\Session\Middleware\StartSession.php:64
#40 \vendor\laravel\framework\src\Illuminate\Pipeline\Pipeline.php:180
#41 \vendor\laravel\framework\src\Illuminate\Cookie\Middleware\AddQueuedCookiesToResponse.php:37
#42 \vendor\laravel\framework\src\Illuminate\Pipeline\Pipeline.php:180
#43 \vendor\laravel\framework\src\Illuminate\Cookie\Middleware\EncryptCookies.php:67
#44 \vendor\laravel\framework\src\Illuminate\Pipeline\Pipeline.php:180
#45 \vendor\laravel\framework\src\Illuminate\Pipeline\Pipeline.php:116
#46 \vendor\laravel\framework\src\Illuminate\Routing\Router.php:799
#47 \vendor\laravel\framework\src\Illuminate\Routing\Router.php:776
#48 \vendor\laravel\framework\src\Illuminate\Routing\Router.php:740
#49 \vendor\laravel\framework\src\Illuminate\Routing\Router.php:729
  
[2024-04-15 01:23:47] local.INFO: Model: App\Models\Workgroup
Relation: App\Models\CompanyLevel
Num-Called: 2
Call-Stack:
#19 \vendor\livewire\livewire\src\HydrationMiddleware\HydratePublicProperties.php:175
#20 \vendor\livewire\livewire\src\HydrationMiddleware\HydratePublicProperties.php:60
#21 \vendor\livewire\livewire\src\LifecycleManager.php:89
#22 \vendor\livewire\livewire\src\Connection\ConnectionHandler.php:13
#23 \vendor\livewire\livewire\src\Controllers\HttpConnectionHandler.php:21
#24 \vendor\laravel\framework\src\Illuminate\Routing\ControllerDispatcher.php:46
#25 \vendor\laravel\framework\src\Illuminate\Routing\Route.php:260
#26 \vendor\laravel\framework\src\Illuminate\Routing\Route.php:205
#27 \vendor\laravel\framework\src\Illuminate\Routing\Router.php:798
#28 \vendor\laravel\framework\src\Illuminate\Pipeline\Pipeline.php:141
#29 \app\Http\Middleware\Localization.php:23
#30 \vendor\laravel\framework\src\Illuminate\Pipeline\Pipeline.php:180
#31 \vendor\laravel\framework\src\Illuminate\Routing\Middleware\SubstituteBindings.php:50
#32 \vendor\laravel\framework\src\Illuminate\Pipeline\Pipeline.php:180
#33 \vendor\laravel\framework\src\Illuminate\Foundation\Http\Middleware\VerifyCsrfToken.php:78
#34 \vendor\laravel\framework\src\Illuminate\Pipeline\Pipeline.php:180
#35 \vendor\laravel\framework\src\Illuminate\View\Middleware\ShareErrorsFromSession.php:49
#36 \vendor\laravel\framework\src\Illuminate\Pipeline\Pipeline.php:180
#37 \vendor\laravel\framework\src\Illuminate\Session\Middleware\StartSession.php:121
#38 \vendor\laravel\framework\src\Illuminate\Session\Middleware\StartSession.php:64
#39 \vendor\laravel\framework\src\Illuminate\Pipeline\Pipeline.php:180
#40 \vendor\laravel\framework\src\Illuminate\Cookie\Middleware\AddQueuedCookiesToResponse.php:37
#41 \vendor\laravel\framework\src\Illuminate\Pipeline\Pipeline.php:180
#42 \vendor\laravel\framework\src\Illuminate\Cookie\Middleware\EncryptCookies.php:67
#43 \vendor\laravel\framework\src\Illuminate\Pipeline\Pipeline.php:180
#44 \vendor\laravel\framework\src\Illuminate\Pipeline\Pipeline.php:116
#45 \vendor\laravel\framework\src\Illuminate\Routing\Router.php:799
#46 \vendor\laravel\framework\src\Illuminate\Routing\Router.php:776
#47 \vendor\laravel\framework\src\Illuminate\Routing\Router.php:740
#48 \vendor\laravel\framework\src\Illuminate\Routing\Router.php:729
#49 \vendor\laravel\framework\src\Illuminate\Foundation\Http\Kernel.php:190
  
[2024-04-15 01:23:53] local.INFO: Detected N+1 Query  
[2024-04-15 01:23:53] local.INFO: Model: App\Models\CompanyLevel
Relation: App\Models\Companies
Num-Called: 3
Call-Stack:
#20 \vendor\livewire\livewire\src\HydrationMiddleware\HydratePublicProperties.php:175
#21 \vendor\livewire\livewire\src\HydrationMiddleware\HydratePublicProperties.php:60
#22 \vendor\livewire\livewire\src\LifecycleManager.php:89
#23 \vendor\livewire\livewire\src\Connection\ConnectionHandler.php:13
#24 \vendor\livewire\livewire\src\Controllers\HttpConnectionHandler.php:21
#25 \vendor\laravel\framework\src\Illuminate\Routing\ControllerDispatcher.php:46
#26 \vendor\laravel\framework\src\Illuminate\Routing\Route.php:260
#27 \vendor\laravel\framework\src\Illuminate\Routing\Route.php:205
#28 \vendor\laravel\framework\src\Illuminate\Routing\Router.php:798
#29 \vendor\laravel\framework\src\Illuminate\Pipeline\Pipeline.php:141
#30 \app\Http\Middleware\Localization.php:23
#31 \vendor\laravel\framework\src\Illuminate\Pipeline\Pipeline.php:180
#32 \vendor\laravel\framework\src\Illuminate\Routing\Middleware\SubstituteBindings.php:50
#33 \vendor\laravel\framework\src\Illuminate\Pipeline\Pipeline.php:180
#34 \vendor\laravel\framework\src\Illuminate\Foundation\Http\Middleware\VerifyCsrfToken.php:78
#35 \vendor\laravel\framework\src\Illuminate\Pipeline\Pipeline.php:180
#36 \vendor\laravel\framework\src\Illuminate\View\Middleware\ShareErrorsFromSession.php:49
#37 \vendor\laravel\framework\src\Illuminate\Pipeline\Pipeline.php:180
#38 \vendor\laravel\framework\src\Illuminate\Session\Middleware\StartSession.php:121
#39 \vendor\laravel\framework\src\Illuminate\Session\Middleware\StartSession.php:64
#40 \vendor\laravel\framework\src\Illuminate\Pipeline\Pipeline.php:180
#41 \vendor\laravel\framework\src\Illuminate\Cookie\Middleware\AddQueuedCookiesToResponse.php:37
#42 \vendor\laravel\framework\src\Illuminate\Pipeline\Pipeline.php:180
#43 \vendor\laravel\framework\src\Illuminate\Cookie\Middleware\EncryptCookies.php:67
#44 \vendor\laravel\framework\src\Illuminate\Pipeline\Pipeline.php:180
#45 \vendor\laravel\framework\src\Illuminate\Pipeline\Pipeline.php:116
#46 \vendor\laravel\framework\src\Illuminate\Routing\Router.php:799
#47 \vendor\laravel\framework\src\Illuminate\Routing\Router.php:776
#48 \vendor\laravel\framework\src\Illuminate\Routing\Router.php:740
#49 \vendor\laravel\framework\src\Illuminate\Routing\Router.php:729
  
[2024-04-15 01:23:53] local.INFO: Model: App\Models\Workgroup
Relation: App\Models\CompanyLevel
Num-Called: 2
Call-Stack:
#19 \vendor\livewire\livewire\src\HydrationMiddleware\HydratePublicProperties.php:175
#20 \vendor\livewire\livewire\src\HydrationMiddleware\HydratePublicProperties.php:60
#21 \vendor\livewire\livewire\src\LifecycleManager.php:89
#22 \vendor\livewire\livewire\src\Connection\ConnectionHandler.php:13
#23 \vendor\livewire\livewire\src\Controllers\HttpConnectionHandler.php:21
#24 \vendor\laravel\framework\src\Illuminate\Routing\ControllerDispatcher.php:46
#25 \vendor\laravel\framework\src\Illuminate\Routing\Route.php:260
#26 \vendor\laravel\framework\src\Illuminate\Routing\Route.php:205
#27 \vendor\laravel\framework\src\Illuminate\Routing\Router.php:798
#28 \vendor\laravel\framework\src\Illuminate\Pipeline\Pipeline.php:141
#29 \app\Http\Middleware\Localization.php:23
#30 \vendor\laravel\framework\src\Illuminate\Pipeline\Pipeline.php:180
#31 \vendor\laravel\framework\src\Illuminate\Routing\Middleware\SubstituteBindings.php:50
#32 \vendor\laravel\framework\src\Illuminate\Pipeline\Pipeline.php:180
#33 \vendor\laravel\framework\src\Illuminate\Foundation\Http\Middleware\VerifyCsrfToken.php:78
#34 \vendor\laravel\framework\src\Illuminate\Pipeline\Pipeline.php:180
#35 \vendor\laravel\framework\src\Illuminate\View\Middleware\ShareErrorsFromSession.php:49
#36 \vendor\laravel\framework\src\Illuminate\Pipeline\Pipeline.php:180
#37 \vendor\laravel\framework\src\Illuminate\Session\Middleware\StartSession.php:121
#38 \vendor\laravel\framework\src\Illuminate\Session\Middleware\StartSession.php:64
#39 \vendor\laravel\framework\src\Illuminate\Pipeline\Pipeline.php:180
#40 \vendor\laravel\framework\src\Illuminate\Cookie\Middleware\AddQueuedCookiesToResponse.php:37
#41 \vendor\laravel\framework\src\Illuminate\Pipeline\Pipeline.php:180
#42 \vendor\laravel\framework\src\Illuminate\Cookie\Middleware\EncryptCookies.php:67
#43 \vendor\laravel\framework\src\Illuminate\Pipeline\Pipeline.php:180
#44 \vendor\laravel\framework\src\Illuminate\Pipeline\Pipeline.php:116
#45 \vendor\laravel\framework\src\Illuminate\Routing\Router.php:799
#46 \vendor\laravel\framework\src\Illuminate\Routing\Router.php:776
#47 \vendor\laravel\framework\src\Illuminate\Routing\Router.php:740
#48 \vendor\laravel\framework\src\Illuminate\Routing\Router.php:729
#49 \vendor\laravel\framework\src\Illuminate\Foundation\Http\Kernel.php:190
  
[2024-04-15 01:24:57] local.INFO: Detected N+1 Query  
[2024-04-15 01:24:57] local.INFO: Model: App\Models\CompanyLevel
Relation: App\Models\Companies
Num-Called: 3
Call-Stack:
#20 \vendor\livewire\livewire\src\HydrationMiddleware\HydratePublicProperties.php:175
#21 \vendor\livewire\livewire\src\HydrationMiddleware\HydratePublicProperties.php:60
#22 \vendor\livewire\livewire\src\LifecycleManager.php:89
#23 \vendor\livewire\livewire\src\Connection\ConnectionHandler.php:13
#24 \vendor\livewire\livewire\src\Controllers\HttpConnectionHandler.php:21
#25 \vendor\laravel\framework\src\Illuminate\Routing\ControllerDispatcher.php:46
#26 \vendor\laravel\framework\src\Illuminate\Routing\Route.php:260
#27 \vendor\laravel\framework\src\Illuminate\Routing\Route.php:205
#28 \vendor\laravel\framework\src\Illuminate\Routing\Router.php:798
#29 \vendor\laravel\framework\src\Illuminate\Pipeline\Pipeline.php:141
#30 \app\Http\Middleware\Localization.php:23
#31 \vendor\laravel\framework\src\Illuminate\Pipeline\Pipeline.php:180
#32 \vendor\laravel\framework\src\Illuminate\Routing\Middleware\SubstituteBindings.php:50
#33 \vendor\laravel\framework\src\Illuminate\Pipeline\Pipeline.php:180
#34 \vendor\laravel\framework\src\Illuminate\Foundation\Http\Middleware\VerifyCsrfToken.php:78
#35 \vendor\laravel\framework\src\Illuminate\Pipeline\Pipeline.php:180
#36 \vendor\laravel\framework\src\Illuminate\View\Middleware\ShareErrorsFromSession.php:49
#37 \vendor\laravel\framework\src\Illuminate\Pipeline\Pipeline.php:180
#38 \vendor\laravel\framework\src\Illuminate\Session\Middleware\StartSession.php:121
#39 \vendor\laravel\framework\src\Illuminate\Session\Middleware\StartSession.php:64
#40 \vendor\laravel\framework\src\Illuminate\Pipeline\Pipeline.php:180
#41 \vendor\laravel\framework\src\Illuminate\Cookie\Middleware\AddQueuedCookiesToResponse.php:37
#42 \vendor\laravel\framework\src\Illuminate\Pipeline\Pipeline.php:180
#43 \vendor\laravel\framework\src\Illuminate\Cookie\Middleware\EncryptCookies.php:67
#44 \vendor\laravel\framework\src\Illuminate\Pipeline\Pipeline.php:180
#45 \vendor\laravel\framework\src\Illuminate\Pipeline\Pipeline.php:116
#46 \vendor\laravel\framework\src\Illuminate\Routing\Router.php:799
#47 \vendor\laravel\framework\src\Illuminate\Routing\Router.php:776
#48 \vendor\laravel\framework\src\Illuminate\Routing\Router.php:740
#49 \vendor\laravel\framework\src\Illuminate\Routing\Router.php:729
  
[2024-04-15 01:24:57] local.INFO: Model: App\Models\Workgroup
Relation: App\Models\CompanyLevel
Num-Called: 2
Call-Stack:
#19 \vendor\livewire\livewire\src\HydrationMiddleware\HydratePublicProperties.php:175
#20 \vendor\livewire\livewire\src\HydrationMiddleware\HydratePublicProperties.php:60
#21 \vendor\livewire\livewire\src\LifecycleManager.php:89
#22 \vendor\livewire\livewire\src\Connection\ConnectionHandler.php:13
#23 \vendor\livewire\livewire\src\Controllers\HttpConnectionHandler.php:21
#24 \vendor\laravel\framework\src\Illuminate\Routing\ControllerDispatcher.php:46
#25 \vendor\laravel\framework\src\Illuminate\Routing\Route.php:260
#26 \vendor\laravel\framework\src\Illuminate\Routing\Route.php:205
#27 \vendor\laravel\framework\src\Illuminate\Routing\Router.php:798
#28 \vendor\laravel\framework\src\Illuminate\Pipeline\Pipeline.php:141
#29 \app\Http\Middleware\Localization.php:23
#30 \vendor\laravel\framework\src\Illuminate\Pipeline\Pipeline.php:180
#31 \vendor\laravel\framework\src\Illuminate\Routing\Middleware\SubstituteBindings.php:50
#32 \vendor\laravel\framework\src\Illuminate\Pipeline\Pipeline.php:180
#33 \vendor\laravel\framework\src\Illuminate\Foundation\Http\Middleware\VerifyCsrfToken.php:78
#34 \vendor\laravel\framework\src\Illuminate\Pipeline\Pipeline.php:180
#35 \vendor\laravel\framework\src\Illuminate\View\Middleware\ShareErrorsFromSession.php:49
#36 \vendor\laravel\framework\src\Illuminate\Pipeline\Pipeline.php:180
#37 \vendor\laravel\framework\src\Illuminate\Session\Middleware\StartSession.php:121
#38 \vendor\laravel\framework\src\Illuminate\Session\Middleware\StartSession.php:64
#39 \vendor\laravel\framework\src\Illuminate\Pipeline\Pipeline.php:180
#40 \vendor\laravel\framework\src\Illuminate\Cookie\Middleware\AddQueuedCookiesToResponse.php:37
#41 \vendor\laravel\framework\src\Illuminate\Pipeline\Pipeline.php:180
#42 \vendor\laravel\framework\src\Illuminate\Cookie\Middleware\EncryptCookies.php:67
#43 \vendor\laravel\framework\src\Illuminate\Pipeline\Pipeline.php:180
#44 \vendor\laravel\framework\src\Illuminate\Pipeline\Pipeline.php:116
#45 \vendor\laravel\framework\src\Illuminate\Routing\Router.php:799
#46 \vendor\laravel\framework\src\Illuminate\Routing\Router.php:776
#47 \vendor\laravel\framework\src\Illuminate\Routing\Router.php:740
#48 \vendor\laravel\framework\src\Illuminate\Routing\Router.php:729
#49 \vendor\laravel\framework\src\Illuminate\Foundation\Http\Kernel.php:190
  
[2024-04-15 01:25:03] local.INFO: Detected N+1 Query  
[2024-04-15 01:25:03] local.INFO: Model: App\Models\CompanyLevel
Relation: App\Models\Companies
Num-Called: 3
Call-Stack:
#20 \vendor\livewire\livewire\src\HydrationMiddleware\HydratePublicProperties.php:175
#21 \vendor\livewire\livewire\src\HydrationMiddleware\HydratePublicProperties.php:60
#22 \vendor\livewire\livewire\src\LifecycleManager.php:89
#23 \vendor\livewire\livewire\src\Connection\ConnectionHandler.php:13
#24 \vendor\livewire\livewire\src\Controllers\HttpConnectionHandler.php:21
#25 \vendor\laravel\framework\src\Illuminate\Routing\ControllerDispatcher.php:46
#26 \vendor\laravel\framework\src\Illuminate\Routing\Route.php:260
#27 \vendor\laravel\framework\src\Illuminate\Routing\Route.php:205
#28 \vendor\laravel\framework\src\Illuminate\Routing\Router.php:798
#29 \vendor\laravel\framework\src\Illuminate\Pipeline\Pipeline.php:141
#30 \app\Http\Middleware\Localization.php:23
#31 \vendor\laravel\framework\src\Illuminate\Pipeline\Pipeline.php:180
#32 \vendor\laravel\framework\src\Illuminate\Routing\Middleware\SubstituteBindings.php:50
#33 \vendor\laravel\framework\src\Illuminate\Pipeline\Pipeline.php:180
#34 \vendor\laravel\framework\src\Illuminate\Foundation\Http\Middleware\VerifyCsrfToken.php:78
#35 \vendor\laravel\framework\src\Illuminate\Pipeline\Pipeline.php:180
#36 \vendor\laravel\framework\src\Illuminate\View\Middleware\ShareErrorsFromSession.php:49
#37 \vendor\laravel\framework\src\Illuminate\Pipeline\Pipeline.php:180
#38 \vendor\laravel\framework\src\Illuminate\Session\Middleware\StartSession.php:121
#39 \vendor\laravel\framework\src\Illuminate\Session\Middleware\StartSession.php:64
#40 \vendor\laravel\framework\src\Illuminate\Pipeline\Pipeline.php:180
#41 \vendor\laravel\framework\src\Illuminate\Cookie\Middleware\AddQueuedCookiesToResponse.php:37
#42 \vendor\laravel\framework\src\Illuminate\Pipeline\Pipeline.php:180
#43 \vendor\laravel\framework\src\Illuminate\Cookie\Middleware\EncryptCookies.php:67
#44 \vendor\laravel\framework\src\Illuminate\Pipeline\Pipeline.php:180
#45 \vendor\laravel\framework\src\Illuminate\Pipeline\Pipeline.php:116
#46 \vendor\laravel\framework\src\Illuminate\Routing\Router.php:799
#47 \vendor\laravel\framework\src\Illuminate\Routing\Router.php:776
#48 \vendor\laravel\framework\src\Illuminate\Routing\Router.php:740
#49 \vendor\laravel\framework\src\Illuminate\Routing\Router.php:729
  
[2024-04-15 01:25:03] local.INFO: Model: App\Models\Workgroup
Relation: App\Models\CompanyLevel
Num-Called: 2
Call-Stack:
#19 \vendor\livewire\livewire\src\HydrationMiddleware\HydratePublicProperties.php:175
#20 \vendor\livewire\livewire\src\HydrationMiddleware\HydratePublicProperties.php:60
#21 \vendor\livewire\livewire\src\LifecycleManager.php:89
#22 \vendor\livewire\livewire\src\Connection\ConnectionHandler.php:13
#23 \vendor\livewire\livewire\src\Controllers\HttpConnectionHandler.php:21
#24 \vendor\laravel\framework\src\Illuminate\Routing\ControllerDispatcher.php:46
#25 \vendor\laravel\framework\src\Illuminate\Routing\Route.php:260
#26 \vendor\laravel\framework\src\Illuminate\Routing\Route.php:205
#27 \vendor\laravel\framework\src\Illuminate\Routing\Router.php:798
#28 \vendor\laravel\framework\src\Illuminate\Pipeline\Pipeline.php:141
#29 \app\Http\Middleware\Localization.php:23
#30 \vendor\laravel\framework\src\Illuminate\Pipeline\Pipeline.php:180
#31 \vendor\laravel\framework\src\Illuminate\Routing\Middleware\SubstituteBindings.php:50
#32 \vendor\laravel\framework\src\Illuminate\Pipeline\Pipeline.php:180
#33 \vendor\laravel\framework\src\Illuminate\Foundation\Http\Middleware\VerifyCsrfToken.php:78
#34 \vendor\laravel\framework\src\Illuminate\Pipeline\Pipeline.php:180
#35 \vendor\laravel\framework\src\Illuminate\View\Middleware\ShareErrorsFromSession.php:49
#36 \vendor\laravel\framework\src\Illuminate\Pipeline\Pipeline.php:180
#37 \vendor\laravel\framework\src\Illuminate\Session\Middleware\StartSession.php:121
#38 \vendor\laravel\framework\src\Illuminate\Session\Middleware\StartSession.php:64
#39 \vendor\laravel\framework\src\Illuminate\Pipeline\Pipeline.php:180
#40 \vendor\laravel\framework\src\Illuminate\Cookie\Middleware\AddQueuedCookiesToResponse.php:37
#41 \vendor\laravel\framework\src\Illuminate\Pipeline\Pipeline.php:180
#42 \vendor\laravel\framework\src\Illuminate\Cookie\Middleware\EncryptCookies.php:67
#43 \vendor\laravel\framework\src\Illuminate\Pipeline\Pipeline.php:180
#44 \vendor\laravel\framework\src\Illuminate\Pipeline\Pipeline.php:116
#45 \vendor\laravel\framework\src\Illuminate\Routing\Router.php:799
#46 \vendor\laravel\framework\src\Illuminate\Routing\Router.php:776
#47 \vendor\laravel\framework\src\Illuminate\Routing\Router.php:740
#48 \vendor\laravel\framework\src\Illuminate\Routing\Router.php:729
#49 \vendor\laravel\framework\src\Illuminate\Foundation\Http\Kernel.php:190
  
[2024-04-15 01:25:07] local.INFO: Detected N+1 Query  
[2024-04-15 01:25:07] local.INFO: Model: App\Models\CompanyLevel
Relation: App\Models\Companies
Num-Called: 3
Call-Stack:
#20 \vendor\livewire\livewire\src\HydrationMiddleware\HydratePublicProperties.php:175
#21 \vendor\livewire\livewire\src\HydrationMiddleware\HydratePublicProperties.php:60
#22 \vendor\livewire\livewire\src\LifecycleManager.php:89
#23 \vendor\livewire\livewire\src\Connection\ConnectionHandler.php:13
#24 \vendor\livewire\livewire\src\Controllers\HttpConnectionHandler.php:21
#25 \vendor\laravel\framework\src\Illuminate\Routing\ControllerDispatcher.php:46
#26 \vendor\laravel\framework\src\Illuminate\Routing\Route.php:260
#27 \vendor\laravel\framework\src\Illuminate\Routing\Route.php:205
#28 \vendor\laravel\framework\src\Illuminate\Routing\Router.php:798
#29 \vendor\laravel\framework\src\Illuminate\Pipeline\Pipeline.php:141
#30 \app\Http\Middleware\Localization.php:23
#31 \vendor\laravel\framework\src\Illuminate\Pipeline\Pipeline.php:180
#32 \vendor\laravel\framework\src\Illuminate\Routing\Middleware\SubstituteBindings.php:50
#33 \vendor\laravel\framework\src\Illuminate\Pipeline\Pipeline.php:180
#34 \vendor\laravel\framework\src\Illuminate\Foundation\Http\Middleware\VerifyCsrfToken.php:78
#35 \vendor\laravel\framework\src\Illuminate\Pipeline\Pipeline.php:180
#36 \vendor\laravel\framework\src\Illuminate\View\Middleware\ShareErrorsFromSession.php:49
#37 \vendor\laravel\framework\src\Illuminate\Pipeline\Pipeline.php:180
#38 \vendor\laravel\framework\src\Illuminate\Session\Middleware\StartSession.php:121
#39 \vendor\laravel\framework\src\Illuminate\Session\Middleware\StartSession.php:64
#40 \vendor\laravel\framework\src\Illuminate\Pipeline\Pipeline.php:180
#41 \vendor\laravel\framework\src\Illuminate\Cookie\Middleware\AddQueuedCookiesToResponse.php:37
#42 \vendor\laravel\framework\src\Illuminate\Pipeline\Pipeline.php:180
#43 \vendor\laravel\framework\src\Illuminate\Cookie\Middleware\EncryptCookies.php:67
#44 \vendor\laravel\framework\src\Illuminate\Pipeline\Pipeline.php:180
#45 \vendor\laravel\framework\src\Illuminate\Pipeline\Pipeline.php:116
#46 \vendor\laravel\framework\src\Illuminate\Routing\Router.php:799
#47 \vendor\laravel\framework\src\Illuminate\Routing\Router.php:776
#48 \vendor\laravel\framework\src\Illuminate\Routing\Router.php:740
#49 \vendor\laravel\framework\src\Illuminate\Routing\Router.php:729
  
[2024-04-15 01:25:07] local.INFO: Model: App\Models\Workgroup
Relation: App\Models\CompanyLevel
Num-Called: 2
Call-Stack:
#19 \vendor\livewire\livewire\src\HydrationMiddleware\HydratePublicProperties.php:175
#20 \vendor\livewire\livewire\src\HydrationMiddleware\HydratePublicProperties.php:60
#21 \vendor\livewire\livewire\src\LifecycleManager.php:89
#22 \vendor\livewire\livewire\src\Connection\ConnectionHandler.php:13
#23 \vendor\livewire\livewire\src\Controllers\HttpConnectionHandler.php:21
#24 \vendor\laravel\framework\src\Illuminate\Routing\ControllerDispatcher.php:46
#25 \vendor\laravel\framework\src\Illuminate\Routing\Route.php:260
#26 \vendor\laravel\framework\src\Illuminate\Routing\Route.php:205
#27 \vendor\laravel\framework\src\Illuminate\Routing\Router.php:798
#28 \vendor\laravel\framework\src\Illuminate\Pipeline\Pipeline.php:141
#29 \app\Http\Middleware\Localization.php:23
#30 \vendor\laravel\framework\src\Illuminate\Pipeline\Pipeline.php:180
#31 \vendor\laravel\framework\src\Illuminate\Routing\Middleware\SubstituteBindings.php:50
#32 \vendor\laravel\framework\src\Illuminate\Pipeline\Pipeline.php:180
#33 \vendor\laravel\framework\src\Illuminate\Foundation\Http\Middleware\VerifyCsrfToken.php:78
#34 \vendor\laravel\framework\src\Illuminate\Pipeline\Pipeline.php:180
#35 \vendor\laravel\framework\src\Illuminate\View\Middleware\ShareErrorsFromSession.php:49
#36 \vendor\laravel\framework\src\Illuminate\Pipeline\Pipeline.php:180
#37 \vendor\laravel\framework\src\Illuminate\Session\Middleware\StartSession.php:121
#38 \vendor\laravel\framework\src\Illuminate\Session\Middleware\StartSession.php:64
#39 \vendor\laravel\framework\src\Illuminate\Pipeline\Pipeline.php:180
#40 \vendor\laravel\framework\src\Illuminate\Cookie\Middleware\AddQueuedCookiesToResponse.php:37
#41 \vendor\laravel\framework\src\Illuminate\Pipeline\Pipeline.php:180
#42 \vendor\laravel\framework\src\Illuminate\Cookie\Middleware\EncryptCookies.php:67
#43 \vendor\laravel\framework\src\Illuminate\Pipeline\Pipeline.php:180
#44 \vendor\laravel\framework\src\Illuminate\Pipeline\Pipeline.php:116
#45 \vendor\laravel\framework\src\Illuminate\Routing\Router.php:799
#46 \vendor\laravel\framework\src\Illuminate\Routing\Router.php:776
#47 \vendor\laravel\framework\src\Illuminate\Routing\Router.php:740
#48 \vendor\laravel\framework\src\Illuminate\Routing\Router.php:729
#49 \vendor\laravel\framework\src\Illuminate\Foundation\Http\Kernel.php:190
  
[2024-04-15 01:25:08] local.INFO: Detected N+1 Query  
[2024-04-15 01:25:08] local.INFO: Model: App\Models\CompanyLevel
Relation: App\Models\Companies
Num-Called: 3
Call-Stack:
#20 \vendor\livewire\livewire\src\HydrationMiddleware\HydratePublicProperties.php:175
#21 \vendor\livewire\livewire\src\HydrationMiddleware\HydratePublicProperties.php:60
#22 \vendor\livewire\livewire\src\LifecycleManager.php:89
#23 \vendor\livewire\livewire\src\Connection\ConnectionHandler.php:13
#24 \vendor\livewire\livewire\src\Controllers\HttpConnectionHandler.php:21
#25 \vendor\laravel\framework\src\Illuminate\Routing\ControllerDispatcher.php:46
#26 \vendor\laravel\framework\src\Illuminate\Routing\Route.php:260
#27 \vendor\laravel\framework\src\Illuminate\Routing\Route.php:205
#28 \vendor\laravel\framework\src\Illuminate\Routing\Router.php:798
#29 \vendor\laravel\framework\src\Illuminate\Pipeline\Pipeline.php:141
#30 \app\Http\Middleware\Localization.php:23
#31 \vendor\laravel\framework\src\Illuminate\Pipeline\Pipeline.php:180
#32 \vendor\laravel\framework\src\Illuminate\Routing\Middleware\SubstituteBindings.php:50
#33 \vendor\laravel\framework\src\Illuminate\Pipeline\Pipeline.php:180
#34 \vendor\laravel\framework\src\Illuminate\Foundation\Http\Middleware\VerifyCsrfToken.php:78
#35 \vendor\laravel\framework\src\Illuminate\Pipeline\Pipeline.php:180
#36 \vendor\laravel\framework\src\Illuminate\View\Middleware\ShareErrorsFromSession.php:49
#37 \vendor\laravel\framework\src\Illuminate\Pipeline\Pipeline.php:180
#38 \vendor\laravel\framework\src\Illuminate\Session\Middleware\StartSession.php:121
#39 \vendor\laravel\framework\src\Illuminate\Session\Middleware\StartSession.php:64
#40 \vendor\laravel\framework\src\Illuminate\Pipeline\Pipeline.php:180
#41 \vendor\laravel\framework\src\Illuminate\Cookie\Middleware\AddQueuedCookiesToResponse.php:37
#42 \vendor\laravel\framework\src\Illuminate\Pipeline\Pipeline.php:180
#43 \vendor\laravel\framework\src\Illuminate\Cookie\Middleware\EncryptCookies.php:67
#44 \vendor\laravel\framework\src\Illuminate\Pipeline\Pipeline.php:180
#45 \vendor\laravel\framework\src\Illuminate\Pipeline\Pipeline.php:116
#46 \vendor\laravel\framework\src\Illuminate\Routing\Router.php:799
#47 \vendor\laravel\framework\src\Illuminate\Routing\Router.php:776
#48 \vendor\laravel\framework\src\Illuminate\Routing\Router.php:740
#49 \vendor\laravel\framework\src\Illuminate\Routing\Router.php:729
  
[2024-04-15 01:25:08] local.INFO: Model: App\Models\Workgroup
Relation: App\Models\CompanyLevel
Num-Called: 2
Call-Stack:
#19 \vendor\livewire\livewire\src\HydrationMiddleware\HydratePublicProperties.php:175
#20 \vendor\livewire\livewire\src\HydrationMiddleware\HydratePublicProperties.php:60
#21 \vendor\livewire\livewire\src\LifecycleManager.php:89
#22 \vendor\livewire\livewire\src\Connection\ConnectionHandler.php:13
#23 \vendor\livewire\livewire\src\Controllers\HttpConnectionHandler.php:21
#24 \vendor\laravel\framework\src\Illuminate\Routing\ControllerDispatcher.php:46
#25 \vendor\laravel\framework\src\Illuminate\Routing\Route.php:260
#26 \vendor\laravel\framework\src\Illuminate\Routing\Route.php:205
#27 \vendor\laravel\framework\src\Illuminate\Routing\Router.php:798
#28 \vendor\laravel\framework\src\Illuminate\Pipeline\Pipeline.php:141
#29 \app\Http\Middleware\Localization.php:23
#30 \vendor\laravel\framework\src\Illuminate\Pipeline\Pipeline.php:180
#31 \vendor\laravel\framework\src\Illuminate\Routing\Middleware\SubstituteBindings.php:50
#32 \vendor\laravel\framework\src\Illuminate\Pipeline\Pipeline.php:180
#33 \vendor\laravel\framework\src\Illuminate\Foundation\Http\Middleware\VerifyCsrfToken.php:78
#34 \vendor\laravel\framework\src\Illuminate\Pipeline\Pipeline.php:180
#35 \vendor\laravel\framework\src\Illuminate\View\Middleware\ShareErrorsFromSession.php:49
#36 \vendor\laravel\framework\src\Illuminate\Pipeline\Pipeline.php:180
#37 \vendor\laravel\framework\src\Illuminate\Session\Middleware\StartSession.php:121
#38 \vendor\laravel\framework\src\Illuminate\Session\Middleware\StartSession.php:64
#39 \vendor\laravel\framework\src\Illuminate\Pipeline\Pipeline.php:180
#40 \vendor\laravel\framework\src\Illuminate\Cookie\Middleware\AddQueuedCookiesToResponse.php:37
#41 \vendor\laravel\framework\src\Illuminate\Pipeline\Pipeline.php:180
#42 \vendor\laravel\framework\src\Illuminate\Cookie\Middleware\EncryptCookies.php:67
#43 \vendor\laravel\framework\src\Illuminate\Pipeline\Pipeline.php:180
#44 \vendor\laravel\framework\src\Illuminate\Pipeline\Pipeline.php:116
#45 \vendor\laravel\framework\src\Illuminate\Routing\Router.php:799
#46 \vendor\laravel\framework\src\Illuminate\Routing\Router.php:776
#47 \vendor\laravel\framework\src\Illuminate\Routing\Router.php:740
#48 \vendor\laravel\framework\src\Illuminate\Routing\Router.php:729
#49 \vendor\laravel\framework\src\Illuminate\Foundation\Http\Kernel.php:190
  
[2024-04-15 01:25:15] local.INFO: Detected N+1 Query  
[2024-04-15 01:25:15] local.INFO: Model: App\Models\CompanyLevel
Relation: App\Models\Companies
Num-Called: 3
Call-Stack:
#20 \vendor\livewire\livewire\src\HydrationMiddleware\HydratePublicProperties.php:175
#21 \vendor\livewire\livewire\src\HydrationMiddleware\HydratePublicProperties.php:60
#22 \vendor\livewire\livewire\src\LifecycleManager.php:89
#23 \vendor\livewire\livewire\src\Connection\ConnectionHandler.php:13
#24 \vendor\livewire\livewire\src\Controllers\HttpConnectionHandler.php:21
#25 \vendor\laravel\framework\src\Illuminate\Routing\ControllerDispatcher.php:46
#26 \vendor\laravel\framework\src\Illuminate\Routing\Route.php:260
#27 \vendor\laravel\framework\src\Illuminate\Routing\Route.php:205
#28 \vendor\laravel\framework\src\Illuminate\Routing\Router.php:798
#29 \vendor\laravel\framework\src\Illuminate\Pipeline\Pipeline.php:141
#30 \app\Http\Middleware\Localization.php:23
#31 \vendor\laravel\framework\src\Illuminate\Pipeline\Pipeline.php:180
#32 \vendor\laravel\framework\src\Illuminate\Routing\Middleware\SubstituteBindings.php:50
#33 \vendor\laravel\framework\src\Illuminate\Pipeline\Pipeline.php:180
#34 \vendor\laravel\framework\src\Illuminate\Foundation\Http\Middleware\VerifyCsrfToken.php:78
#35 \vendor\laravel\framework\src\Illuminate\Pipeline\Pipeline.php:180
#36 \vendor\laravel\framework\src\Illuminate\View\Middleware\ShareErrorsFromSession.php:49
#37 \vendor\laravel\framework\src\Illuminate\Pipeline\Pipeline.php:180
#38 \vendor\laravel\framework\src\Illuminate\Session\Middleware\StartSession.php:121
#39 \vendor\laravel\framework\src\Illuminate\Session\Middleware\StartSession.php:64
#40 \vendor\laravel\framework\src\Illuminate\Pipeline\Pipeline.php:180
#41 \vendor\laravel\framework\src\Illuminate\Cookie\Middleware\AddQueuedCookiesToResponse.php:37
#42 \vendor\laravel\framework\src\Illuminate\Pipeline\Pipeline.php:180
#43 \vendor\laravel\framework\src\Illuminate\Cookie\Middleware\EncryptCookies.php:67
#44 \vendor\laravel\framework\src\Illuminate\Pipeline\Pipeline.php:180
#45 \vendor\laravel\framework\src\Illuminate\Pipeline\Pipeline.php:116
#46 \vendor\laravel\framework\src\Illuminate\Routing\Router.php:799
#47 \vendor\laravel\framework\src\Illuminate\Routing\Router.php:776
#48 \vendor\laravel\framework\src\Illuminate\Routing\Router.php:740
#49 \vendor\laravel\framework\src\Illuminate\Routing\Router.php:729
  
[2024-04-15 01:25:15] local.INFO: Model: App\Models\Workgroup
Relation: App\Models\CompanyLevel
Num-Called: 2
Call-Stack:
#19 \vendor\livewire\livewire\src\HydrationMiddleware\HydratePublicProperties.php:175
#20 \vendor\livewire\livewire\src\HydrationMiddleware\HydratePublicProperties.php:60
#21 \vendor\livewire\livewire\src\LifecycleManager.php:89
#22 \vendor\livewire\livewire\src\Connection\ConnectionHandler.php:13
#23 \vendor\livewire\livewire\src\Controllers\HttpConnectionHandler.php:21
#24 \vendor\laravel\framework\src\Illuminate\Routing\ControllerDispatcher.php:46
#25 \vendor\laravel\framework\src\Illuminate\Routing\Route.php:260
#26 \vendor\laravel\framework\src\Illuminate\Routing\Route.php:205
#27 \vendor\laravel\framework\src\Illuminate\Routing\Router.php:798
#28 \vendor\laravel\framework\src\Illuminate\Pipeline\Pipeline.php:141
#29 \app\Http\Middleware\Localization.php:23
#30 \vendor\laravel\framework\src\Illuminate\Pipeline\Pipeline.php:180
#31 \vendor\laravel\framework\src\Illuminate\Routing\Middleware\SubstituteBindings.php:50
#32 \vendor\laravel\framework\src\Illuminate\Pipeline\Pipeline.php:180
#33 \vendor\laravel\framework\src\Illuminate\Foundation\Http\Middleware\VerifyCsrfToken.php:78
#34 \vendor\laravel\framework\src\Illuminate\Pipeline\Pipeline.php:180
#35 \vendor\laravel\framework\src\Illuminate\View\Middleware\ShareErrorsFromSession.php:49
#36 \vendor\laravel\framework\src\Illuminate\Pipeline\Pipeline.php:180
#37 \vendor\laravel\framework\src\Illuminate\Session\Middleware\StartSession.php:121
#38 \vendor\laravel\framework\src\Illuminate\Session\Middleware\StartSession.php:64
#39 \vendor\laravel\framework\src\Illuminate\Pipeline\Pipeline.php:180
#40 \vendor\laravel\framework\src\Illuminate\Cookie\Middleware\AddQueuedCookiesToResponse.php:37
#41 \vendor\laravel\framework\src\Illuminate\Pipeline\Pipeline.php:180
#42 \vendor\laravel\framework\src\Illuminate\Cookie\Middleware\EncryptCookies.php:67
#43 \vendor\laravel\framework\src\Illuminate\Pipeline\Pipeline.php:180
#44 \vendor\laravel\framework\src\Illuminate\Pipeline\Pipeline.php:116
#45 \vendor\laravel\framework\src\Illuminate\Routing\Router.php:799
#46 \vendor\laravel\framework\src\Illuminate\Routing\Router.php:776
#47 \vendor\laravel\framework\src\Illuminate\Routing\Router.php:740
#48 \vendor\laravel\framework\src\Illuminate\Routing\Router.php:729
#49 \vendor\laravel\framework\src\Illuminate\Foundation\Http\Kernel.php:190
  
[2024-04-15 01:25:17] local.INFO: Detected N+1 Query  
[2024-04-15 01:25:17] local.INFO: Model: App\Models\CompanyLevel
Relation: App\Models\Companies
Num-Called: 3
Call-Stack:
#20 \vendor\livewire\livewire\src\HydrationMiddleware\HydratePublicProperties.php:175
#21 \vendor\livewire\livewire\src\HydrationMiddleware\HydratePublicProperties.php:60
#22 \vendor\livewire\livewire\src\LifecycleManager.php:89
#23 \vendor\livewire\livewire\src\Connection\ConnectionHandler.php:13
#24 \vendor\livewire\livewire\src\Controllers\HttpConnectionHandler.php:21
#25 \vendor\laravel\framework\src\Illuminate\Routing\ControllerDispatcher.php:46
#26 \vendor\laravel\framework\src\Illuminate\Routing\Route.php:260
#27 \vendor\laravel\framework\src\Illuminate\Routing\Route.php:205
#28 \vendor\laravel\framework\src\Illuminate\Routing\Router.php:798
#29 \vendor\laravel\framework\src\Illuminate\Pipeline\Pipeline.php:141
#30 \app\Http\Middleware\Localization.php:23
#31 \vendor\laravel\framework\src\Illuminate\Pipeline\Pipeline.php:180
#32 \vendor\laravel\framework\src\Illuminate\Routing\Middleware\SubstituteBindings.php:50
#33 \vendor\laravel\framework\src\Illuminate\Pipeline\Pipeline.php:180
#34 \vendor\laravel\framework\src\Illuminate\Foundation\Http\Middleware\VerifyCsrfToken.php:78
#35 \vendor\laravel\framework\src\Illuminate\Pipeline\Pipeline.php:180
#36 \vendor\laravel\framework\src\Illuminate\View\Middleware\ShareErrorsFromSession.php:49
#37 \vendor\laravel\framework\src\Illuminate\Pipeline\Pipeline.php:180
#38 \vendor\laravel\framework\src\Illuminate\Session\Middleware\StartSession.php:121
#39 \vendor\laravel\framework\src\Illuminate\Session\Middleware\StartSession.php:64
#40 \vendor\laravel\framework\src\Illuminate\Pipeline\Pipeline.php:180
#41 \vendor\laravel\framework\src\Illuminate\Cookie\Middleware\AddQueuedCookiesToResponse.php:37
#42 \vendor\laravel\framework\src\Illuminate\Pipeline\Pipeline.php:180
#43 \vendor\laravel\framework\src\Illuminate\Cookie\Middleware\EncryptCookies.php:67
#44 \vendor\laravel\framework\src\Illuminate\Pipeline\Pipeline.php:180
#45 \vendor\laravel\framework\src\Illuminate\Pipeline\Pipeline.php:116
#46 \vendor\laravel\framework\src\Illuminate\Routing\Router.php:799
#47 \vendor\laravel\framework\src\Illuminate\Routing\Router.php:776
#48 \vendor\laravel\framework\src\Illuminate\Routing\Router.php:740
#49 \vendor\laravel\framework\src\Illuminate\Routing\Router.php:729
  
[2024-04-15 01:25:17] local.INFO: Model: App\Models\Workgroup
Relation: App\Models\CompanyLevel
Num-Called: 2
Call-Stack:
#19 \vendor\livewire\livewire\src\HydrationMiddleware\HydratePublicProperties.php:175
#20 \vendor\livewire\livewire\src\HydrationMiddleware\HydratePublicProperties.php:60
#21 \vendor\livewire\livewire\src\LifecycleManager.php:89
#22 \vendor\livewire\livewire\src\Connection\ConnectionHandler.php:13
#23 \vendor\livewire\livewire\src\Controllers\HttpConnectionHandler.php:21
#24 \vendor\laravel\framework\src\Illuminate\Routing\ControllerDispatcher.php:46
#25 \vendor\laravel\framework\src\Illuminate\Routing\Route.php:260
#26 \vendor\laravel\framework\src\Illuminate\Routing\Route.php:205
#27 \vendor\laravel\framework\src\Illuminate\Routing\Router.php:798
#28 \vendor\laravel\framework\src\Illuminate\Pipeline\Pipeline.php:141
#29 \app\Http\Middleware\Localization.php:23
#30 \vendor\laravel\framework\src\Illuminate\Pipeline\Pipeline.php:180
#31 \vendor\laravel\framework\src\Illuminate\Routing\Middleware\SubstituteBindings.php:50
#32 \vendor\laravel\framework\src\Illuminate\Pipeline\Pipeline.php:180
#33 \vendor\laravel\framework\src\Illuminate\Foundation\Http\Middleware\VerifyCsrfToken.php:78
#34 \vendor\laravel\framework\src\Illuminate\Pipeline\Pipeline.php:180
#35 \vendor\laravel\framework\src\Illuminate\View\Middleware\ShareErrorsFromSession.php:49
#36 \vendor\laravel\framework\src\Illuminate\Pipeline\Pipeline.php:180
#37 \vendor\laravel\framework\src\Illuminate\Session\Middleware\StartSession.php:121
#38 \vendor\laravel\framework\src\Illuminate\Session\Middleware\StartSession.php:64
#39 \vendor\laravel\framework\src\Illuminate\Pipeline\Pipeline.php:180
#40 \vendor\laravel\framework\src\Illuminate\Cookie\Middleware\AddQueuedCookiesToResponse.php:37
#41 \vendor\laravel\framework\src\Illuminate\Pipeline\Pipeline.php:180
#42 \vendor\laravel\framework\src\Illuminate\Cookie\Middleware\EncryptCookies.php:67
#43 \vendor\laravel\framework\src\Illuminate\Pipeline\Pipeline.php:180
#44 \vendor\laravel\framework\src\Illuminate\Pipeline\Pipeline.php:116
#45 \vendor\laravel\framework\src\Illuminate\Routing\Router.php:799
#46 \vendor\laravel\framework\src\Illuminate\Routing\Router.php:776
#47 \vendor\laravel\framework\src\Illuminate\Routing\Router.php:740
#48 \vendor\laravel\framework\src\Illuminate\Routing\Router.php:729
#49 \vendor\laravel\framework\src\Illuminate\Foundation\Http\Kernel.php:190
  
[2024-04-15 23:52:42] local.INFO: Detected N+1 Query  
[2024-04-15 23:52:42] local.INFO: Model: App\Models\Workgroup
Relation: companyLevel
Num-Called: 3
Call-Stack:
#18 \storage\framework\views\70780ae65592e38d2657b6f26bdad45b978a7ba8.php:63
#20 \vendor\livewire\livewire\src\ComponentConcerns\RendersLivewireComponents.php:84
#21 \vendor\livewire\livewire\src\ComponentConcerns\RendersLivewireComponents.php:59
#22 \vendor\laravel\framework\src\Illuminate\View\View.php:195
#23 \vendor\laravel\framework\src\Illuminate\View\View.php:178
#24 \vendor\laravel\framework\src\Illuminate\View\View.php:147
#25 \storage\framework\views\1abeb397667ed1b6e7dcb892aabb4d65e2d3717a.php:912
#27 \vendor\livewire\livewire\src\ComponentConcerns\RendersLivewireComponents.php:84
#28 \vendor\livewire\livewire\src\ComponentConcerns\RendersLivewireComponents.php:59
#29 \vendor\laravel\framework\src\Illuminate\View\View.php:195
#30 \vendor\laravel\framework\src\Illuminate\View\View.php:178
#31 \vendor\laravel\framework\src\Illuminate\View\View.php:147
#32 \vendor\livewire\livewire\src\Component.php:235
#33 \vendor\livewire\livewire\src\HydrationMiddleware\RenderView.php:14
#34 \vendor\livewire\livewire\src\LifecycleManager.php:154
#35 \vendor\livewire\livewire\src\Connection\ConnectionHandler.php:15
#36 \vendor\livewire\livewire\src\Controllers\HttpConnectionHandler.php:21
#37 \vendor\laravel\framework\src\Illuminate\Routing\ControllerDispatcher.php:46
#38 \vendor\laravel\framework\src\Illuminate\Routing\Route.php:260
#39 \vendor\laravel\framework\src\Illuminate\Routing\Route.php:205
#40 \vendor\laravel\framework\src\Illuminate\Routing\Router.php:798
#41 \vendor\laravel\framework\src\Illuminate\Pipeline\Pipeline.php:141
#42 \app\Http\Middleware\Localization.php:23
#43 \vendor\laravel\framework\src\Illuminate\Pipeline\Pipeline.php:180
#44 \vendor\laravel\framework\src\Illuminate\Routing\Middleware\SubstituteBindings.php:50
#45 \vendor\laravel\framework\src\Illuminate\Pipeline\Pipeline.php:180
#46 \vendor\laravel\framework\src\Illuminate\Foundation\Http\Middleware\VerifyCsrfToken.php:78
#47 \vendor\laravel\framework\src\Illuminate\Pipeline\Pipeline.php:180
#48 \vendor\laravel\framework\src\Illuminate\View\Middleware\ShareErrorsFromSession.php:49
#49 \vendor\laravel\framework\src\Illuminate\Pipeline\Pipeline.php:180
  
[2024-04-15 23:52:42] local.INFO: Model: App\Models\CompanyLevel
Relation: BussinessUnit
Num-Called: 3
Call-Stack:
#18 \storage\framework\views\70780ae65592e38d2657b6f26bdad45b978a7ba8.php:63
#20 \vendor\livewire\livewire\src\ComponentConcerns\RendersLivewireComponents.php:84
#21 \vendor\livewire\livewire\src\ComponentConcerns\RendersLivewireComponents.php:59
#22 \vendor\laravel\framework\src\Illuminate\View\View.php:195
#23 \vendor\laravel\framework\src\Illuminate\View\View.php:178
#24 \vendor\laravel\framework\src\Illuminate\View\View.php:147
#25 \storage\framework\views\1abeb397667ed1b6e7dcb892aabb4d65e2d3717a.php:912
#27 \vendor\livewire\livewire\src\ComponentConcerns\RendersLivewireComponents.php:84
#28 \vendor\livewire\livewire\src\ComponentConcerns\RendersLivewireComponents.php:59
#29 \vendor\laravel\framework\src\Illuminate\View\View.php:195
#30 \vendor\laravel\framework\src\Illuminate\View\View.php:178
#31 \vendor\laravel\framework\src\Illuminate\View\View.php:147
#32 \vendor\livewire\livewire\src\Component.php:235
#33 \vendor\livewire\livewire\src\HydrationMiddleware\RenderView.php:14
#34 \vendor\livewire\livewire\src\LifecycleManager.php:154
#35 \vendor\livewire\livewire\src\Connection\ConnectionHandler.php:15
#36 \vendor\livewire\livewire\src\Controllers\HttpConnectionHandler.php:21
#37 \vendor\laravel\framework\src\Illuminate\Routing\ControllerDispatcher.php:46
#38 \vendor\laravel\framework\src\Illuminate\Routing\Route.php:260
#39 \vendor\laravel\framework\src\Illuminate\Routing\Route.php:205
#40 \vendor\laravel\framework\src\Illuminate\Routing\Router.php:798
#41 \vendor\laravel\framework\src\Illuminate\Pipeline\Pipeline.php:141
#42 \app\Http\Middleware\Localization.php:23
#43 \vendor\laravel\framework\src\Illuminate\Pipeline\Pipeline.php:180
#44 \vendor\laravel\framework\src\Illuminate\Routing\Middleware\SubstituteBindings.php:50
#45 \vendor\laravel\framework\src\Illuminate\Pipeline\Pipeline.php:180
#46 \vendor\laravel\framework\src\Illuminate\Foundation\Http\Middleware\VerifyCsrfToken.php:78
#47 \vendor\laravel\framework\src\Illuminate\Pipeline\Pipeline.php:180
#48 \vendor\laravel\framework\src\Illuminate\View\Middleware\ShareErrorsFromSession.php:49
#49 \vendor\laravel\framework\src\Illuminate\Pipeline\Pipeline.php:180
  
[2024-04-15 23:52:46] local.INFO: Detected N+1 Query  
[2024-04-15 23:52:46] local.INFO: Model: App\Models\CompanyLevel
Relation: App\Models\Companies
Num-Called: 3
Call-Stack:
#20 \vendor\livewire\livewire\src\HydrationMiddleware\HydratePublicProperties.php:175
#21 \vendor\livewire\livewire\src\HydrationMiddleware\HydratePublicProperties.php:60
#22 \vendor\livewire\livewire\src\LifecycleManager.php:89
#23 \vendor\livewire\livewire\src\Connection\ConnectionHandler.php:13
#24 \vendor\livewire\livewire\src\Controllers\HttpConnectionHandler.php:21
#25 \vendor\laravel\framework\src\Illuminate\Routing\ControllerDispatcher.php:46
#26 \vendor\laravel\framework\src\Illuminate\Routing\Route.php:260
#27 \vendor\laravel\framework\src\Illuminate\Routing\Route.php:205
#28 \vendor\laravel\framework\src\Illuminate\Routing\Router.php:798
#29 \vendor\laravel\framework\src\Illuminate\Pipeline\Pipeline.php:141
#30 \app\Http\Middleware\Localization.php:23
#31 \vendor\laravel\framework\src\Illuminate\Pipeline\Pipeline.php:180
#32 \vendor\laravel\framework\src\Illuminate\Routing\Middleware\SubstituteBindings.php:50
#33 \vendor\laravel\framework\src\Illuminate\Pipeline\Pipeline.php:180
#34 \vendor\laravel\framework\src\Illuminate\Foundation\Http\Middleware\VerifyCsrfToken.php:78
#35 \vendor\laravel\framework\src\Illuminate\Pipeline\Pipeline.php:180
#36 \vendor\laravel\framework\src\Illuminate\View\Middleware\ShareErrorsFromSession.php:49
#37 \vendor\laravel\framework\src\Illuminate\Pipeline\Pipeline.php:180
#38 \vendor\laravel\framework\src\Illuminate\Session\Middleware\StartSession.php:121
#39 \vendor\laravel\framework\src\Illuminate\Session\Middleware\StartSession.php:64
#40 \vendor\laravel\framework\src\Illuminate\Pipeline\Pipeline.php:180
#41 \vendor\laravel\framework\src\Illuminate\Cookie\Middleware\AddQueuedCookiesToResponse.php:37
#42 \vendor\laravel\framework\src\Illuminate\Pipeline\Pipeline.php:180
#43 \vendor\laravel\framework\src\Illuminate\Cookie\Middleware\EncryptCookies.php:67
#44 \vendor\laravel\framework\src\Illuminate\Pipeline\Pipeline.php:180
#45 \vendor\laravel\framework\src\Illuminate\Pipeline\Pipeline.php:116
#46 \vendor\laravel\framework\src\Illuminate\Routing\Router.php:799
#47 \vendor\laravel\framework\src\Illuminate\Routing\Router.php:776
#48 \vendor\laravel\framework\src\Illuminate\Routing\Router.php:740
#49 \vendor\laravel\framework\src\Illuminate\Routing\Router.php:729
  
[2024-04-15 23:52:46] local.INFO: Model: App\Models\Workgroup
Relation: App\Models\CompanyLevel
Num-Called: 2
Call-Stack:
#19 \vendor\livewire\livewire\src\HydrationMiddleware\HydratePublicProperties.php:175
#20 \vendor\livewire\livewire\src\HydrationMiddleware\HydratePublicProperties.php:60
#21 \vendor\livewire\livewire\src\LifecycleManager.php:89
#22 \vendor\livewire\livewire\src\Connection\ConnectionHandler.php:13
#23 \vendor\livewire\livewire\src\Controllers\HttpConnectionHandler.php:21
#24 \vendor\laravel\framework\src\Illuminate\Routing\ControllerDispatcher.php:46
#25 \vendor\laravel\framework\src\Illuminate\Routing\Route.php:260
#26 \vendor\laravel\framework\src\Illuminate\Routing\Route.php:205
#27 \vendor\laravel\framework\src\Illuminate\Routing\Router.php:798
#28 \vendor\laravel\framework\src\Illuminate\Pipeline\Pipeline.php:141
#29 \app\Http\Middleware\Localization.php:23
#30 \vendor\laravel\framework\src\Illuminate\Pipeline\Pipeline.php:180
#31 \vendor\laravel\framework\src\Illuminate\Routing\Middleware\SubstituteBindings.php:50
#32 \vendor\laravel\framework\src\Illuminate\Pipeline\Pipeline.php:180
#33 \vendor\laravel\framework\src\Illuminate\Foundation\Http\Middleware\VerifyCsrfToken.php:78
#34 \vendor\laravel\framework\src\Illuminate\Pipeline\Pipeline.php:180
#35 \vendor\laravel\framework\src\Illuminate\View\Middleware\ShareErrorsFromSession.php:49
#36 \vendor\laravel\framework\src\Illuminate\Pipeline\Pipeline.php:180
#37 \vendor\laravel\framework\src\Illuminate\Session\Middleware\StartSession.php:121
#38 \vendor\laravel\framework\src\Illuminate\Session\Middleware\StartSession.php:64
#39 \vendor\laravel\framework\src\Illuminate\Pipeline\Pipeline.php:180
#40 \vendor\laravel\framework\src\Illuminate\Cookie\Middleware\AddQueuedCookiesToResponse.php:37
#41 \vendor\laravel\framework\src\Illuminate\Pipeline\Pipeline.php:180
#42 \vendor\laravel\framework\src\Illuminate\Cookie\Middleware\EncryptCookies.php:67
#43 \vendor\laravel\framework\src\Illuminate\Pipeline\Pipeline.php:180
#44 \vendor\laravel\framework\src\Illuminate\Pipeline\Pipeline.php:116
#45 \vendor\laravel\framework\src\Illuminate\Routing\Router.php:799
#46 \vendor\laravel\framework\src\Illuminate\Routing\Router.php:776
#47 \vendor\laravel\framework\src\Illuminate\Routing\Router.php:740
#48 \vendor\laravel\framework\src\Illuminate\Routing\Router.php:729
#49 \vendor\laravel\framework\src\Illuminate\Foundation\Http\Kernel.php:190
  
[2024-04-15 23:52:53] local.INFO: Detected N+1 Query  
[2024-04-15 23:52:53] local.INFO: Model: App\Models\CompanyLevel
Relation: App\Models\Companies
Num-Called: 3
Call-Stack:
#20 \vendor\livewire\livewire\src\HydrationMiddleware\HydratePublicProperties.php:175
#21 \vendor\livewire\livewire\src\HydrationMiddleware\HydratePublicProperties.php:60
#22 \vendor\livewire\livewire\src\LifecycleManager.php:89
#23 \vendor\livewire\livewire\src\Connection\ConnectionHandler.php:13
#24 \vendor\livewire\livewire\src\Controllers\HttpConnectionHandler.php:21
#25 \vendor\laravel\framework\src\Illuminate\Routing\ControllerDispatcher.php:46
#26 \vendor\laravel\framework\src\Illuminate\Routing\Route.php:260
#27 \vendor\laravel\framework\src\Illuminate\Routing\Route.php:205
#28 \vendor\laravel\framework\src\Illuminate\Routing\Router.php:798
#29 \vendor\laravel\framework\src\Illuminate\Pipeline\Pipeline.php:141
#30 \app\Http\Middleware\Localization.php:23
#31 \vendor\laravel\framework\src\Illuminate\Pipeline\Pipeline.php:180
#32 \vendor\laravel\framework\src\Illuminate\Routing\Middleware\SubstituteBindings.php:50
#33 \vendor\laravel\framework\src\Illuminate\Pipeline\Pipeline.php:180
#34 \vendor\laravel\framework\src\Illuminate\Foundation\Http\Middleware\VerifyCsrfToken.php:78
#35 \vendor\laravel\framework\src\Illuminate\Pipeline\Pipeline.php:180
#36 \vendor\laravel\framework\src\Illuminate\View\Middleware\ShareErrorsFromSession.php:49
#37 \vendor\laravel\framework\src\Illuminate\Pipeline\Pipeline.php:180
#38 \vendor\laravel\framework\src\Illuminate\Session\Middleware\StartSession.php:121
#39 \vendor\laravel\framework\src\Illuminate\Session\Middleware\StartSession.php:64
#40 \vendor\laravel\framework\src\Illuminate\Pipeline\Pipeline.php:180
#41 \vendor\laravel\framework\src\Illuminate\Cookie\Middleware\AddQueuedCookiesToResponse.php:37
#42 \vendor\laravel\framework\src\Illuminate\Pipeline\Pipeline.php:180
#43 \vendor\laravel\framework\src\Illuminate\Cookie\Middleware\EncryptCookies.php:67
#44 \vendor\laravel\framework\src\Illuminate\Pipeline\Pipeline.php:180
#45 \vendor\laravel\framework\src\Illuminate\Pipeline\Pipeline.php:116
#46 \vendor\laravel\framework\src\Illuminate\Routing\Router.php:799
#47 \vendor\laravel\framework\src\Illuminate\Routing\Router.php:776
#48 \vendor\laravel\framework\src\Illuminate\Routing\Router.php:740
#49 \vendor\laravel\framework\src\Illuminate\Routing\Router.php:729
  
[2024-04-15 23:52:53] local.INFO: Model: App\Models\Workgroup
Relation: App\Models\CompanyLevel
Num-Called: 2
Call-Stack:
#19 \vendor\livewire\livewire\src\HydrationMiddleware\HydratePublicProperties.php:175
#20 \vendor\livewire\livewire\src\HydrationMiddleware\HydratePublicProperties.php:60
#21 \vendor\livewire\livewire\src\LifecycleManager.php:89
#22 \vendor\livewire\livewire\src\Connection\ConnectionHandler.php:13
#23 \vendor\livewire\livewire\src\Controllers\HttpConnectionHandler.php:21
#24 \vendor\laravel\framework\src\Illuminate\Routing\ControllerDispatcher.php:46
#25 \vendor\laravel\framework\src\Illuminate\Routing\Route.php:260
#26 \vendor\laravel\framework\src\Illuminate\Routing\Route.php:205
#27 \vendor\laravel\framework\src\Illuminate\Routing\Router.php:798
#28 \vendor\laravel\framework\src\Illuminate\Pipeline\Pipeline.php:141
#29 \app\Http\Middleware\Localization.php:23
#30 \vendor\laravel\framework\src\Illuminate\Pipeline\Pipeline.php:180
#31 \vendor\laravel\framework\src\Illuminate\Routing\Middleware\SubstituteBindings.php:50
#32 \vendor\laravel\framework\src\Illuminate\Pipeline\Pipeline.php:180
#33 \vendor\laravel\framework\src\Illuminate\Foundation\Http\Middleware\VerifyCsrfToken.php:78
#34 \vendor\laravel\framework\src\Illuminate\Pipeline\Pipeline.php:180
#35 \vendor\laravel\framework\src\Illuminate\View\Middleware\ShareErrorsFromSession.php:49
#36 \vendor\laravel\framework\src\Illuminate\Pipeline\Pipeline.php:180
#37 \vendor\laravel\framework\src\Illuminate\Session\Middleware\StartSession.php:121
#38 \vendor\laravel\framework\src\Illuminate\Session\Middleware\StartSession.php:64
#39 \vendor\laravel\framework\src\Illuminate\Pipeline\Pipeline.php:180
#40 \vendor\laravel\framework\src\Illuminate\Cookie\Middleware\AddQueuedCookiesToResponse.php:37
#41 \vendor\laravel\framework\src\Illuminate\Pipeline\Pipeline.php:180
#42 \vendor\laravel\framework\src\Illuminate\Cookie\Middleware\EncryptCookies.php:67
#43 \vendor\laravel\framework\src\Illuminate\Pipeline\Pipeline.php:180
#44 \vendor\laravel\framework\src\Illuminate\Pipeline\Pipeline.php:116
#45 \vendor\laravel\framework\src\Illuminate\Routing\Router.php:799
#46 \vendor\laravel\framework\src\Illuminate\Routing\Router.php:776
#47 \vendor\laravel\framework\src\Illuminate\Routing\Router.php:740
#48 \vendor\laravel\framework\src\Illuminate\Routing\Router.php:729
#49 \vendor\laravel\framework\src\Illuminate\Foundation\Http\Kernel.php:190
  
