[2024-07-05 01:12:38] local.INFO: Detected N+1 Query  
[2024-07-05 01:12:38] local.INFO: Model: App\Models\UserSecurity
Relation: App\Models\People
Num-Called: 2
Call-Stack:
#19 \app\Http\Livewire\SecurityUser\Index.php:33
#20 \vendor\laravel\framework\src\Illuminate\Container\BoundMethod.php:36
#21 \vendor\laravel\framework\src\Illuminate\Container\Util.php:41
#22 \vendor\laravel\framework\src\Illuminate\Container\BoundMethod.php:93
#23 \vendor\laravel\framework\src\Illuminate\Container\BoundMethod.php:35
#24 \vendor\laravel\framework\src\Illuminate\Container\Container.php:662
#25 \vendor\livewire\livewire\src\Component.php:173
#26 \vendor\livewire\livewire\src\LifecycleManager.php:131
#27 \vendor\livewire\livewire\src\Connection\ConnectionHandler.php:14
#28 \vendor\livewire\livewire\src\Controllers\HttpConnectionHandler.php:19
#29 \vendor\laravel\framework\src\Illuminate\Routing\ControllerDispatcher.php:46
#30 \vendor\laravel\framework\src\Illuminate\Routing\Route.php:259
#31 \vendor\laravel\framework\src\Illuminate\Routing\Route.php:205
#32 \vendor\laravel\framework\src\Illuminate\Routing\Router.php:806
#33 \vendor\laravel\framework\src\Illuminate\Pipeline\Pipeline.php:144
#34 \app\Http\Middleware\Localization.php:23
#35 \vendor\laravel\framework\src\Illuminate\Pipeline\Pipeline.php:183
#36 \vendor\laravel\framework\src\Illuminate\Routing\Middleware\SubstituteBindings.php:50
#37 \vendor\laravel\framework\src\Illuminate\Pipeline\Pipeline.php:183
#38 \vendor\laravel\framework\src\Illuminate\Foundation\Http\Middleware\VerifyCsrfToken.php:78
#39 \vendor\laravel\framework\src\Illuminate\Pipeline\Pipeline.php:183
#40 \vendor\laravel\framework\src\Illuminate\View\Middleware\ShareErrorsFromSession.php:49
#41 \vendor\laravel\framework\src\Illuminate\Pipeline\Pipeline.php:183
#42 \vendor\laravel\framework\src\Illuminate\Session\Middleware\StartSession.php:121
#43 \vendor\laravel\framework\src\Illuminate\Session\Middleware\StartSession.php:64
#44 \vendor\laravel\framework\src\Illuminate\Pipeline\Pipeline.php:183
#45 \vendor\laravel\framework\src\Illuminate\Cookie\Middleware\AddQueuedCookiesToResponse.php:37
#46 \vendor\laravel\framework\src\Illuminate\Pipeline\Pipeline.php:183
#47 \vendor\laravel\framework\src\Illuminate\Cookie\Middleware\EncryptCookies.php:67
#48 \vendor\laravel\framework\src\Illuminate\Pipeline\Pipeline.php:183
#49 \vendor\laravel\framework\src\Illuminate\Pipeline\Pipeline.php:119
  
[2024-07-05 01:12:38] local.INFO: Model: App\Models\UserSecurity
Relation: App\Models\EventType
Num-Called: 2
Call-Stack:
#19 \app\Http\Livewire\SecurityUser\Index.php:33
#20 \vendor\laravel\framework\src\Illuminate\Container\BoundMethod.php:36
#21 \vendor\laravel\framework\src\Illuminate\Container\Util.php:41
#22 \vendor\laravel\framework\src\Illuminate\Container\BoundMethod.php:93
#23 \vendor\laravel\framework\src\Illuminate\Container\BoundMethod.php:35
#24 \vendor\laravel\framework\src\Illuminate\Container\Container.php:662
#25 \vendor\livewire\livewire\src\Component.php:173
#26 \vendor\livewire\livewire\src\LifecycleManager.php:131
#27 \vendor\livewire\livewire\src\Connection\ConnectionHandler.php:14
#28 \vendor\livewire\livewire\src\Controllers\HttpConnectionHandler.php:19
#29 \vendor\laravel\framework\src\Illuminate\Routing\ControllerDispatcher.php:46
#30 \vendor\laravel\framework\src\Illuminate\Routing\Route.php:259
#31 \vendor\laravel\framework\src\Illuminate\Routing\Route.php:205
#32 \vendor\laravel\framework\src\Illuminate\Routing\Router.php:806
#33 \vendor\laravel\framework\src\Illuminate\Pipeline\Pipeline.php:144
#34 \app\Http\Middleware\Localization.php:23
#35 \vendor\laravel\framework\src\Illuminate\Pipeline\Pipeline.php:183
#36 \vendor\laravel\framework\src\Illuminate\Routing\Middleware\SubstituteBindings.php:50
#37 \vendor\laravel\framework\src\Illuminate\Pipeline\Pipeline.php:183
#38 \vendor\laravel\framework\src\Illuminate\Foundation\Http\Middleware\VerifyCsrfToken.php:78
#39 \vendor\laravel\framework\src\Illuminate\Pipeline\Pipeline.php:183
#40 \vendor\laravel\framework\src\Illuminate\View\Middleware\ShareErrorsFromSession.php:49
#41 \vendor\laravel\framework\src\Illuminate\Pipeline\Pipeline.php:183
#42 \vendor\laravel\framework\src\Illuminate\Session\Middleware\StartSession.php:121
#43 \vendor\laravel\framework\src\Illuminate\Session\Middleware\StartSession.php:64
#44 \vendor\laravel\framework\src\Illuminate\Pipeline\Pipeline.php:183
#45 \vendor\laravel\framework\src\Illuminate\Cookie\Middleware\AddQueuedCookiesToResponse.php:37
#46 \vendor\laravel\framework\src\Illuminate\Pipeline\Pipeline.php:183
#47 \vendor\laravel\framework\src\Illuminate\Cookie\Middleware\EncryptCookies.php:67
#48 \vendor\laravel\framework\src\Illuminate\Pipeline\Pipeline.php:183
#49 \vendor\laravel\framework\src\Illuminate\Pipeline\Pipeline.php:119
  
[2024-07-05 01:12:38] local.INFO: Model: App\Models\UserSecurity
Relation: App\Models\Workgroup
Num-Called: 2
Call-Stack:
#19 \app\Http\Livewire\SecurityUser\Index.php:33
#20 \vendor\laravel\framework\src\Illuminate\Container\BoundMethod.php:36
#21 \vendor\laravel\framework\src\Illuminate\Container\Util.php:41
#22 \vendor\laravel\framework\src\Illuminate\Container\BoundMethod.php:93
#23 \vendor\laravel\framework\src\Illuminate\Container\BoundMethod.php:35
#24 \vendor\laravel\framework\src\Illuminate\Container\Container.php:662
#25 \vendor\livewire\livewire\src\Component.php:173
#26 \vendor\livewire\livewire\src\LifecycleManager.php:131
#27 \vendor\livewire\livewire\src\Connection\ConnectionHandler.php:14
#28 \vendor\livewire\livewire\src\Controllers\HttpConnectionHandler.php:19
#29 \vendor\laravel\framework\src\Illuminate\Routing\ControllerDispatcher.php:46
#30 \vendor\laravel\framework\src\Illuminate\Routing\Route.php:259
#31 \vendor\laravel\framework\src\Illuminate\Routing\Route.php:205
#32 \vendor\laravel\framework\src\Illuminate\Routing\Router.php:806
#33 \vendor\laravel\framework\src\Illuminate\Pipeline\Pipeline.php:144
#34 \app\Http\Middleware\Localization.php:23
#35 \vendor\laravel\framework\src\Illuminate\Pipeline\Pipeline.php:183
#36 \vendor\laravel\framework\src\Illuminate\Routing\Middleware\SubstituteBindings.php:50
#37 \vendor\laravel\framework\src\Illuminate\Pipeline\Pipeline.php:183
#38 \vendor\laravel\framework\src\Illuminate\Foundation\Http\Middleware\VerifyCsrfToken.php:78
#39 \vendor\laravel\framework\src\Illuminate\Pipeline\Pipeline.php:183
#40 \vendor\laravel\framework\src\Illuminate\View\Middleware\ShareErrorsFromSession.php:49
#41 \vendor\laravel\framework\src\Illuminate\Pipeline\Pipeline.php:183
#42 \vendor\laravel\framework\src\Illuminate\Session\Middleware\StartSession.php:121
#43 \vendor\laravel\framework\src\Illuminate\Session\Middleware\StartSession.php:64
#44 \vendor\laravel\framework\src\Illuminate\Pipeline\Pipeline.php:183
#45 \vendor\laravel\framework\src\Illuminate\Cookie\Middleware\AddQueuedCookiesToResponse.php:37
#46 \vendor\laravel\framework\src\Illuminate\Pipeline\Pipeline.php:183
#47 \vendor\laravel\framework\src\Illuminate\Cookie\Middleware\EncryptCookies.php:67
#48 \vendor\laravel\framework\src\Illuminate\Pipeline\Pipeline.php:183
#49 \vendor\laravel\framework\src\Illuminate\Pipeline\Pipeline.php:119
  
[2024-07-05 01:12:38] local.INFO: Model: App\Models\Workgroup
Relation: App\Models\CompanyLevel
Num-Called: 2
Call-Stack:
#24 \app\Http\Livewire\SecurityUser\Index.php:33
#25 \vendor\laravel\framework\src\Illuminate\Container\BoundMethod.php:36
#26 \vendor\laravel\framework\src\Illuminate\Container\Util.php:41
#27 \vendor\laravel\framework\src\Illuminate\Container\BoundMethod.php:93
#28 \vendor\laravel\framework\src\Illuminate\Container\BoundMethod.php:35
#29 \vendor\laravel\framework\src\Illuminate\Container\Container.php:662
#30 \vendor\livewire\livewire\src\Component.php:173
#31 \vendor\livewire\livewire\src\LifecycleManager.php:131
#32 \vendor\livewire\livewire\src\Connection\ConnectionHandler.php:14
#33 \vendor\livewire\livewire\src\Controllers\HttpConnectionHandler.php:19
#34 \vendor\laravel\framework\src\Illuminate\Routing\ControllerDispatcher.php:46
#35 \vendor\laravel\framework\src\Illuminate\Routing\Route.php:259
#36 \vendor\laravel\framework\src\Illuminate\Routing\Route.php:205
#37 \vendor\laravel\framework\src\Illuminate\Routing\Router.php:806
#38 \vendor\laravel\framework\src\Illuminate\Pipeline\Pipeline.php:144
#39 \app\Http\Middleware\Localization.php:23
#40 \vendor\laravel\framework\src\Illuminate\Pipeline\Pipeline.php:183
#41 \vendor\laravel\framework\src\Illuminate\Routing\Middleware\SubstituteBindings.php:50
#42 \vendor\laravel\framework\src\Illuminate\Pipeline\Pipeline.php:183
#43 \vendor\laravel\framework\src\Illuminate\Foundation\Http\Middleware\VerifyCsrfToken.php:78
#44 \vendor\laravel\framework\src\Illuminate\Pipeline\Pipeline.php:183
#45 \vendor\laravel\framework\src\Illuminate\View\Middleware\ShareErrorsFromSession.php:49
#46 \vendor\laravel\framework\src\Illuminate\Pipeline\Pipeline.php:183
#47 \vendor\laravel\framework\src\Illuminate\Session\Middleware\StartSession.php:121
#48 \vendor\laravel\framework\src\Illuminate\Session\Middleware\StartSession.php:64
#49 \vendor\laravel\framework\src\Illuminate\Pipeline\Pipeline.php:183
  
[2024-07-05 01:12:38] local.INFO: Model: App\Models\CompanyLevel
Relation: App\Models\Companies
Num-Called: 2
Call-Stack:
#29 \app\Http\Livewire\SecurityUser\Index.php:33
#30 \vendor\laravel\framework\src\Illuminate\Container\BoundMethod.php:36
#31 \vendor\laravel\framework\src\Illuminate\Container\Util.php:41
#32 \vendor\laravel\framework\src\Illuminate\Container\BoundMethod.php:93
#33 \vendor\laravel\framework\src\Illuminate\Container\BoundMethod.php:35
#34 \vendor\laravel\framework\src\Illuminate\Container\Container.php:662
#35 \vendor\livewire\livewire\src\Component.php:173
#36 \vendor\livewire\livewire\src\LifecycleManager.php:131
#37 \vendor\livewire\livewire\src\Connection\ConnectionHandler.php:14
#38 \vendor\livewire\livewire\src\Controllers\HttpConnectionHandler.php:19
#39 \vendor\laravel\framework\src\Illuminate\Routing\ControllerDispatcher.php:46
#40 \vendor\laravel\framework\src\Illuminate\Routing\Route.php:259
#41 \vendor\laravel\framework\src\Illuminate\Routing\Route.php:205
#42 \vendor\laravel\framework\src\Illuminate\Routing\Router.php:806
#43 \vendor\laravel\framework\src\Illuminate\Pipeline\Pipeline.php:144
#44 \app\Http\Middleware\Localization.php:23
#45 \vendor\laravel\framework\src\Illuminate\Pipeline\Pipeline.php:183
#46 \vendor\laravel\framework\src\Illuminate\Routing\Middleware\SubstituteBindings.php:50
#47 \vendor\laravel\framework\src\Illuminate\Pipeline\Pipeline.php:183
#48 \vendor\laravel\framework\src\Illuminate\Foundation\Http\Middleware\VerifyCsrfToken.php:78
#49 \vendor\laravel\framework\src\Illuminate\Pipeline\Pipeline.php:183
  
