[2024-05-14 08:17:15] local.INFO: Detected N+1 Query  
[2024-05-14 08:17:15] local.INFO: Model: App\Models\Workgroup
Relation: companyLevel
Num-Called: 3
Call-Stack:
#19 \storage\framework\views\a33a7599f16b1967a5eb41c71ee612ec.php:63
#21 \vendor\livewire\livewire\src\ComponentConcerns\RendersLivewireComponents.php:84
#22 \vendor\livewire\livewire\src\ComponentConcerns\RendersLivewireComponents.php:59
#23 \vendor\laravel\framework\src\Illuminate\View\View.php:207
#24 \vendor\laravel\framework\src\Illuminate\View\View.php:190
#25 \vendor\laravel\framework\src\Illuminate\View\View.php:159
#26 \storage\framework\views\321afc84a33b3f7519cb339a25400e88.php:1052
#28 \vendor\livewire\livewire\src\ComponentConcerns\RendersLivewireComponents.php:84
#29 \vendor\livewire\livewire\src\ComponentConcerns\RendersLivewireComponents.php:59
#30 \vendor\laravel\framework\src\Illuminate\View\View.php:207
#31 \vendor\laravel\framework\src\Illuminate\View\View.php:190
#32 \vendor\laravel\framework\src\Illuminate\View\View.php:159
#33 \vendor\livewire\livewire\src\Component.php:235
#34 \vendor\livewire\livewire\src\HydrationMiddleware\RenderView.php:14
#35 \vendor\livewire\livewire\src\LifecycleManager.php:154
#36 \vendor\livewire\livewire\src\Connection\ConnectionHandler.php:15
#37 \vendor\livewire\livewire\src\Controllers\HttpConnectionHandler.php:19
#38 \vendor\laravel\framework\src\Illuminate\Routing\ControllerDispatcher.php:46
#39 \vendor\laravel\framework\src\Illuminate\Routing\Route.php:259
#40 \vendor\laravel\framework\src\Illuminate\Routing\Route.php:205
#41 \vendor\laravel\framework\src\Illuminate\Routing\Router.php:806
#42 \vendor\laravel\framework\src\Illuminate\Pipeline\Pipeline.php:144
#43 \app\Http\Middleware\Localization.php:23
#44 \vendor\laravel\framework\src\Illuminate\Pipeline\Pipeline.php:183
#45 \vendor\laravel\framework\src\Illuminate\Routing\Middleware\SubstituteBindings.php:50
#46 \vendor\laravel\framework\src\Illuminate\Pipeline\Pipeline.php:183
#47 \vendor\laravel\framework\src\Illuminate\Foundation\Http\Middleware\VerifyCsrfToken.php:78
#48 \vendor\laravel\framework\src\Illuminate\Pipeline\Pipeline.php:183
#49 \vendor\laravel\framework\src\Illuminate\View\Middleware\ShareErrorsFromSession.php:49
  
[2024-05-14 08:17:15] local.INFO: Model: App\Models\CompanyLevel
Relation: BussinessUnit
Num-Called: 3
Call-Stack:
#19 \storage\framework\views\a33a7599f16b1967a5eb41c71ee612ec.php:63
#21 \vendor\livewire\livewire\src\ComponentConcerns\RendersLivewireComponents.php:84
#22 \vendor\livewire\livewire\src\ComponentConcerns\RendersLivewireComponents.php:59
#23 \vendor\laravel\framework\src\Illuminate\View\View.php:207
#24 \vendor\laravel\framework\src\Illuminate\View\View.php:190
#25 \vendor\laravel\framework\src\Illuminate\View\View.php:159
#26 \storage\framework\views\321afc84a33b3f7519cb339a25400e88.php:1052
#28 \vendor\livewire\livewire\src\ComponentConcerns\RendersLivewireComponents.php:84
#29 \vendor\livewire\livewire\src\ComponentConcerns\RendersLivewireComponents.php:59
#30 \vendor\laravel\framework\src\Illuminate\View\View.php:207
#31 \vendor\laravel\framework\src\Illuminate\View\View.php:190
#32 \vendor\laravel\framework\src\Illuminate\View\View.php:159
#33 \vendor\livewire\livewire\src\Component.php:235
#34 \vendor\livewire\livewire\src\HydrationMiddleware\RenderView.php:14
#35 \vendor\livewire\livewire\src\LifecycleManager.php:154
#36 \vendor\livewire\livewire\src\Connection\ConnectionHandler.php:15
#37 \vendor\livewire\livewire\src\Controllers\HttpConnectionHandler.php:19
#38 \vendor\laravel\framework\src\Illuminate\Routing\ControllerDispatcher.php:46
#39 \vendor\laravel\framework\src\Illuminate\Routing\Route.php:259
#40 \vendor\laravel\framework\src\Illuminate\Routing\Route.php:205
#41 \vendor\laravel\framework\src\Illuminate\Routing\Router.php:806
#42 \vendor\laravel\framework\src\Illuminate\Pipeline\Pipeline.php:144
#43 \app\Http\Middleware\Localization.php:23
#44 \vendor\laravel\framework\src\Illuminate\Pipeline\Pipeline.php:183
#45 \vendor\laravel\framework\src\Illuminate\Routing\Middleware\SubstituteBindings.php:50
#46 \vendor\laravel\framework\src\Illuminate\Pipeline\Pipeline.php:183
#47 \vendor\laravel\framework\src\Illuminate\Foundation\Http\Middleware\VerifyCsrfToken.php:78
#48 \vendor\laravel\framework\src\Illuminate\Pipeline\Pipeline.php:183
#49 \vendor\laravel\framework\src\Illuminate\View\Middleware\ShareErrorsFromSession.php:49
  
[2024-05-14 08:17:16] local.INFO: Detected N+1 Query  
[2024-05-14 08:17:16] local.INFO: Model: App\Models\CompanyLevel
Relation: App\Models\Companies
Num-Called: 3
Call-Stack:
#21 \vendor\livewire\livewire\src\HydrationMiddleware\HydratePublicProperties.php:175
#22 \vendor\livewire\livewire\src\HydrationMiddleware\HydratePublicProperties.php:60
#23 \vendor\livewire\livewire\src\LifecycleManager.php:89
#24 \vendor\livewire\livewire\src\Connection\ConnectionHandler.php:13
#25 \vendor\livewire\livewire\src\Controllers\HttpConnectionHandler.php:19
#26 \vendor\laravel\framework\src\Illuminate\Routing\ControllerDispatcher.php:46
#27 \vendor\laravel\framework\src\Illuminate\Routing\Route.php:259
#28 \vendor\laravel\framework\src\Illuminate\Routing\Route.php:205
#29 \vendor\laravel\framework\src\Illuminate\Routing\Router.php:806
#30 \vendor\laravel\framework\src\Illuminate\Pipeline\Pipeline.php:144
#31 \app\Http\Middleware\Localization.php:23
#32 \vendor\laravel\framework\src\Illuminate\Pipeline\Pipeline.php:183
#33 \vendor\laravel\framework\src\Illuminate\Routing\Middleware\SubstituteBindings.php:50
#34 \vendor\laravel\framework\src\Illuminate\Pipeline\Pipeline.php:183
#35 \vendor\laravel\framework\src\Illuminate\Foundation\Http\Middleware\VerifyCsrfToken.php:78
#36 \vendor\laravel\framework\src\Illuminate\Pipeline\Pipeline.php:183
#37 \vendor\laravel\framework\src\Illuminate\View\Middleware\ShareErrorsFromSession.php:49
#38 \vendor\laravel\framework\src\Illuminate\Pipeline\Pipeline.php:183
#39 \vendor\laravel\framework\src\Illuminate\Session\Middleware\StartSession.php:121
#40 \vendor\laravel\framework\src\Illuminate\Session\Middleware\StartSession.php:64
#41 \vendor\laravel\framework\src\Illuminate\Pipeline\Pipeline.php:183
#42 \vendor\laravel\framework\src\Illuminate\Cookie\Middleware\AddQueuedCookiesToResponse.php:37
#43 \vendor\laravel\framework\src\Illuminate\Pipeline\Pipeline.php:183
#44 \vendor\laravel\framework\src\Illuminate\Cookie\Middleware\EncryptCookies.php:67
#45 \vendor\laravel\framework\src\Illuminate\Pipeline\Pipeline.php:183
#46 \vendor\laravel\framework\src\Illuminate\Pipeline\Pipeline.php:119
#47 \vendor\laravel\framework\src\Illuminate\Routing\Router.php:805
#48 \vendor\laravel\framework\src\Illuminate\Routing\Router.php:784
#49 \vendor\laravel\framework\src\Illuminate\Routing\Router.php:748
  
[2024-05-14 08:17:16] local.INFO: Model: App\Models\Workgroup
Relation: App\Models\CompanyLevel
Num-Called: 2
Call-Stack:
#20 \vendor\livewire\livewire\src\HydrationMiddleware\HydratePublicProperties.php:175
#21 \vendor\livewire\livewire\src\HydrationMiddleware\HydratePublicProperties.php:60
#22 \vendor\livewire\livewire\src\LifecycleManager.php:89
#23 \vendor\livewire\livewire\src\Connection\ConnectionHandler.php:13
#24 \vendor\livewire\livewire\src\Controllers\HttpConnectionHandler.php:19
#25 \vendor\laravel\framework\src\Illuminate\Routing\ControllerDispatcher.php:46
#26 \vendor\laravel\framework\src\Illuminate\Routing\Route.php:259
#27 \vendor\laravel\framework\src\Illuminate\Routing\Route.php:205
#28 \vendor\laravel\framework\src\Illuminate\Routing\Router.php:806
#29 \vendor\laravel\framework\src\Illuminate\Pipeline\Pipeline.php:144
#30 \app\Http\Middleware\Localization.php:23
#31 \vendor\laravel\framework\src\Illuminate\Pipeline\Pipeline.php:183
#32 \vendor\laravel\framework\src\Illuminate\Routing\Middleware\SubstituteBindings.php:50
#33 \vendor\laravel\framework\src\Illuminate\Pipeline\Pipeline.php:183
#34 \vendor\laravel\framework\src\Illuminate\Foundation\Http\Middleware\VerifyCsrfToken.php:78
#35 \vendor\laravel\framework\src\Illuminate\Pipeline\Pipeline.php:183
#36 \vendor\laravel\framework\src\Illuminate\View\Middleware\ShareErrorsFromSession.php:49
#37 \vendor\laravel\framework\src\Illuminate\Pipeline\Pipeline.php:183
#38 \vendor\laravel\framework\src\Illuminate\Session\Middleware\StartSession.php:121
#39 \vendor\laravel\framework\src\Illuminate\Session\Middleware\StartSession.php:64
#40 \vendor\laravel\framework\src\Illuminate\Pipeline\Pipeline.php:183
#41 \vendor\laravel\framework\src\Illuminate\Cookie\Middleware\AddQueuedCookiesToResponse.php:37
#42 \vendor\laravel\framework\src\Illuminate\Pipeline\Pipeline.php:183
#43 \vendor\laravel\framework\src\Illuminate\Cookie\Middleware\EncryptCookies.php:67
#44 \vendor\laravel\framework\src\Illuminate\Pipeline\Pipeline.php:183
#45 \vendor\laravel\framework\src\Illuminate\Pipeline\Pipeline.php:119
#46 \vendor\laravel\framework\src\Illuminate\Routing\Router.php:805
#47 \vendor\laravel\framework\src\Illuminate\Routing\Router.php:784
#48 \vendor\laravel\framework\src\Illuminate\Routing\Router.php:748
#49 \vendor\laravel\framework\src\Illuminate\Routing\Router.php:737
  
[2024-05-14 08:17:17] local.INFO: Detected N+1 Query  
[2024-05-14 08:17:17] local.INFO: Model: App\Models\CompanyLevel
Relation: App\Models\Companies
Num-Called: 3
Call-Stack:
#21 \vendor\livewire\livewire\src\HydrationMiddleware\HydratePublicProperties.php:175
#22 \vendor\livewire\livewire\src\HydrationMiddleware\HydratePublicProperties.php:60
#23 \vendor\livewire\livewire\src\LifecycleManager.php:89
#24 \vendor\livewire\livewire\src\Connection\ConnectionHandler.php:13
#25 \vendor\livewire\livewire\src\Controllers\HttpConnectionHandler.php:19
#26 \vendor\laravel\framework\src\Illuminate\Routing\ControllerDispatcher.php:46
#27 \vendor\laravel\framework\src\Illuminate\Routing\Route.php:259
#28 \vendor\laravel\framework\src\Illuminate\Routing\Route.php:205
#29 \vendor\laravel\framework\src\Illuminate\Routing\Router.php:806
#30 \vendor\laravel\framework\src\Illuminate\Pipeline\Pipeline.php:144
#31 \app\Http\Middleware\Localization.php:23
#32 \vendor\laravel\framework\src\Illuminate\Pipeline\Pipeline.php:183
#33 \vendor\laravel\framework\src\Illuminate\Routing\Middleware\SubstituteBindings.php:50
#34 \vendor\laravel\framework\src\Illuminate\Pipeline\Pipeline.php:183
#35 \vendor\laravel\framework\src\Illuminate\Foundation\Http\Middleware\VerifyCsrfToken.php:78
#36 \vendor\laravel\framework\src\Illuminate\Pipeline\Pipeline.php:183
#37 \vendor\laravel\framework\src\Illuminate\View\Middleware\ShareErrorsFromSession.php:49
#38 \vendor\laravel\framework\src\Illuminate\Pipeline\Pipeline.php:183
#39 \vendor\laravel\framework\src\Illuminate\Session\Middleware\StartSession.php:121
#40 \vendor\laravel\framework\src\Illuminate\Session\Middleware\StartSession.php:64
#41 \vendor\laravel\framework\src\Illuminate\Pipeline\Pipeline.php:183
#42 \vendor\laravel\framework\src\Illuminate\Cookie\Middleware\AddQueuedCookiesToResponse.php:37
#43 \vendor\laravel\framework\src\Illuminate\Pipeline\Pipeline.php:183
#44 \vendor\laravel\framework\src\Illuminate\Cookie\Middleware\EncryptCookies.php:67
#45 \vendor\laravel\framework\src\Illuminate\Pipeline\Pipeline.php:183
#46 \vendor\laravel\framework\src\Illuminate\Pipeline\Pipeline.php:119
#47 \vendor\laravel\framework\src\Illuminate\Routing\Router.php:805
#48 \vendor\laravel\framework\src\Illuminate\Routing\Router.php:784
#49 \vendor\laravel\framework\src\Illuminate\Routing\Router.php:748
  
[2024-05-14 08:17:17] local.INFO: Model: App\Models\Workgroup
Relation: App\Models\CompanyLevel
Num-Called: 2
Call-Stack:
#20 \vendor\livewire\livewire\src\HydrationMiddleware\HydratePublicProperties.php:175
#21 \vendor\livewire\livewire\src\HydrationMiddleware\HydratePublicProperties.php:60
#22 \vendor\livewire\livewire\src\LifecycleManager.php:89
#23 \vendor\livewire\livewire\src\Connection\ConnectionHandler.php:13
#24 \vendor\livewire\livewire\src\Controllers\HttpConnectionHandler.php:19
#25 \vendor\laravel\framework\src\Illuminate\Routing\ControllerDispatcher.php:46
#26 \vendor\laravel\framework\src\Illuminate\Routing\Route.php:259
#27 \vendor\laravel\framework\src\Illuminate\Routing\Route.php:205
#28 \vendor\laravel\framework\src\Illuminate\Routing\Router.php:806
#29 \vendor\laravel\framework\src\Illuminate\Pipeline\Pipeline.php:144
#30 \app\Http\Middleware\Localization.php:23
#31 \vendor\laravel\framework\src\Illuminate\Pipeline\Pipeline.php:183
#32 \vendor\laravel\framework\src\Illuminate\Routing\Middleware\SubstituteBindings.php:50
#33 \vendor\laravel\framework\src\Illuminate\Pipeline\Pipeline.php:183
#34 \vendor\laravel\framework\src\Illuminate\Foundation\Http\Middleware\VerifyCsrfToken.php:78
#35 \vendor\laravel\framework\src\Illuminate\Pipeline\Pipeline.php:183
#36 \vendor\laravel\framework\src\Illuminate\View\Middleware\ShareErrorsFromSession.php:49
#37 \vendor\laravel\framework\src\Illuminate\Pipeline\Pipeline.php:183
#38 \vendor\laravel\framework\src\Illuminate\Session\Middleware\StartSession.php:121
#39 \vendor\laravel\framework\src\Illuminate\Session\Middleware\StartSession.php:64
#40 \vendor\laravel\framework\src\Illuminate\Pipeline\Pipeline.php:183
#41 \vendor\laravel\framework\src\Illuminate\Cookie\Middleware\AddQueuedCookiesToResponse.php:37
#42 \vendor\laravel\framework\src\Illuminate\Pipeline\Pipeline.php:183
#43 \vendor\laravel\framework\src\Illuminate\Cookie\Middleware\EncryptCookies.php:67
#44 \vendor\laravel\framework\src\Illuminate\Pipeline\Pipeline.php:183
#45 \vendor\laravel\framework\src\Illuminate\Pipeline\Pipeline.php:119
#46 \vendor\laravel\framework\src\Illuminate\Routing\Router.php:805
#47 \vendor\laravel\framework\src\Illuminate\Routing\Router.php:784
#48 \vendor\laravel\framework\src\Illuminate\Routing\Router.php:748
#49 \vendor\laravel\framework\src\Illuminate\Routing\Router.php:737
  
[2024-05-14 08:17:18] local.INFO: Detected N+1 Query  
[2024-05-14 08:17:18] local.INFO: Model: App\Models\CompanyLevel
Relation: App\Models\Companies
Num-Called: 3
Call-Stack:
#21 \vendor\livewire\livewire\src\HydrationMiddleware\HydratePublicProperties.php:175
#22 \vendor\livewire\livewire\src\HydrationMiddleware\HydratePublicProperties.php:60
#23 \vendor\livewire\livewire\src\LifecycleManager.php:89
#24 \vendor\livewire\livewire\src\Connection\ConnectionHandler.php:13
#25 \vendor\livewire\livewire\src\Controllers\HttpConnectionHandler.php:19
#26 \vendor\laravel\framework\src\Illuminate\Routing\ControllerDispatcher.php:46
#27 \vendor\laravel\framework\src\Illuminate\Routing\Route.php:259
#28 \vendor\laravel\framework\src\Illuminate\Routing\Route.php:205
#29 \vendor\laravel\framework\src\Illuminate\Routing\Router.php:806
#30 \vendor\laravel\framework\src\Illuminate\Pipeline\Pipeline.php:144
#31 \app\Http\Middleware\Localization.php:23
#32 \vendor\laravel\framework\src\Illuminate\Pipeline\Pipeline.php:183
#33 \vendor\laravel\framework\src\Illuminate\Routing\Middleware\SubstituteBindings.php:50
#34 \vendor\laravel\framework\src\Illuminate\Pipeline\Pipeline.php:183
#35 \vendor\laravel\framework\src\Illuminate\Foundation\Http\Middleware\VerifyCsrfToken.php:78
#36 \vendor\laravel\framework\src\Illuminate\Pipeline\Pipeline.php:183
#37 \vendor\laravel\framework\src\Illuminate\View\Middleware\ShareErrorsFromSession.php:49
#38 \vendor\laravel\framework\src\Illuminate\Pipeline\Pipeline.php:183
#39 \vendor\laravel\framework\src\Illuminate\Session\Middleware\StartSession.php:121
#40 \vendor\laravel\framework\src\Illuminate\Session\Middleware\StartSession.php:64
#41 \vendor\laravel\framework\src\Illuminate\Pipeline\Pipeline.php:183
#42 \vendor\laravel\framework\src\Illuminate\Cookie\Middleware\AddQueuedCookiesToResponse.php:37
#43 \vendor\laravel\framework\src\Illuminate\Pipeline\Pipeline.php:183
#44 \vendor\laravel\framework\src\Illuminate\Cookie\Middleware\EncryptCookies.php:67
#45 \vendor\laravel\framework\src\Illuminate\Pipeline\Pipeline.php:183
#46 \vendor\laravel\framework\src\Illuminate\Pipeline\Pipeline.php:119
#47 \vendor\laravel\framework\src\Illuminate\Routing\Router.php:805
#48 \vendor\laravel\framework\src\Illuminate\Routing\Router.php:784
#49 \vendor\laravel\framework\src\Illuminate\Routing\Router.php:748
  
[2024-05-14 08:17:18] local.INFO: Model: App\Models\Workgroup
Relation: App\Models\CompanyLevel
Num-Called: 2
Call-Stack:
#20 \vendor\livewire\livewire\src\HydrationMiddleware\HydratePublicProperties.php:175
#21 \vendor\livewire\livewire\src\HydrationMiddleware\HydratePublicProperties.php:60
#22 \vendor\livewire\livewire\src\LifecycleManager.php:89
#23 \vendor\livewire\livewire\src\Connection\ConnectionHandler.php:13
#24 \vendor\livewire\livewire\src\Controllers\HttpConnectionHandler.php:19
#25 \vendor\laravel\framework\src\Illuminate\Routing\ControllerDispatcher.php:46
#26 \vendor\laravel\framework\src\Illuminate\Routing\Route.php:259
#27 \vendor\laravel\framework\src\Illuminate\Routing\Route.php:205
#28 \vendor\laravel\framework\src\Illuminate\Routing\Router.php:806
#29 \vendor\laravel\framework\src\Illuminate\Pipeline\Pipeline.php:144
#30 \app\Http\Middleware\Localization.php:23
#31 \vendor\laravel\framework\src\Illuminate\Pipeline\Pipeline.php:183
#32 \vendor\laravel\framework\src\Illuminate\Routing\Middleware\SubstituteBindings.php:50
#33 \vendor\laravel\framework\src\Illuminate\Pipeline\Pipeline.php:183
#34 \vendor\laravel\framework\src\Illuminate\Foundation\Http\Middleware\VerifyCsrfToken.php:78
#35 \vendor\laravel\framework\src\Illuminate\Pipeline\Pipeline.php:183
#36 \vendor\laravel\framework\src\Illuminate\View\Middleware\ShareErrorsFromSession.php:49
#37 \vendor\laravel\framework\src\Illuminate\Pipeline\Pipeline.php:183
#38 \vendor\laravel\framework\src\Illuminate\Session\Middleware\StartSession.php:121
#39 \vendor\laravel\framework\src\Illuminate\Session\Middleware\StartSession.php:64
#40 \vendor\laravel\framework\src\Illuminate\Pipeline\Pipeline.php:183
#41 \vendor\laravel\framework\src\Illuminate\Cookie\Middleware\AddQueuedCookiesToResponse.php:37
#42 \vendor\laravel\framework\src\Illuminate\Pipeline\Pipeline.php:183
#43 \vendor\laravel\framework\src\Illuminate\Cookie\Middleware\EncryptCookies.php:67
#44 \vendor\laravel\framework\src\Illuminate\Pipeline\Pipeline.php:183
#45 \vendor\laravel\framework\src\Illuminate\Pipeline\Pipeline.php:119
#46 \vendor\laravel\framework\src\Illuminate\Routing\Router.php:805
#47 \vendor\laravel\framework\src\Illuminate\Routing\Router.php:784
#48 \vendor\laravel\framework\src\Illuminate\Routing\Router.php:748
#49 \vendor\laravel\framework\src\Illuminate\Routing\Router.php:737
  
[2024-05-14 08:17:20] local.INFO: Detected N+1 Query  
[2024-05-14 08:17:20] local.INFO: Model: App\Models\CompanyLevel
Relation: App\Models\Companies
Num-Called: 3
Call-Stack:
#21 \vendor\livewire\livewire\src\HydrationMiddleware\HydratePublicProperties.php:175
#22 \vendor\livewire\livewire\src\HydrationMiddleware\HydratePublicProperties.php:60
#23 \vendor\livewire\livewire\src\LifecycleManager.php:89
#24 \vendor\livewire\livewire\src\Connection\ConnectionHandler.php:13
#25 \vendor\livewire\livewire\src\Controllers\HttpConnectionHandler.php:19
#26 \vendor\laravel\framework\src\Illuminate\Routing\ControllerDispatcher.php:46
#27 \vendor\laravel\framework\src\Illuminate\Routing\Route.php:259
#28 \vendor\laravel\framework\src\Illuminate\Routing\Route.php:205
#29 \vendor\laravel\framework\src\Illuminate\Routing\Router.php:806
#30 \vendor\laravel\framework\src\Illuminate\Pipeline\Pipeline.php:144
#31 \app\Http\Middleware\Localization.php:23
#32 \vendor\laravel\framework\src\Illuminate\Pipeline\Pipeline.php:183
#33 \vendor\laravel\framework\src\Illuminate\Routing\Middleware\SubstituteBindings.php:50
#34 \vendor\laravel\framework\src\Illuminate\Pipeline\Pipeline.php:183
#35 \vendor\laravel\framework\src\Illuminate\Foundation\Http\Middleware\VerifyCsrfToken.php:78
#36 \vendor\laravel\framework\src\Illuminate\Pipeline\Pipeline.php:183
#37 \vendor\laravel\framework\src\Illuminate\View\Middleware\ShareErrorsFromSession.php:49
#38 \vendor\laravel\framework\src\Illuminate\Pipeline\Pipeline.php:183
#39 \vendor\laravel\framework\src\Illuminate\Session\Middleware\StartSession.php:121
#40 \vendor\laravel\framework\src\Illuminate\Session\Middleware\StartSession.php:64
#41 \vendor\laravel\framework\src\Illuminate\Pipeline\Pipeline.php:183
#42 \vendor\laravel\framework\src\Illuminate\Cookie\Middleware\AddQueuedCookiesToResponse.php:37
#43 \vendor\laravel\framework\src\Illuminate\Pipeline\Pipeline.php:183
#44 \vendor\laravel\framework\src\Illuminate\Cookie\Middleware\EncryptCookies.php:67
#45 \vendor\laravel\framework\src\Illuminate\Pipeline\Pipeline.php:183
#46 \vendor\laravel\framework\src\Illuminate\Pipeline\Pipeline.php:119
#47 \vendor\laravel\framework\src\Illuminate\Routing\Router.php:805
#48 \vendor\laravel\framework\src\Illuminate\Routing\Router.php:784
#49 \vendor\laravel\framework\src\Illuminate\Routing\Router.php:748
  
[2024-05-14 08:17:20] local.INFO: Model: App\Models\Workgroup
Relation: App\Models\CompanyLevel
Num-Called: 2
Call-Stack:
#20 \vendor\livewire\livewire\src\HydrationMiddleware\HydratePublicProperties.php:175
#21 \vendor\livewire\livewire\src\HydrationMiddleware\HydratePublicProperties.php:60
#22 \vendor\livewire\livewire\src\LifecycleManager.php:89
#23 \vendor\livewire\livewire\src\Connection\ConnectionHandler.php:13
#24 \vendor\livewire\livewire\src\Controllers\HttpConnectionHandler.php:19
#25 \vendor\laravel\framework\src\Illuminate\Routing\ControllerDispatcher.php:46
#26 \vendor\laravel\framework\src\Illuminate\Routing\Route.php:259
#27 \vendor\laravel\framework\src\Illuminate\Routing\Route.php:205
#28 \vendor\laravel\framework\src\Illuminate\Routing\Router.php:806
#29 \vendor\laravel\framework\src\Illuminate\Pipeline\Pipeline.php:144
#30 \app\Http\Middleware\Localization.php:23
#31 \vendor\laravel\framework\src\Illuminate\Pipeline\Pipeline.php:183
#32 \vendor\laravel\framework\src\Illuminate\Routing\Middleware\SubstituteBindings.php:50
#33 \vendor\laravel\framework\src\Illuminate\Pipeline\Pipeline.php:183
#34 \vendor\laravel\framework\src\Illuminate\Foundation\Http\Middleware\VerifyCsrfToken.php:78
#35 \vendor\laravel\framework\src\Illuminate\Pipeline\Pipeline.php:183
#36 \vendor\laravel\framework\src\Illuminate\View\Middleware\ShareErrorsFromSession.php:49
#37 \vendor\laravel\framework\src\Illuminate\Pipeline\Pipeline.php:183
#38 \vendor\laravel\framework\src\Illuminate\Session\Middleware\StartSession.php:121
#39 \vendor\laravel\framework\src\Illuminate\Session\Middleware\StartSession.php:64
#40 \vendor\laravel\framework\src\Illuminate\Pipeline\Pipeline.php:183
#41 \vendor\laravel\framework\src\Illuminate\Cookie\Middleware\AddQueuedCookiesToResponse.php:37
#42 \vendor\laravel\framework\src\Illuminate\Pipeline\Pipeline.php:183
#43 \vendor\laravel\framework\src\Illuminate\Cookie\Middleware\EncryptCookies.php:67
#44 \vendor\laravel\framework\src\Illuminate\Pipeline\Pipeline.php:183
#45 \vendor\laravel\framework\src\Illuminate\Pipeline\Pipeline.php:119
#46 \vendor\laravel\framework\src\Illuminate\Routing\Router.php:805
#47 \vendor\laravel\framework\src\Illuminate\Routing\Router.php:784
#48 \vendor\laravel\framework\src\Illuminate\Routing\Router.php:748
#49 \vendor\laravel\framework\src\Illuminate\Routing\Router.php:737
  
[2024-05-14 08:17:27] local.INFO: Detected N+1 Query  
[2024-05-14 08:17:27] local.INFO: Model: App\Models\CompanyLevel
Relation: App\Models\Companies
Num-Called: 3
Call-Stack:
#21 \vendor\livewire\livewire\src\HydrationMiddleware\HydratePublicProperties.php:175
#22 \vendor\livewire\livewire\src\HydrationMiddleware\HydratePublicProperties.php:60
#23 \vendor\livewire\livewire\src\LifecycleManager.php:89
#24 \vendor\livewire\livewire\src\Connection\ConnectionHandler.php:13
#25 \vendor\livewire\livewire\src\Controllers\HttpConnectionHandler.php:19
#26 \vendor\laravel\framework\src\Illuminate\Routing\ControllerDispatcher.php:46
#27 \vendor\laravel\framework\src\Illuminate\Routing\Route.php:259
#28 \vendor\laravel\framework\src\Illuminate\Routing\Route.php:205
#29 \vendor\laravel\framework\src\Illuminate\Routing\Router.php:806
#30 \vendor\laravel\framework\src\Illuminate\Pipeline\Pipeline.php:144
#31 \app\Http\Middleware\Localization.php:23
#32 \vendor\laravel\framework\src\Illuminate\Pipeline\Pipeline.php:183
#33 \vendor\laravel\framework\src\Illuminate\Routing\Middleware\SubstituteBindings.php:50
#34 \vendor\laravel\framework\src\Illuminate\Pipeline\Pipeline.php:183
#35 \vendor\laravel\framework\src\Illuminate\Foundation\Http\Middleware\VerifyCsrfToken.php:78
#36 \vendor\laravel\framework\src\Illuminate\Pipeline\Pipeline.php:183
#37 \vendor\laravel\framework\src\Illuminate\View\Middleware\ShareErrorsFromSession.php:49
#38 \vendor\laravel\framework\src\Illuminate\Pipeline\Pipeline.php:183
#39 \vendor\laravel\framework\src\Illuminate\Session\Middleware\StartSession.php:121
#40 \vendor\laravel\framework\src\Illuminate\Session\Middleware\StartSession.php:64
#41 \vendor\laravel\framework\src\Illuminate\Pipeline\Pipeline.php:183
#42 \vendor\laravel\framework\src\Illuminate\Cookie\Middleware\AddQueuedCookiesToResponse.php:37
#43 \vendor\laravel\framework\src\Illuminate\Pipeline\Pipeline.php:183
#44 \vendor\laravel\framework\src\Illuminate\Cookie\Middleware\EncryptCookies.php:67
#45 \vendor\laravel\framework\src\Illuminate\Pipeline\Pipeline.php:183
#46 \vendor\laravel\framework\src\Illuminate\Pipeline\Pipeline.php:119
#47 \vendor\laravel\framework\src\Illuminate\Routing\Router.php:805
#48 \vendor\laravel\framework\src\Illuminate\Routing\Router.php:784
#49 \vendor\laravel\framework\src\Illuminate\Routing\Router.php:748
  
[2024-05-14 08:17:27] local.INFO: Model: App\Models\Workgroup
Relation: App\Models\CompanyLevel
Num-Called: 2
Call-Stack:
#20 \vendor\livewire\livewire\src\HydrationMiddleware\HydratePublicProperties.php:175
#21 \vendor\livewire\livewire\src\HydrationMiddleware\HydratePublicProperties.php:60
#22 \vendor\livewire\livewire\src\LifecycleManager.php:89
#23 \vendor\livewire\livewire\src\Connection\ConnectionHandler.php:13
#24 \vendor\livewire\livewire\src\Controllers\HttpConnectionHandler.php:19
#25 \vendor\laravel\framework\src\Illuminate\Routing\ControllerDispatcher.php:46
#26 \vendor\laravel\framework\src\Illuminate\Routing\Route.php:259
#27 \vendor\laravel\framework\src\Illuminate\Routing\Route.php:205
#28 \vendor\laravel\framework\src\Illuminate\Routing\Router.php:806
#29 \vendor\laravel\framework\src\Illuminate\Pipeline\Pipeline.php:144
#30 \app\Http\Middleware\Localization.php:23
#31 \vendor\laravel\framework\src\Illuminate\Pipeline\Pipeline.php:183
#32 \vendor\laravel\framework\src\Illuminate\Routing\Middleware\SubstituteBindings.php:50
#33 \vendor\laravel\framework\src\Illuminate\Pipeline\Pipeline.php:183
#34 \vendor\laravel\framework\src\Illuminate\Foundation\Http\Middleware\VerifyCsrfToken.php:78
#35 \vendor\laravel\framework\src\Illuminate\Pipeline\Pipeline.php:183
#36 \vendor\laravel\framework\src\Illuminate\View\Middleware\ShareErrorsFromSession.php:49
#37 \vendor\laravel\framework\src\Illuminate\Pipeline\Pipeline.php:183
#38 \vendor\laravel\framework\src\Illuminate\Session\Middleware\StartSession.php:121
#39 \vendor\laravel\framework\src\Illuminate\Session\Middleware\StartSession.php:64
#40 \vendor\laravel\framework\src\Illuminate\Pipeline\Pipeline.php:183
#41 \vendor\laravel\framework\src\Illuminate\Cookie\Middleware\AddQueuedCookiesToResponse.php:37
#42 \vendor\laravel\framework\src\Illuminate\Pipeline\Pipeline.php:183
#43 \vendor\laravel\framework\src\Illuminate\Cookie\Middleware\EncryptCookies.php:67
#44 \vendor\laravel\framework\src\Illuminate\Pipeline\Pipeline.php:183
#45 \vendor\laravel\framework\src\Illuminate\Pipeline\Pipeline.php:119
#46 \vendor\laravel\framework\src\Illuminate\Routing\Router.php:805
#47 \vendor\laravel\framework\src\Illuminate\Routing\Router.php:784
#48 \vendor\laravel\framework\src\Illuminate\Routing\Router.php:748
#49 \vendor\laravel\framework\src\Illuminate\Routing\Router.php:737
  
[2024-05-14 08:17:29] local.INFO: Detected N+1 Query  
[2024-05-14 08:17:29] local.INFO: Model: App\Models\CompanyLevel
Relation: App\Models\Companies
Num-Called: 3
Call-Stack:
#21 \vendor\livewire\livewire\src\HydrationMiddleware\HydratePublicProperties.php:175
#22 \vendor\livewire\livewire\src\HydrationMiddleware\HydratePublicProperties.php:60
#23 \vendor\livewire\livewire\src\LifecycleManager.php:89
#24 \vendor\livewire\livewire\src\Connection\ConnectionHandler.php:13
#25 \vendor\livewire\livewire\src\Controllers\HttpConnectionHandler.php:19
#26 \vendor\laravel\framework\src\Illuminate\Routing\ControllerDispatcher.php:46
#27 \vendor\laravel\framework\src\Illuminate\Routing\Route.php:259
#28 \vendor\laravel\framework\src\Illuminate\Routing\Route.php:205
#29 \vendor\laravel\framework\src\Illuminate\Routing\Router.php:806
#30 \vendor\laravel\framework\src\Illuminate\Pipeline\Pipeline.php:144
#31 \app\Http\Middleware\Localization.php:23
#32 \vendor\laravel\framework\src\Illuminate\Pipeline\Pipeline.php:183
#33 \vendor\laravel\framework\src\Illuminate\Routing\Middleware\SubstituteBindings.php:50
#34 \vendor\laravel\framework\src\Illuminate\Pipeline\Pipeline.php:183
#35 \vendor\laravel\framework\src\Illuminate\Foundation\Http\Middleware\VerifyCsrfToken.php:78
#36 \vendor\laravel\framework\src\Illuminate\Pipeline\Pipeline.php:183
#37 \vendor\laravel\framework\src\Illuminate\View\Middleware\ShareErrorsFromSession.php:49
#38 \vendor\laravel\framework\src\Illuminate\Pipeline\Pipeline.php:183
#39 \vendor\laravel\framework\src\Illuminate\Session\Middleware\StartSession.php:121
#40 \vendor\laravel\framework\src\Illuminate\Session\Middleware\StartSession.php:64
#41 \vendor\laravel\framework\src\Illuminate\Pipeline\Pipeline.php:183
#42 \vendor\laravel\framework\src\Illuminate\Cookie\Middleware\AddQueuedCookiesToResponse.php:37
#43 \vendor\laravel\framework\src\Illuminate\Pipeline\Pipeline.php:183
#44 \vendor\laravel\framework\src\Illuminate\Cookie\Middleware\EncryptCookies.php:67
#45 \vendor\laravel\framework\src\Illuminate\Pipeline\Pipeline.php:183
#46 \vendor\laravel\framework\src\Illuminate\Pipeline\Pipeline.php:119
#47 \vendor\laravel\framework\src\Illuminate\Routing\Router.php:805
#48 \vendor\laravel\framework\src\Illuminate\Routing\Router.php:784
#49 \vendor\laravel\framework\src\Illuminate\Routing\Router.php:748
  
[2024-05-14 08:17:29] local.INFO: Model: App\Models\Workgroup
Relation: App\Models\CompanyLevel
Num-Called: 2
Call-Stack:
#20 \vendor\livewire\livewire\src\HydrationMiddleware\HydratePublicProperties.php:175
#21 \vendor\livewire\livewire\src\HydrationMiddleware\HydratePublicProperties.php:60
#22 \vendor\livewire\livewire\src\LifecycleManager.php:89
#23 \vendor\livewire\livewire\src\Connection\ConnectionHandler.php:13
#24 \vendor\livewire\livewire\src\Controllers\HttpConnectionHandler.php:19
#25 \vendor\laravel\framework\src\Illuminate\Routing\ControllerDispatcher.php:46
#26 \vendor\laravel\framework\src\Illuminate\Routing\Route.php:259
#27 \vendor\laravel\framework\src\Illuminate\Routing\Route.php:205
#28 \vendor\laravel\framework\src\Illuminate\Routing\Router.php:806
#29 \vendor\laravel\framework\src\Illuminate\Pipeline\Pipeline.php:144
#30 \app\Http\Middleware\Localization.php:23
#31 \vendor\laravel\framework\src\Illuminate\Pipeline\Pipeline.php:183
#32 \vendor\laravel\framework\src\Illuminate\Routing\Middleware\SubstituteBindings.php:50
#33 \vendor\laravel\framework\src\Illuminate\Pipeline\Pipeline.php:183
#34 \vendor\laravel\framework\src\Illuminate\Foundation\Http\Middleware\VerifyCsrfToken.php:78
#35 \vendor\laravel\framework\src\Illuminate\Pipeline\Pipeline.php:183
#36 \vendor\laravel\framework\src\Illuminate\View\Middleware\ShareErrorsFromSession.php:49
#37 \vendor\laravel\framework\src\Illuminate\Pipeline\Pipeline.php:183
#38 \vendor\laravel\framework\src\Illuminate\Session\Middleware\StartSession.php:121
#39 \vendor\laravel\framework\src\Illuminate\Session\Middleware\StartSession.php:64
#40 \vendor\laravel\framework\src\Illuminate\Pipeline\Pipeline.php:183
#41 \vendor\laravel\framework\src\Illuminate\Cookie\Middleware\AddQueuedCookiesToResponse.php:37
#42 \vendor\laravel\framework\src\Illuminate\Pipeline\Pipeline.php:183
#43 \vendor\laravel\framework\src\Illuminate\Cookie\Middleware\EncryptCookies.php:67
#44 \vendor\laravel\framework\src\Illuminate\Pipeline\Pipeline.php:183
#45 \vendor\laravel\framework\src\Illuminate\Pipeline\Pipeline.php:119
#46 \vendor\laravel\framework\src\Illuminate\Routing\Router.php:805
#47 \vendor\laravel\framework\src\Illuminate\Routing\Router.php:784
#48 \vendor\laravel\framework\src\Illuminate\Routing\Router.php:748
#49 \vendor\laravel\framework\src\Illuminate\Routing\Router.php:737
  
[2024-05-14 08:17:29] local.INFO: Detected N+1 Query  
[2024-05-14 08:17:29] local.INFO: Model: App\Models\CompanyLevel
Relation: App\Models\Companies
Num-Called: 3
Call-Stack:
#21 \vendor\livewire\livewire\src\HydrationMiddleware\HydratePublicProperties.php:175
#22 \vendor\livewire\livewire\src\HydrationMiddleware\HydratePublicProperties.php:60
#23 \vendor\livewire\livewire\src\LifecycleManager.php:89
#24 \vendor\livewire\livewire\src\Connection\ConnectionHandler.php:13
#25 \vendor\livewire\livewire\src\Controllers\HttpConnectionHandler.php:19
#26 \vendor\laravel\framework\src\Illuminate\Routing\ControllerDispatcher.php:46
#27 \vendor\laravel\framework\src\Illuminate\Routing\Route.php:259
#28 \vendor\laravel\framework\src\Illuminate\Routing\Route.php:205
#29 \vendor\laravel\framework\src\Illuminate\Routing\Router.php:806
#30 \vendor\laravel\framework\src\Illuminate\Pipeline\Pipeline.php:144
#31 \app\Http\Middleware\Localization.php:23
#32 \vendor\laravel\framework\src\Illuminate\Pipeline\Pipeline.php:183
#33 \vendor\laravel\framework\src\Illuminate\Routing\Middleware\SubstituteBindings.php:50
#34 \vendor\laravel\framework\src\Illuminate\Pipeline\Pipeline.php:183
#35 \vendor\laravel\framework\src\Illuminate\Foundation\Http\Middleware\VerifyCsrfToken.php:78
#36 \vendor\laravel\framework\src\Illuminate\Pipeline\Pipeline.php:183
#37 \vendor\laravel\framework\src\Illuminate\View\Middleware\ShareErrorsFromSession.php:49
#38 \vendor\laravel\framework\src\Illuminate\Pipeline\Pipeline.php:183
#39 \vendor\laravel\framework\src\Illuminate\Session\Middleware\StartSession.php:121
#40 \vendor\laravel\framework\src\Illuminate\Session\Middleware\StartSession.php:64
#41 \vendor\laravel\framework\src\Illuminate\Pipeline\Pipeline.php:183
#42 \vendor\laravel\framework\src\Illuminate\Cookie\Middleware\AddQueuedCookiesToResponse.php:37
#43 \vendor\laravel\framework\src\Illuminate\Pipeline\Pipeline.php:183
#44 \vendor\laravel\framework\src\Illuminate\Cookie\Middleware\EncryptCookies.php:67
#45 \vendor\laravel\framework\src\Illuminate\Pipeline\Pipeline.php:183
#46 \vendor\laravel\framework\src\Illuminate\Pipeline\Pipeline.php:119
#47 \vendor\laravel\framework\src\Illuminate\Routing\Router.php:805
#48 \vendor\laravel\framework\src\Illuminate\Routing\Router.php:784
#49 \vendor\laravel\framework\src\Illuminate\Routing\Router.php:748
  
[2024-05-14 08:17:29] local.INFO: Model: App\Models\Workgroup
Relation: App\Models\CompanyLevel
Num-Called: 2
Call-Stack:
#20 \vendor\livewire\livewire\src\HydrationMiddleware\HydratePublicProperties.php:175
#21 \vendor\livewire\livewire\src\HydrationMiddleware\HydratePublicProperties.php:60
#22 \vendor\livewire\livewire\src\LifecycleManager.php:89
#23 \vendor\livewire\livewire\src\Connection\ConnectionHandler.php:13
#24 \vendor\livewire\livewire\src\Controllers\HttpConnectionHandler.php:19
#25 \vendor\laravel\framework\src\Illuminate\Routing\ControllerDispatcher.php:46
#26 \vendor\laravel\framework\src\Illuminate\Routing\Route.php:259
#27 \vendor\laravel\framework\src\Illuminate\Routing\Route.php:205
#28 \vendor\laravel\framework\src\Illuminate\Routing\Router.php:806
#29 \vendor\laravel\framework\src\Illuminate\Pipeline\Pipeline.php:144
#30 \app\Http\Middleware\Localization.php:23
#31 \vendor\laravel\framework\src\Illuminate\Pipeline\Pipeline.php:183
#32 \vendor\laravel\framework\src\Illuminate\Routing\Middleware\SubstituteBindings.php:50
#33 \vendor\laravel\framework\src\Illuminate\Pipeline\Pipeline.php:183
#34 \vendor\laravel\framework\src\Illuminate\Foundation\Http\Middleware\VerifyCsrfToken.php:78
#35 \vendor\laravel\framework\src\Illuminate\Pipeline\Pipeline.php:183
#36 \vendor\laravel\framework\src\Illuminate\View\Middleware\ShareErrorsFromSession.php:49
#37 \vendor\laravel\framework\src\Illuminate\Pipeline\Pipeline.php:183
#38 \vendor\laravel\framework\src\Illuminate\Session\Middleware\StartSession.php:121
#39 \vendor\laravel\framework\src\Illuminate\Session\Middleware\StartSession.php:64
#40 \vendor\laravel\framework\src\Illuminate\Pipeline\Pipeline.php:183
#41 \vendor\laravel\framework\src\Illuminate\Cookie\Middleware\AddQueuedCookiesToResponse.php:37
#42 \vendor\laravel\framework\src\Illuminate\Pipeline\Pipeline.php:183
#43 \vendor\laravel\framework\src\Illuminate\Cookie\Middleware\EncryptCookies.php:67
#44 \vendor\laravel\framework\src\Illuminate\Pipeline\Pipeline.php:183
#45 \vendor\laravel\framework\src\Illuminate\Pipeline\Pipeline.php:119
#46 \vendor\laravel\framework\src\Illuminate\Routing\Router.php:805
#47 \vendor\laravel\framework\src\Illuminate\Routing\Router.php:784
#48 \vendor\laravel\framework\src\Illuminate\Routing\Router.php:748
#49 \vendor\laravel\framework\src\Illuminate\Routing\Router.php:737
  
[2024-05-14 08:17:32] local.INFO: Detected N+1 Query  
[2024-05-14 08:17:32] local.INFO: Model: App\Models\CompanyLevel
Relation: App\Models\Companies
Num-Called: 3
Call-Stack:
#21 \vendor\livewire\livewire\src\HydrationMiddleware\HydratePublicProperties.php:175
#22 \vendor\livewire\livewire\src\HydrationMiddleware\HydratePublicProperties.php:60
#23 \vendor\livewire\livewire\src\LifecycleManager.php:89
#24 \vendor\livewire\livewire\src\Connection\ConnectionHandler.php:13
#25 \vendor\livewire\livewire\src\Controllers\HttpConnectionHandler.php:19
#26 \vendor\laravel\framework\src\Illuminate\Routing\ControllerDispatcher.php:46
#27 \vendor\laravel\framework\src\Illuminate\Routing\Route.php:259
#28 \vendor\laravel\framework\src\Illuminate\Routing\Route.php:205
#29 \vendor\laravel\framework\src\Illuminate\Routing\Router.php:806
#30 \vendor\laravel\framework\src\Illuminate\Pipeline\Pipeline.php:144
#31 \app\Http\Middleware\Localization.php:23
#32 \vendor\laravel\framework\src\Illuminate\Pipeline\Pipeline.php:183
#33 \vendor\laravel\framework\src\Illuminate\Routing\Middleware\SubstituteBindings.php:50
#34 \vendor\laravel\framework\src\Illuminate\Pipeline\Pipeline.php:183
#35 \vendor\laravel\framework\src\Illuminate\Foundation\Http\Middleware\VerifyCsrfToken.php:78
#36 \vendor\laravel\framework\src\Illuminate\Pipeline\Pipeline.php:183
#37 \vendor\laravel\framework\src\Illuminate\View\Middleware\ShareErrorsFromSession.php:49
#38 \vendor\laravel\framework\src\Illuminate\Pipeline\Pipeline.php:183
#39 \vendor\laravel\framework\src\Illuminate\Session\Middleware\StartSession.php:121
#40 \vendor\laravel\framework\src\Illuminate\Session\Middleware\StartSession.php:64
#41 \vendor\laravel\framework\src\Illuminate\Pipeline\Pipeline.php:183
#42 \vendor\laravel\framework\src\Illuminate\Cookie\Middleware\AddQueuedCookiesToResponse.php:37
#43 \vendor\laravel\framework\src\Illuminate\Pipeline\Pipeline.php:183
#44 \vendor\laravel\framework\src\Illuminate\Cookie\Middleware\EncryptCookies.php:67
#45 \vendor\laravel\framework\src\Illuminate\Pipeline\Pipeline.php:183
#46 \vendor\laravel\framework\src\Illuminate\Pipeline\Pipeline.php:119
#47 \vendor\laravel\framework\src\Illuminate\Routing\Router.php:805
#48 \vendor\laravel\framework\src\Illuminate\Routing\Router.php:784
#49 \vendor\laravel\framework\src\Illuminate\Routing\Router.php:748
  
[2024-05-14 08:17:32] local.INFO: Model: App\Models\Workgroup
Relation: App\Models\CompanyLevel
Num-Called: 2
Call-Stack:
#20 \vendor\livewire\livewire\src\HydrationMiddleware\HydratePublicProperties.php:175
#21 \vendor\livewire\livewire\src\HydrationMiddleware\HydratePublicProperties.php:60
#22 \vendor\livewire\livewire\src\LifecycleManager.php:89
#23 \vendor\livewire\livewire\src\Connection\ConnectionHandler.php:13
#24 \vendor\livewire\livewire\src\Controllers\HttpConnectionHandler.php:19
#25 \vendor\laravel\framework\src\Illuminate\Routing\ControllerDispatcher.php:46
#26 \vendor\laravel\framework\src\Illuminate\Routing\Route.php:259
#27 \vendor\laravel\framework\src\Illuminate\Routing\Route.php:205
#28 \vendor\laravel\framework\src\Illuminate\Routing\Router.php:806
#29 \vendor\laravel\framework\src\Illuminate\Pipeline\Pipeline.php:144
#30 \app\Http\Middleware\Localization.php:23
#31 \vendor\laravel\framework\src\Illuminate\Pipeline\Pipeline.php:183
#32 \vendor\laravel\framework\src\Illuminate\Routing\Middleware\SubstituteBindings.php:50
#33 \vendor\laravel\framework\src\Illuminate\Pipeline\Pipeline.php:183
#34 \vendor\laravel\framework\src\Illuminate\Foundation\Http\Middleware\VerifyCsrfToken.php:78
#35 \vendor\laravel\framework\src\Illuminate\Pipeline\Pipeline.php:183
#36 \vendor\laravel\framework\src\Illuminate\View\Middleware\ShareErrorsFromSession.php:49
#37 \vendor\laravel\framework\src\Illuminate\Pipeline\Pipeline.php:183
#38 \vendor\laravel\framework\src\Illuminate\Session\Middleware\StartSession.php:121
#39 \vendor\laravel\framework\src\Illuminate\Session\Middleware\StartSession.php:64
#40 \vendor\laravel\framework\src\Illuminate\Pipeline\Pipeline.php:183
#41 \vendor\laravel\framework\src\Illuminate\Cookie\Middleware\AddQueuedCookiesToResponse.php:37
#42 \vendor\laravel\framework\src\Illuminate\Pipeline\Pipeline.php:183
#43 \vendor\laravel\framework\src\Illuminate\Cookie\Middleware\EncryptCookies.php:67
#44 \vendor\laravel\framework\src\Illuminate\Pipeline\Pipeline.php:183
#45 \vendor\laravel\framework\src\Illuminate\Pipeline\Pipeline.php:119
#46 \vendor\laravel\framework\src\Illuminate\Routing\Router.php:805
#47 \vendor\laravel\framework\src\Illuminate\Routing\Router.php:784
#48 \vendor\laravel\framework\src\Illuminate\Routing\Router.php:748
#49 \vendor\laravel\framework\src\Illuminate\Routing\Router.php:737
  
[2024-05-14 08:17:33] local.INFO: Detected N+1 Query  
[2024-05-14 08:17:33] local.INFO: Model: App\Models\CompanyLevel
Relation: App\Models\Companies
Num-Called: 3
Call-Stack:
#21 \vendor\livewire\livewire\src\HydrationMiddleware\HydratePublicProperties.php:175
#22 \vendor\livewire\livewire\src\HydrationMiddleware\HydratePublicProperties.php:60
#23 \vendor\livewire\livewire\src\LifecycleManager.php:89
#24 \vendor\livewire\livewire\src\Connection\ConnectionHandler.php:13
#25 \vendor\livewire\livewire\src\Controllers\HttpConnectionHandler.php:19
#26 \vendor\laravel\framework\src\Illuminate\Routing\ControllerDispatcher.php:46
#27 \vendor\laravel\framework\src\Illuminate\Routing\Route.php:259
#28 \vendor\laravel\framework\src\Illuminate\Routing\Route.php:205
#29 \vendor\laravel\framework\src\Illuminate\Routing\Router.php:806
#30 \vendor\laravel\framework\src\Illuminate\Pipeline\Pipeline.php:144
#31 \app\Http\Middleware\Localization.php:23
#32 \vendor\laravel\framework\src\Illuminate\Pipeline\Pipeline.php:183
#33 \vendor\laravel\framework\src\Illuminate\Routing\Middleware\SubstituteBindings.php:50
#34 \vendor\laravel\framework\src\Illuminate\Pipeline\Pipeline.php:183
#35 \vendor\laravel\framework\src\Illuminate\Foundation\Http\Middleware\VerifyCsrfToken.php:78
#36 \vendor\laravel\framework\src\Illuminate\Pipeline\Pipeline.php:183
#37 \vendor\laravel\framework\src\Illuminate\View\Middleware\ShareErrorsFromSession.php:49
#38 \vendor\laravel\framework\src\Illuminate\Pipeline\Pipeline.php:183
#39 \vendor\laravel\framework\src\Illuminate\Session\Middleware\StartSession.php:121
#40 \vendor\laravel\framework\src\Illuminate\Session\Middleware\StartSession.php:64
#41 \vendor\laravel\framework\src\Illuminate\Pipeline\Pipeline.php:183
#42 \vendor\laravel\framework\src\Illuminate\Cookie\Middleware\AddQueuedCookiesToResponse.php:37
#43 \vendor\laravel\framework\src\Illuminate\Pipeline\Pipeline.php:183
#44 \vendor\laravel\framework\src\Illuminate\Cookie\Middleware\EncryptCookies.php:67
#45 \vendor\laravel\framework\src\Illuminate\Pipeline\Pipeline.php:183
#46 \vendor\laravel\framework\src\Illuminate\Pipeline\Pipeline.php:119
#47 \vendor\laravel\framework\src\Illuminate\Routing\Router.php:805
#48 \vendor\laravel\framework\src\Illuminate\Routing\Router.php:784
#49 \vendor\laravel\framework\src\Illuminate\Routing\Router.php:748
  
[2024-05-14 08:17:33] local.INFO: Model: App\Models\Workgroup
Relation: App\Models\CompanyLevel
Num-Called: 2
Call-Stack:
#20 \vendor\livewire\livewire\src\HydrationMiddleware\HydratePublicProperties.php:175
#21 \vendor\livewire\livewire\src\HydrationMiddleware\HydratePublicProperties.php:60
#22 \vendor\livewire\livewire\src\LifecycleManager.php:89
#23 \vendor\livewire\livewire\src\Connection\ConnectionHandler.php:13
#24 \vendor\livewire\livewire\src\Controllers\HttpConnectionHandler.php:19
#25 \vendor\laravel\framework\src\Illuminate\Routing\ControllerDispatcher.php:46
#26 \vendor\laravel\framework\src\Illuminate\Routing\Route.php:259
#27 \vendor\laravel\framework\src\Illuminate\Routing\Route.php:205
#28 \vendor\laravel\framework\src\Illuminate\Routing\Router.php:806
#29 \vendor\laravel\framework\src\Illuminate\Pipeline\Pipeline.php:144
#30 \app\Http\Middleware\Localization.php:23
#31 \vendor\laravel\framework\src\Illuminate\Pipeline\Pipeline.php:183
#32 \vendor\laravel\framework\src\Illuminate\Routing\Middleware\SubstituteBindings.php:50
#33 \vendor\laravel\framework\src\Illuminate\Pipeline\Pipeline.php:183
#34 \vendor\laravel\framework\src\Illuminate\Foundation\Http\Middleware\VerifyCsrfToken.php:78
#35 \vendor\laravel\framework\src\Illuminate\Pipeline\Pipeline.php:183
#36 \vendor\laravel\framework\src\Illuminate\View\Middleware\ShareErrorsFromSession.php:49
#37 \vendor\laravel\framework\src\Illuminate\Pipeline\Pipeline.php:183
#38 \vendor\laravel\framework\src\Illuminate\Session\Middleware\StartSession.php:121
#39 \vendor\laravel\framework\src\Illuminate\Session\Middleware\StartSession.php:64
#40 \vendor\laravel\framework\src\Illuminate\Pipeline\Pipeline.php:183
#41 \vendor\laravel\framework\src\Illuminate\Cookie\Middleware\AddQueuedCookiesToResponse.php:37
#42 \vendor\laravel\framework\src\Illuminate\Pipeline\Pipeline.php:183
#43 \vendor\laravel\framework\src\Illuminate\Cookie\Middleware\EncryptCookies.php:67
#44 \vendor\laravel\framework\src\Illuminate\Pipeline\Pipeline.php:183
#45 \vendor\laravel\framework\src\Illuminate\Pipeline\Pipeline.php:119
#46 \vendor\laravel\framework\src\Illuminate\Routing\Router.php:805
#47 \vendor\laravel\framework\src\Illuminate\Routing\Router.php:784
#48 \vendor\laravel\framework\src\Illuminate\Routing\Router.php:748
#49 \vendor\laravel\framework\src\Illuminate\Routing\Router.php:737
  
[2024-05-14 08:17:35] local.INFO: Detected N+1 Query  
[2024-05-14 08:17:35] local.INFO: Model: App\Models\CompanyLevel
Relation: App\Models\Companies
Num-Called: 3
Call-Stack:
#21 \vendor\livewire\livewire\src\HydrationMiddleware\HydratePublicProperties.php:175
#22 \vendor\livewire\livewire\src\HydrationMiddleware\HydratePublicProperties.php:60
#23 \vendor\livewire\livewire\src\LifecycleManager.php:89
#24 \vendor\livewire\livewire\src\Connection\ConnectionHandler.php:13
#25 \vendor\livewire\livewire\src\Controllers\HttpConnectionHandler.php:19
#26 \vendor\laravel\framework\src\Illuminate\Routing\ControllerDispatcher.php:46
#27 \vendor\laravel\framework\src\Illuminate\Routing\Route.php:259
#28 \vendor\laravel\framework\src\Illuminate\Routing\Route.php:205
#29 \vendor\laravel\framework\src\Illuminate\Routing\Router.php:806
#30 \vendor\laravel\framework\src\Illuminate\Pipeline\Pipeline.php:144
#31 \app\Http\Middleware\Localization.php:23
#32 \vendor\laravel\framework\src\Illuminate\Pipeline\Pipeline.php:183
#33 \vendor\laravel\framework\src\Illuminate\Routing\Middleware\SubstituteBindings.php:50
#34 \vendor\laravel\framework\src\Illuminate\Pipeline\Pipeline.php:183
#35 \vendor\laravel\framework\src\Illuminate\Foundation\Http\Middleware\VerifyCsrfToken.php:78
#36 \vendor\laravel\framework\src\Illuminate\Pipeline\Pipeline.php:183
#37 \vendor\laravel\framework\src\Illuminate\View\Middleware\ShareErrorsFromSession.php:49
#38 \vendor\laravel\framework\src\Illuminate\Pipeline\Pipeline.php:183
#39 \vendor\laravel\framework\src\Illuminate\Session\Middleware\StartSession.php:121
#40 \vendor\laravel\framework\src\Illuminate\Session\Middleware\StartSession.php:64
#41 \vendor\laravel\framework\src\Illuminate\Pipeline\Pipeline.php:183
#42 \vendor\laravel\framework\src\Illuminate\Cookie\Middleware\AddQueuedCookiesToResponse.php:37
#43 \vendor\laravel\framework\src\Illuminate\Pipeline\Pipeline.php:183
#44 \vendor\laravel\framework\src\Illuminate\Cookie\Middleware\EncryptCookies.php:67
#45 \vendor\laravel\framework\src\Illuminate\Pipeline\Pipeline.php:183
#46 \vendor\laravel\framework\src\Illuminate\Pipeline\Pipeline.php:119
#47 \vendor\laravel\framework\src\Illuminate\Routing\Router.php:805
#48 \vendor\laravel\framework\src\Illuminate\Routing\Router.php:784
#49 \vendor\laravel\framework\src\Illuminate\Routing\Router.php:748
  
[2024-05-14 08:17:35] local.INFO: Model: App\Models\Workgroup
Relation: App\Models\CompanyLevel
Num-Called: 2
Call-Stack:
#20 \vendor\livewire\livewire\src\HydrationMiddleware\HydratePublicProperties.php:175
#21 \vendor\livewire\livewire\src\HydrationMiddleware\HydratePublicProperties.php:60
#22 \vendor\livewire\livewire\src\LifecycleManager.php:89
#23 \vendor\livewire\livewire\src\Connection\ConnectionHandler.php:13
#24 \vendor\livewire\livewire\src\Controllers\HttpConnectionHandler.php:19
#25 \vendor\laravel\framework\src\Illuminate\Routing\ControllerDispatcher.php:46
#26 \vendor\laravel\framework\src\Illuminate\Routing\Route.php:259
#27 \vendor\laravel\framework\src\Illuminate\Routing\Route.php:205
#28 \vendor\laravel\framework\src\Illuminate\Routing\Router.php:806
#29 \vendor\laravel\framework\src\Illuminate\Pipeline\Pipeline.php:144
#30 \app\Http\Middleware\Localization.php:23
#31 \vendor\laravel\framework\src\Illuminate\Pipeline\Pipeline.php:183
#32 \vendor\laravel\framework\src\Illuminate\Routing\Middleware\SubstituteBindings.php:50
#33 \vendor\laravel\framework\src\Illuminate\Pipeline\Pipeline.php:183
#34 \vendor\laravel\framework\src\Illuminate\Foundation\Http\Middleware\VerifyCsrfToken.php:78
#35 \vendor\laravel\framework\src\Illuminate\Pipeline\Pipeline.php:183
#36 \vendor\laravel\framework\src\Illuminate\View\Middleware\ShareErrorsFromSession.php:49
#37 \vendor\laravel\framework\src\Illuminate\Pipeline\Pipeline.php:183
#38 \vendor\laravel\framework\src\Illuminate\Session\Middleware\StartSession.php:121
#39 \vendor\laravel\framework\src\Illuminate\Session\Middleware\StartSession.php:64
#40 \vendor\laravel\framework\src\Illuminate\Pipeline\Pipeline.php:183
#41 \vendor\laravel\framework\src\Illuminate\Cookie\Middleware\AddQueuedCookiesToResponse.php:37
#42 \vendor\laravel\framework\src\Illuminate\Pipeline\Pipeline.php:183
#43 \vendor\laravel\framework\src\Illuminate\Cookie\Middleware\EncryptCookies.php:67
#44 \vendor\laravel\framework\src\Illuminate\Pipeline\Pipeline.php:183
#45 \vendor\laravel\framework\src\Illuminate\Pipeline\Pipeline.php:119
#46 \vendor\laravel\framework\src\Illuminate\Routing\Router.php:805
#47 \vendor\laravel\framework\src\Illuminate\Routing\Router.php:784
#48 \vendor\laravel\framework\src\Illuminate\Routing\Router.php:748
#49 \vendor\laravel\framework\src\Illuminate\Routing\Router.php:737
  
[2024-05-14 08:17:39] local.INFO: Detected N+1 Query  
[2024-05-14 08:17:39] local.INFO: Model: App\Models\CompanyLevel
Relation: App\Models\Companies
Num-Called: 3
Call-Stack:
#21 \vendor\livewire\livewire\src\HydrationMiddleware\HydratePublicProperties.php:175
#22 \vendor\livewire\livewire\src\HydrationMiddleware\HydratePublicProperties.php:60
#23 \vendor\livewire\livewire\src\LifecycleManager.php:89
#24 \vendor\livewire\livewire\src\Connection\ConnectionHandler.php:13
#25 \vendor\livewire\livewire\src\Controllers\HttpConnectionHandler.php:19
#26 \vendor\laravel\framework\src\Illuminate\Routing\ControllerDispatcher.php:46
#27 \vendor\laravel\framework\src\Illuminate\Routing\Route.php:259
#28 \vendor\laravel\framework\src\Illuminate\Routing\Route.php:205
#29 \vendor\laravel\framework\src\Illuminate\Routing\Router.php:806
#30 \vendor\laravel\framework\src\Illuminate\Pipeline\Pipeline.php:144
#31 \app\Http\Middleware\Localization.php:23
#32 \vendor\laravel\framework\src\Illuminate\Pipeline\Pipeline.php:183
#33 \vendor\laravel\framework\src\Illuminate\Routing\Middleware\SubstituteBindings.php:50
#34 \vendor\laravel\framework\src\Illuminate\Pipeline\Pipeline.php:183
#35 \vendor\laravel\framework\src\Illuminate\Foundation\Http\Middleware\VerifyCsrfToken.php:78
#36 \vendor\laravel\framework\src\Illuminate\Pipeline\Pipeline.php:183
#37 \vendor\laravel\framework\src\Illuminate\View\Middleware\ShareErrorsFromSession.php:49
#38 \vendor\laravel\framework\src\Illuminate\Pipeline\Pipeline.php:183
#39 \vendor\laravel\framework\src\Illuminate\Session\Middleware\StartSession.php:121
#40 \vendor\laravel\framework\src\Illuminate\Session\Middleware\StartSession.php:64
#41 \vendor\laravel\framework\src\Illuminate\Pipeline\Pipeline.php:183
#42 \vendor\laravel\framework\src\Illuminate\Cookie\Middleware\AddQueuedCookiesToResponse.php:37
#43 \vendor\laravel\framework\src\Illuminate\Pipeline\Pipeline.php:183
#44 \vendor\laravel\framework\src\Illuminate\Cookie\Middleware\EncryptCookies.php:67
#45 \vendor\laravel\framework\src\Illuminate\Pipeline\Pipeline.php:183
#46 \vendor\laravel\framework\src\Illuminate\Pipeline\Pipeline.php:119
#47 \vendor\laravel\framework\src\Illuminate\Routing\Router.php:805
#48 \vendor\laravel\framework\src\Illuminate\Routing\Router.php:784
#49 \vendor\laravel\framework\src\Illuminate\Routing\Router.php:748
  
[2024-05-14 08:17:39] local.INFO: Model: App\Models\Workgroup
Relation: App\Models\CompanyLevel
Num-Called: 2
Call-Stack:
#20 \vendor\livewire\livewire\src\HydrationMiddleware\HydratePublicProperties.php:175
#21 \vendor\livewire\livewire\src\HydrationMiddleware\HydratePublicProperties.php:60
#22 \vendor\livewire\livewire\src\LifecycleManager.php:89
#23 \vendor\livewire\livewire\src\Connection\ConnectionHandler.php:13
#24 \vendor\livewire\livewire\src\Controllers\HttpConnectionHandler.php:19
#25 \vendor\laravel\framework\src\Illuminate\Routing\ControllerDispatcher.php:46
#26 \vendor\laravel\framework\src\Illuminate\Routing\Route.php:259
#27 \vendor\laravel\framework\src\Illuminate\Routing\Route.php:205
#28 \vendor\laravel\framework\src\Illuminate\Routing\Router.php:806
#29 \vendor\laravel\framework\src\Illuminate\Pipeline\Pipeline.php:144
#30 \app\Http\Middleware\Localization.php:23
#31 \vendor\laravel\framework\src\Illuminate\Pipeline\Pipeline.php:183
#32 \vendor\laravel\framework\src\Illuminate\Routing\Middleware\SubstituteBindings.php:50
#33 \vendor\laravel\framework\src\Illuminate\Pipeline\Pipeline.php:183
#34 \vendor\laravel\framework\src\Illuminate\Foundation\Http\Middleware\VerifyCsrfToken.php:78
#35 \vendor\laravel\framework\src\Illuminate\Pipeline\Pipeline.php:183
#36 \vendor\laravel\framework\src\Illuminate\View\Middleware\ShareErrorsFromSession.php:49
#37 \vendor\laravel\framework\src\Illuminate\Pipeline\Pipeline.php:183
#38 \vendor\laravel\framework\src\Illuminate\Session\Middleware\StartSession.php:121
#39 \vendor\laravel\framework\src\Illuminate\Session\Middleware\StartSession.php:64
#40 \vendor\laravel\framework\src\Illuminate\Pipeline\Pipeline.php:183
#41 \vendor\laravel\framework\src\Illuminate\Cookie\Middleware\AddQueuedCookiesToResponse.php:37
#42 \vendor\laravel\framework\src\Illuminate\Pipeline\Pipeline.php:183
#43 \vendor\laravel\framework\src\Illuminate\Cookie\Middleware\EncryptCookies.php:67
#44 \vendor\laravel\framework\src\Illuminate\Pipeline\Pipeline.php:183
#45 \vendor\laravel\framework\src\Illuminate\Pipeline\Pipeline.php:119
#46 \vendor\laravel\framework\src\Illuminate\Routing\Router.php:805
#47 \vendor\laravel\framework\src\Illuminate\Routing\Router.php:784
#48 \vendor\laravel\framework\src\Illuminate\Routing\Router.php:748
#49 \vendor\laravel\framework\src\Illuminate\Routing\Router.php:737
  
[2024-05-14 08:17:46] local.INFO: Detected N+1 Query  
[2024-05-14 08:17:46] local.INFO: Model: App\Models\CompanyLevel
Relation: App\Models\Companies
Num-Called: 3
Call-Stack:
#21 \vendor\livewire\livewire\src\HydrationMiddleware\HydratePublicProperties.php:175
#22 \vendor\livewire\livewire\src\HydrationMiddleware\HydratePublicProperties.php:60
#23 \vendor\livewire\livewire\src\LifecycleManager.php:89
#24 \vendor\livewire\livewire\src\Connection\ConnectionHandler.php:13
#25 \vendor\livewire\livewire\src\Controllers\HttpConnectionHandler.php:19
#26 \vendor\laravel\framework\src\Illuminate\Routing\ControllerDispatcher.php:46
#27 \vendor\laravel\framework\src\Illuminate\Routing\Route.php:259
#28 \vendor\laravel\framework\src\Illuminate\Routing\Route.php:205
#29 \vendor\laravel\framework\src\Illuminate\Routing\Router.php:806
#30 \vendor\laravel\framework\src\Illuminate\Pipeline\Pipeline.php:144
#31 \app\Http\Middleware\Localization.php:23
#32 \vendor\laravel\framework\src\Illuminate\Pipeline\Pipeline.php:183
#33 \vendor\laravel\framework\src\Illuminate\Routing\Middleware\SubstituteBindings.php:50
#34 \vendor\laravel\framework\src\Illuminate\Pipeline\Pipeline.php:183
#35 \vendor\laravel\framework\src\Illuminate\Foundation\Http\Middleware\VerifyCsrfToken.php:78
#36 \vendor\laravel\framework\src\Illuminate\Pipeline\Pipeline.php:183
#37 \vendor\laravel\framework\src\Illuminate\View\Middleware\ShareErrorsFromSession.php:49
#38 \vendor\laravel\framework\src\Illuminate\Pipeline\Pipeline.php:183
#39 \vendor\laravel\framework\src\Illuminate\Session\Middleware\StartSession.php:121
#40 \vendor\laravel\framework\src\Illuminate\Session\Middleware\StartSession.php:64
#41 \vendor\laravel\framework\src\Illuminate\Pipeline\Pipeline.php:183
#42 \vendor\laravel\framework\src\Illuminate\Cookie\Middleware\AddQueuedCookiesToResponse.php:37
#43 \vendor\laravel\framework\src\Illuminate\Pipeline\Pipeline.php:183
#44 \vendor\laravel\framework\src\Illuminate\Cookie\Middleware\EncryptCookies.php:67
#45 \vendor\laravel\framework\src\Illuminate\Pipeline\Pipeline.php:183
#46 \vendor\laravel\framework\src\Illuminate\Pipeline\Pipeline.php:119
#47 \vendor\laravel\framework\src\Illuminate\Routing\Router.php:805
#48 \vendor\laravel\framework\src\Illuminate\Routing\Router.php:784
#49 \vendor\laravel\framework\src\Illuminate\Routing\Router.php:748
  
[2024-05-14 08:17:46] local.INFO: Model: App\Models\Workgroup
Relation: App\Models\CompanyLevel
Num-Called: 2
Call-Stack:
#20 \vendor\livewire\livewire\src\HydrationMiddleware\HydratePublicProperties.php:175
#21 \vendor\livewire\livewire\src\HydrationMiddleware\HydratePublicProperties.php:60
#22 \vendor\livewire\livewire\src\LifecycleManager.php:89
#23 \vendor\livewire\livewire\src\Connection\ConnectionHandler.php:13
#24 \vendor\livewire\livewire\src\Controllers\HttpConnectionHandler.php:19
#25 \vendor\laravel\framework\src\Illuminate\Routing\ControllerDispatcher.php:46
#26 \vendor\laravel\framework\src\Illuminate\Routing\Route.php:259
#27 \vendor\laravel\framework\src\Illuminate\Routing\Route.php:205
#28 \vendor\laravel\framework\src\Illuminate\Routing\Router.php:806
#29 \vendor\laravel\framework\src\Illuminate\Pipeline\Pipeline.php:144
#30 \app\Http\Middleware\Localization.php:23
#31 \vendor\laravel\framework\src\Illuminate\Pipeline\Pipeline.php:183
#32 \vendor\laravel\framework\src\Illuminate\Routing\Middleware\SubstituteBindings.php:50
#33 \vendor\laravel\framework\src\Illuminate\Pipeline\Pipeline.php:183
#34 \vendor\laravel\framework\src\Illuminate\Foundation\Http\Middleware\VerifyCsrfToken.php:78
#35 \vendor\laravel\framework\src\Illuminate\Pipeline\Pipeline.php:183
#36 \vendor\laravel\framework\src\Illuminate\View\Middleware\ShareErrorsFromSession.php:49
#37 \vendor\laravel\framework\src\Illuminate\Pipeline\Pipeline.php:183
#38 \vendor\laravel\framework\src\Illuminate\Session\Middleware\StartSession.php:121
#39 \vendor\laravel\framework\src\Illuminate\Session\Middleware\StartSession.php:64
#40 \vendor\laravel\framework\src\Illuminate\Pipeline\Pipeline.php:183
#41 \vendor\laravel\framework\src\Illuminate\Cookie\Middleware\AddQueuedCookiesToResponse.php:37
#42 \vendor\laravel\framework\src\Illuminate\Pipeline\Pipeline.php:183
#43 \vendor\laravel\framework\src\Illuminate\Cookie\Middleware\EncryptCookies.php:67
#44 \vendor\laravel\framework\src\Illuminate\Pipeline\Pipeline.php:183
#45 \vendor\laravel\framework\src\Illuminate\Pipeline\Pipeline.php:119
#46 \vendor\laravel\framework\src\Illuminate\Routing\Router.php:805
#47 \vendor\laravel\framework\src\Illuminate\Routing\Router.php:784
#48 \vendor\laravel\framework\src\Illuminate\Routing\Router.php:748
#49 \vendor\laravel\framework\src\Illuminate\Routing\Router.php:737
  
[2024-05-14 08:17:47] local.INFO: Detected N+1 Query  
[2024-05-14 08:17:47] local.INFO: Model: App\Models\PanelHazardId
Relation: App\Models\HazardId
Num-Called: 2
Call-Stack:
#19 \app\Http\Livewire\EventReportList\HazardId\Index.php:72
#20 \vendor\laravel\framework\src\Illuminate\Container\BoundMethod.php:36
#21 \vendor\laravel\framework\src\Illuminate\Container\Util.php:41
#22 \vendor\laravel\framework\src\Illuminate\Container\BoundMethod.php:93
#23 \vendor\laravel\framework\src\Illuminate\Container\BoundMethod.php:35
#24 \vendor\laravel\framework\src\Illuminate\Container\Container.php:662
#25 \vendor\livewire\livewire\src\Component.php:173
#26 \vendor\livewire\livewire\src\LifecycleManager.php:131
#27 \vendor\livewire\livewire\src\Connection\ConnectionHandler.php:14
#28 \vendor\livewire\livewire\src\Controllers\HttpConnectionHandler.php:19
#29 \vendor\laravel\framework\src\Illuminate\Routing\ControllerDispatcher.php:46
#30 \vendor\laravel\framework\src\Illuminate\Routing\Route.php:259
#31 \vendor\laravel\framework\src\Illuminate\Routing\Route.php:205
#32 \vendor\laravel\framework\src\Illuminate\Routing\Router.php:806
#33 \vendor\laravel\framework\src\Illuminate\Pipeline\Pipeline.php:144
#34 \app\Http\Middleware\Localization.php:23
#35 \vendor\laravel\framework\src\Illuminate\Pipeline\Pipeline.php:183
#36 \vendor\laravel\framework\src\Illuminate\Routing\Middleware\SubstituteBindings.php:50
#37 \vendor\laravel\framework\src\Illuminate\Pipeline\Pipeline.php:183
#38 \vendor\laravel\framework\src\Illuminate\Foundation\Http\Middleware\VerifyCsrfToken.php:78
#39 \vendor\laravel\framework\src\Illuminate\Pipeline\Pipeline.php:183
#40 \vendor\laravel\framework\src\Illuminate\View\Middleware\ShareErrorsFromSession.php:49
#41 \vendor\laravel\framework\src\Illuminate\Pipeline\Pipeline.php:183
#42 \vendor\laravel\framework\src\Illuminate\Session\Middleware\StartSession.php:121
#43 \vendor\laravel\framework\src\Illuminate\Session\Middleware\StartSession.php:64
#44 \vendor\laravel\framework\src\Illuminate\Pipeline\Pipeline.php:183
#45 \vendor\laravel\framework\src\Illuminate\Cookie\Middleware\AddQueuedCookiesToResponse.php:37
#46 \vendor\laravel\framework\src\Illuminate\Pipeline\Pipeline.php:183
#47 \vendor\laravel\framework\src\Illuminate\Cookie\Middleware\EncryptCookies.php:67
#48 \vendor\laravel\framework\src\Illuminate\Pipeline\Pipeline.php:183
#49 \vendor\laravel\framework\src\Illuminate\Pipeline\Pipeline.php:119
  
[2024-05-14 08:17:47] local.INFO: Model: App\Models\HazardId
Relation: App\Models\EventSubType
Num-Called: 2
Call-Stack:
#24 \app\Http\Livewire\EventReportList\HazardId\Index.php:72
#25 \vendor\laravel\framework\src\Illuminate\Container\BoundMethod.php:36
#26 \vendor\laravel\framework\src\Illuminate\Container\Util.php:41
#27 \vendor\laravel\framework\src\Illuminate\Container\BoundMethod.php:93
#28 \vendor\laravel\framework\src\Illuminate\Container\BoundMethod.php:35
#29 \vendor\laravel\framework\src\Illuminate\Container\Container.php:662
#30 \vendor\livewire\livewire\src\Component.php:173
#31 \vendor\livewire\livewire\src\LifecycleManager.php:131
#32 \vendor\livewire\livewire\src\Connection\ConnectionHandler.php:14
#33 \vendor\livewire\livewire\src\Controllers\HttpConnectionHandler.php:19
#34 \vendor\laravel\framework\src\Illuminate\Routing\ControllerDispatcher.php:46
#35 \vendor\laravel\framework\src\Illuminate\Routing\Route.php:259
#36 \vendor\laravel\framework\src\Illuminate\Routing\Route.php:205
#37 \vendor\laravel\framework\src\Illuminate\Routing\Router.php:806
#38 \vendor\laravel\framework\src\Illuminate\Pipeline\Pipeline.php:144
#39 \app\Http\Middleware\Localization.php:23
#40 \vendor\laravel\framework\src\Illuminate\Pipeline\Pipeline.php:183
#41 \vendor\laravel\framework\src\Illuminate\Routing\Middleware\SubstituteBindings.php:50
#42 \vendor\laravel\framework\src\Illuminate\Pipeline\Pipeline.php:183
#43 \vendor\laravel\framework\src\Illuminate\Foundation\Http\Middleware\VerifyCsrfToken.php:78
#44 \vendor\laravel\framework\src\Illuminate\Pipeline\Pipeline.php:183
#45 \vendor\laravel\framework\src\Illuminate\View\Middleware\ShareErrorsFromSession.php:49
#46 \vendor\laravel\framework\src\Illuminate\Pipeline\Pipeline.php:183
#47 \vendor\laravel\framework\src\Illuminate\Session\Middleware\StartSession.php:121
#48 \vendor\laravel\framework\src\Illuminate\Session\Middleware\StartSession.php:64
#49 \vendor\laravel\framework\src\Illuminate\Pipeline\Pipeline.php:183
  
[2024-05-14 08:17:47] local.INFO: Model: App\Models\HazardId
Relation: App\Models\Workgroup
Num-Called: 2
Call-Stack:
#24 \app\Http\Livewire\EventReportList\HazardId\Index.php:72
#25 \vendor\laravel\framework\src\Illuminate\Container\BoundMethod.php:36
#26 \vendor\laravel\framework\src\Illuminate\Container\Util.php:41
#27 \vendor\laravel\framework\src\Illuminate\Container\BoundMethod.php:93
#28 \vendor\laravel\framework\src\Illuminate\Container\BoundMethod.php:35
#29 \vendor\laravel\framework\src\Illuminate\Container\Container.php:662
#30 \vendor\livewire\livewire\src\Component.php:173
#31 \vendor\livewire\livewire\src\LifecycleManager.php:131
#32 \vendor\livewire\livewire\src\Connection\ConnectionHandler.php:14
#33 \vendor\livewire\livewire\src\Controllers\HttpConnectionHandler.php:19
#34 \vendor\laravel\framework\src\Illuminate\Routing\ControllerDispatcher.php:46
#35 \vendor\laravel\framework\src\Illuminate\Routing\Route.php:259
#36 \vendor\laravel\framework\src\Illuminate\Routing\Route.php:205
#37 \vendor\laravel\framework\src\Illuminate\Routing\Router.php:806
#38 \vendor\laravel\framework\src\Illuminate\Pipeline\Pipeline.php:144
#39 \app\Http\Middleware\Localization.php:23
#40 \vendor\laravel\framework\src\Illuminate\Pipeline\Pipeline.php:183
#41 \vendor\laravel\framework\src\Illuminate\Routing\Middleware\SubstituteBindings.php:50
#42 \vendor\laravel\framework\src\Illuminate\Pipeline\Pipeline.php:183
#43 \vendor\laravel\framework\src\Illuminate\Foundation\Http\Middleware\VerifyCsrfToken.php:78
#44 \vendor\laravel\framework\src\Illuminate\Pipeline\Pipeline.php:183
#45 \vendor\laravel\framework\src\Illuminate\View\Middleware\ShareErrorsFromSession.php:49
#46 \vendor\laravel\framework\src\Illuminate\Pipeline\Pipeline.php:183
#47 \vendor\laravel\framework\src\Illuminate\Session\Middleware\StartSession.php:121
#48 \vendor\laravel\framework\src\Illuminate\Session\Middleware\StartSession.php:64
#49 \vendor\laravel\framework\src\Illuminate\Pipeline\Pipeline.php:183
  
[2024-05-14 08:17:47] local.INFO: Model: App\Models\Workgroup
Relation: App\Models\CompanyLevel
Num-Called: 2
Call-Stack:
#29 \app\Http\Livewire\EventReportList\HazardId\Index.php:72
#30 \vendor\laravel\framework\src\Illuminate\Container\BoundMethod.php:36
#31 \vendor\laravel\framework\src\Illuminate\Container\Util.php:41
#32 \vendor\laravel\framework\src\Illuminate\Container\BoundMethod.php:93
#33 \vendor\laravel\framework\src\Illuminate\Container\BoundMethod.php:35
#34 \vendor\laravel\framework\src\Illuminate\Container\Container.php:662
#35 \vendor\livewire\livewire\src\Component.php:173
#36 \vendor\livewire\livewire\src\LifecycleManager.php:131
#37 \vendor\livewire\livewire\src\Connection\ConnectionHandler.php:14
#38 \vendor\livewire\livewire\src\Controllers\HttpConnectionHandler.php:19
#39 \vendor\laravel\framework\src\Illuminate\Routing\ControllerDispatcher.php:46
#40 \vendor\laravel\framework\src\Illuminate\Routing\Route.php:259
#41 \vendor\laravel\framework\src\Illuminate\Routing\Route.php:205
#42 \vendor\laravel\framework\src\Illuminate\Routing\Router.php:806
#43 \vendor\laravel\framework\src\Illuminate\Pipeline\Pipeline.php:144
#44 \app\Http\Middleware\Localization.php:23
#45 \vendor\laravel\framework\src\Illuminate\Pipeline\Pipeline.php:183
#46 \vendor\laravel\framework\src\Illuminate\Routing\Middleware\SubstituteBindings.php:50
#47 \vendor\laravel\framework\src\Illuminate\Pipeline\Pipeline.php:183
#48 \vendor\laravel\framework\src\Illuminate\Foundation\Http\Middleware\VerifyCsrfToken.php:78
#49 \vendor\laravel\framework\src\Illuminate\Pipeline\Pipeline.php:183
  
[2024-05-14 08:17:47] local.INFO: Model: App\Models\CompanyLevel
Relation: App\Models\Companies
Num-Called: 2
Call-Stack:
#34 \app\Http\Livewire\EventReportList\HazardId\Index.php:72
#35 \vendor\laravel\framework\src\Illuminate\Container\BoundMethod.php:36
#36 \vendor\laravel\framework\src\Illuminate\Container\Util.php:41
#37 \vendor\laravel\framework\src\Illuminate\Container\BoundMethod.php:93
#38 \vendor\laravel\framework\src\Illuminate\Container\BoundMethod.php:35
#39 \vendor\laravel\framework\src\Illuminate\Container\Container.php:662
#40 \vendor\livewire\livewire\src\Component.php:173
#41 \vendor\livewire\livewire\src\LifecycleManager.php:131
#42 \vendor\livewire\livewire\src\Connection\ConnectionHandler.php:14
#43 \vendor\livewire\livewire\src\Controllers\HttpConnectionHandler.php:19
#44 \vendor\laravel\framework\src\Illuminate\Routing\ControllerDispatcher.php:46
#45 \vendor\laravel\framework\src\Illuminate\Routing\Route.php:259
#46 \vendor\laravel\framework\src\Illuminate\Routing\Route.php:205
#47 \vendor\laravel\framework\src\Illuminate\Routing\Router.php:806
#48 \vendor\laravel\framework\src\Illuminate\Pipeline\Pipeline.php:144
#49 \app\Http\Middleware\Localization.php:23
  
[2024-05-14 08:17:47] local.INFO: Model: App\Models\PanelHazardId
Relation: App\Models\WorkflowAdministration
Num-Called: 2
Call-Stack:
#19 \app\Http\Livewire\EventReportList\HazardId\Index.php:72
#20 \vendor\laravel\framework\src\Illuminate\Container\BoundMethod.php:36
#21 \vendor\laravel\framework\src\Illuminate\Container\Util.php:41
#22 \vendor\laravel\framework\src\Illuminate\Container\BoundMethod.php:93
#23 \vendor\laravel\framework\src\Illuminate\Container\BoundMethod.php:35
#24 \vendor\laravel\framework\src\Illuminate\Container\Container.php:662
#25 \vendor\livewire\livewire\src\Component.php:173
#26 \vendor\livewire\livewire\src\LifecycleManager.php:131
#27 \vendor\livewire\livewire\src\Connection\ConnectionHandler.php:14
#28 \vendor\livewire\livewire\src\Controllers\HttpConnectionHandler.php:19
#29 \vendor\laravel\framework\src\Illuminate\Routing\ControllerDispatcher.php:46
#30 \vendor\laravel\framework\src\Illuminate\Routing\Route.php:259
#31 \vendor\laravel\framework\src\Illuminate\Routing\Route.php:205
#32 \vendor\laravel\framework\src\Illuminate\Routing\Router.php:806
#33 \vendor\laravel\framework\src\Illuminate\Pipeline\Pipeline.php:144
#34 \app\Http\Middleware\Localization.php:23
#35 \vendor\laravel\framework\src\Illuminate\Pipeline\Pipeline.php:183
#36 \vendor\laravel\framework\src\Illuminate\Routing\Middleware\SubstituteBindings.php:50
#37 \vendor\laravel\framework\src\Illuminate\Pipeline\Pipeline.php:183
#38 \vendor\laravel\framework\src\Illuminate\Foundation\Http\Middleware\VerifyCsrfToken.php:78
#39 \vendor\laravel\framework\src\Illuminate\Pipeline\Pipeline.php:183
#40 \vendor\laravel\framework\src\Illuminate\View\Middleware\ShareErrorsFromSession.php:49
#41 \vendor\laravel\framework\src\Illuminate\Pipeline\Pipeline.php:183
#42 \vendor\laravel\framework\src\Illuminate\Session\Middleware\StartSession.php:121
#43 \vendor\laravel\framework\src\Illuminate\Session\Middleware\StartSession.php:64
#44 \vendor\laravel\framework\src\Illuminate\Pipeline\Pipeline.php:183
#45 \vendor\laravel\framework\src\Illuminate\Cookie\Middleware\AddQueuedCookiesToResponse.php:37
#46 \vendor\laravel\framework\src\Illuminate\Pipeline\Pipeline.php:183
#47 \vendor\laravel\framework\src\Illuminate\Cookie\Middleware\EncryptCookies.php:67
#48 \vendor\laravel\framework\src\Illuminate\Pipeline\Pipeline.php:183
#49 \vendor\laravel\framework\src\Illuminate\Pipeline\Pipeline.php:119
  
[2024-05-14 08:17:47] local.INFO: Model: App\Models\WorkflowAdministration
Relation: App\Models\StatusCode
Num-Called: 2
Call-Stack:
#24 \app\Http\Livewire\EventReportList\HazardId\Index.php:72
#25 \vendor\laravel\framework\src\Illuminate\Container\BoundMethod.php:36
#26 \vendor\laravel\framework\src\Illuminate\Container\Util.php:41
#27 \vendor\laravel\framework\src\Illuminate\Container\BoundMethod.php:93
#28 \vendor\laravel\framework\src\Illuminate\Container\BoundMethod.php:35
#29 \vendor\laravel\framework\src\Illuminate\Container\Container.php:662
#30 \vendor\livewire\livewire\src\Component.php:173
#31 \vendor\livewire\livewire\src\LifecycleManager.php:131
#32 \vendor\livewire\livewire\src\Connection\ConnectionHandler.php:14
#33 \vendor\livewire\livewire\src\Controllers\HttpConnectionHandler.php:19
#34 \vendor\laravel\framework\src\Illuminate\Routing\ControllerDispatcher.php:46
#35 \vendor\laravel\framework\src\Illuminate\Routing\Route.php:259
#36 \vendor\laravel\framework\src\Illuminate\Routing\Route.php:205
#37 \vendor\laravel\framework\src\Illuminate\Routing\Router.php:806
#38 \vendor\laravel\framework\src\Illuminate\Pipeline\Pipeline.php:144
#39 \app\Http\Middleware\Localization.php:23
#40 \vendor\laravel\framework\src\Illuminate\Pipeline\Pipeline.php:183
#41 \vendor\laravel\framework\src\Illuminate\Routing\Middleware\SubstituteBindings.php:50
#42 \vendor\laravel\framework\src\Illuminate\Pipeline\Pipeline.php:183
#43 \vendor\laravel\framework\src\Illuminate\Foundation\Http\Middleware\VerifyCsrfToken.php:78
#44 \vendor\laravel\framework\src\Illuminate\Pipeline\Pipeline.php:183
#45 \vendor\laravel\framework\src\Illuminate\View\Middleware\ShareErrorsFromSession.php:49
#46 \vendor\laravel\framework\src\Illuminate\Pipeline\Pipeline.php:183
#47 \vendor\laravel\framework\src\Illuminate\Session\Middleware\StartSession.php:121
#48 \vendor\laravel\framework\src\Illuminate\Session\Middleware\StartSession.php:64
#49 \vendor\laravel\framework\src\Illuminate\Pipeline\Pipeline.php:183
  
[2024-05-14 08:17:47] local.INFO: Model: App\Models\Workgroup
Relation: App\Models\CompanyLevel
Num-Called: 2
Call-Stack:
#18 \app\Http\Livewire\EventReportList\HazardId\Index.php:77
#19 \vendor\laravel\framework\src\Illuminate\Container\BoundMethod.php:36
#20 \vendor\laravel\framework\src\Illuminate\Container\Util.php:41
#21 \vendor\laravel\framework\src\Illuminate\Container\BoundMethod.php:93
#22 \vendor\laravel\framework\src\Illuminate\Container\BoundMethod.php:35
#23 \vendor\laravel\framework\src\Illuminate\Container\Container.php:662
#24 \vendor\livewire\livewire\src\Component.php:173
#25 \vendor\livewire\livewire\src\LifecycleManager.php:131
#26 \vendor\livewire\livewire\src\Connection\ConnectionHandler.php:14
#27 \vendor\livewire\livewire\src\Controllers\HttpConnectionHandler.php:19
#28 \vendor\laravel\framework\src\Illuminate\Routing\ControllerDispatcher.php:46
#29 \vendor\laravel\framework\src\Illuminate\Routing\Route.php:259
#30 \vendor\laravel\framework\src\Illuminate\Routing\Route.php:205
#31 \vendor\laravel\framework\src\Illuminate\Routing\Router.php:806
#32 \vendor\laravel\framework\src\Illuminate\Pipeline\Pipeline.php:144
#33 \app\Http\Middleware\Localization.php:23
#34 \vendor\laravel\framework\src\Illuminate\Pipeline\Pipeline.php:183
#35 \vendor\laravel\framework\src\Illuminate\Routing\Middleware\SubstituteBindings.php:50
#36 \vendor\laravel\framework\src\Illuminate\Pipeline\Pipeline.php:183
#37 \vendor\laravel\framework\src\Illuminate\Foundation\Http\Middleware\VerifyCsrfToken.php:78
#38 \vendor\laravel\framework\src\Illuminate\Pipeline\Pipeline.php:183
#39 \vendor\laravel\framework\src\Illuminate\View\Middleware\ShareErrorsFromSession.php:49
#40 \vendor\laravel\framework\src\Illuminate\Pipeline\Pipeline.php:183
#41 \vendor\laravel\framework\src\Illuminate\Session\Middleware\StartSession.php:121
#42 \vendor\laravel\framework\src\Illuminate\Session\Middleware\StartSession.php:64
#43 \vendor\laravel\framework\src\Illuminate\Pipeline\Pipeline.php:183
#44 \vendor\laravel\framework\src\Illuminate\Cookie\Middleware\AddQueuedCookiesToResponse.php:37
#45 \vendor\laravel\framework\src\Illuminate\Pipeline\Pipeline.php:183
#46 \vendor\laravel\framework\src\Illuminate\Cookie\Middleware\EncryptCookies.php:67
#47 \vendor\laravel\framework\src\Illuminate\Pipeline\Pipeline.php:183
#48 \vendor\laravel\framework\src\Illuminate\Pipeline\Pipeline.php:119
#49 \vendor\laravel\framework\src\Illuminate\Routing\Router.php:805
  
[2024-05-14 08:17:47] local.INFO: Model: App\Models\CompanyLevel
Relation: App\Models\Companies
Num-Called: 2
Call-Stack:
#23 \app\Http\Livewire\EventReportList\HazardId\Index.php:77
#24 \vendor\laravel\framework\src\Illuminate\Container\BoundMethod.php:36
#25 \vendor\laravel\framework\src\Illuminate\Container\Util.php:41
#26 \vendor\laravel\framework\src\Illuminate\Container\BoundMethod.php:93
#27 \vendor\laravel\framework\src\Illuminate\Container\BoundMethod.php:35
#28 \vendor\laravel\framework\src\Illuminate\Container\Container.php:662
#29 \vendor\livewire\livewire\src\Component.php:173
#30 \vendor\livewire\livewire\src\LifecycleManager.php:131
#31 \vendor\livewire\livewire\src\Connection\ConnectionHandler.php:14
#32 \vendor\livewire\livewire\src\Controllers\HttpConnectionHandler.php:19
#33 \vendor\laravel\framework\src\Illuminate\Routing\ControllerDispatcher.php:46
#34 \vendor\laravel\framework\src\Illuminate\Routing\Route.php:259
#35 \vendor\laravel\framework\src\Illuminate\Routing\Route.php:205
#36 \vendor\laravel\framework\src\Illuminate\Routing\Router.php:806
#37 \vendor\laravel\framework\src\Illuminate\Pipeline\Pipeline.php:144
#38 \app\Http\Middleware\Localization.php:23
#39 \vendor\laravel\framework\src\Illuminate\Pipeline\Pipeline.php:183
#40 \vendor\laravel\framework\src\Illuminate\Routing\Middleware\SubstituteBindings.php:50
#41 \vendor\laravel\framework\src\Illuminate\Pipeline\Pipeline.php:183
#42 \vendor\laravel\framework\src\Illuminate\Foundation\Http\Middleware\VerifyCsrfToken.php:78
#43 \vendor\laravel\framework\src\Illuminate\Pipeline\Pipeline.php:183
#44 \vendor\laravel\framework\src\Illuminate\View\Middleware\ShareErrorsFromSession.php:49
#45 \vendor\laravel\framework\src\Illuminate\Pipeline\Pipeline.php:183
#46 \vendor\laravel\framework\src\Illuminate\Session\Middleware\StartSession.php:121
#47 \vendor\laravel\framework\src\Illuminate\Session\Middleware\StartSession.php:64
#48 \vendor\laravel\framework\src\Illuminate\Pipeline\Pipeline.php:183
#49 \vendor\laravel\framework\src\Illuminate\Cookie\Middleware\AddQueuedCookiesToResponse.php:37
  
