[2024-05-20 06:59:09] local.INFO: Detected N+1 Query  
[2024-05-20 06:59:09] local.INFO: Model: App\Models\IncidentAction
Relation: App\Models\People
Num-Called: 2
Call-Stack:
#19 \app\Http\Livewire\EventReportList\Insident\Action\Index.php:20
#20 \vendor\laravel\framework\src\Illuminate\Container\BoundMethod.php:36
#21 \vendor\laravel\framework\src\Illuminate\Container\Util.php:41
#22 \vendor\laravel\framework\src\Illuminate\Container\BoundMethod.php:93
#23 \vendor\laravel\framework\src\Illuminate\Container\BoundMethod.php:35
#24 \vendor\laravel\framework\src\Illuminate\Container\Container.php:662
#25 \vendor\livewire\livewire\src\Component.php:173
#26 \vendor\livewire\livewire\src\LifecycleManager.php:131
#27 \vendor\livewire\livewire\src\Connection\ConnectionHandler.php:14
#28 \vendor\livewire\livewire\src\Controllers\HttpConnectionHandler.php:19
#29 \vendor\laravel\framework\src\Illuminate\Routing\ControllerDispatcher.php:46
#30 \vendor\laravel\framework\src\Illuminate\Routing\Route.php:259
#31 \vendor\laravel\framework\src\Illuminate\Routing\Route.php:205
#32 \vendor\laravel\framework\src\Illuminate\Routing\Router.php:806
#33 \vendor\laravel\framework\src\Illuminate\Pipeline\Pipeline.php:144
#34 \app\Http\Middleware\Localization.php:23
#35 \vendor\laravel\framework\src\Illuminate\Pipeline\Pipeline.php:183
#36 \vendor\laravel\framework\src\Illuminate\Routing\Middleware\SubstituteBindings.php:50
#37 \vendor\laravel\framework\src\Illuminate\Pipeline\Pipeline.php:183
#38 \vendor\laravel\framework\src\Illuminate\Foundation\Http\Middleware\VerifyCsrfToken.php:78
#39 \vendor\laravel\framework\src\Illuminate\Pipeline\Pipeline.php:183
#40 \vendor\laravel\framework\src\Illuminate\View\Middleware\ShareErrorsFromSession.php:49
#41 \vendor\laravel\framework\src\Illuminate\Pipeline\Pipeline.php:183
#42 \vendor\laravel\framework\src\Illuminate\Session\Middleware\StartSession.php:121
#43 \vendor\laravel\framework\src\Illuminate\Session\Middleware\StartSession.php:64
#44 \vendor\laravel\framework\src\Illuminate\Pipeline\Pipeline.php:183
#45 \vendor\laravel\framework\src\Illuminate\Cookie\Middleware\AddQueuedCookiesToResponse.php:37
#46 \vendor\laravel\framework\src\Illuminate\Pipeline\Pipeline.php:183
#47 \vendor\laravel\framework\src\Illuminate\Cookie\Middleware\EncryptCookies.php:67
#48 \vendor\laravel\framework\src\Illuminate\Pipeline\Pipeline.php:183
#49 \vendor\laravel\framework\src\Illuminate\Pipeline\Pipeline.php:119
  
[2024-05-20 07:09:26] local.INFO: Detected N+1 Query  
[2024-05-20 07:09:26] local.INFO: Model: App\Models\IncidentAction
Relation: App\Models\People
Num-Called: 2
Call-Stack:
#19 \app\Http\Livewire\EventReportList\Insident\Action\Index.php:20
#20 \vendor\laravel\framework\src\Illuminate\Container\BoundMethod.php:36
#21 \vendor\laravel\framework\src\Illuminate\Container\Util.php:41
#22 \vendor\laravel\framework\src\Illuminate\Container\BoundMethod.php:93
#23 \vendor\laravel\framework\src\Illuminate\Container\BoundMethod.php:35
#24 \vendor\laravel\framework\src\Illuminate\Container\Container.php:662
#25 \vendor\livewire\livewire\src\Component.php:173
#26 \vendor\livewire\livewire\src\LifecycleManager.php:131
#27 \vendor\livewire\livewire\src\Connection\ConnectionHandler.php:14
#28 \vendor\livewire\livewire\src\Controllers\HttpConnectionHandler.php:19
#29 \vendor\laravel\framework\src\Illuminate\Routing\ControllerDispatcher.php:46
#30 \vendor\laravel\framework\src\Illuminate\Routing\Route.php:259
#31 \vendor\laravel\framework\src\Illuminate\Routing\Route.php:205
#32 \vendor\laravel\framework\src\Illuminate\Routing\Router.php:806
#33 \vendor\laravel\framework\src\Illuminate\Pipeline\Pipeline.php:144
#34 \app\Http\Middleware\Localization.php:23
#35 \vendor\laravel\framework\src\Illuminate\Pipeline\Pipeline.php:183
#36 \vendor\laravel\framework\src\Illuminate\Routing\Middleware\SubstituteBindings.php:50
#37 \vendor\laravel\framework\src\Illuminate\Pipeline\Pipeline.php:183
#38 \vendor\laravel\framework\src\Illuminate\Foundation\Http\Middleware\VerifyCsrfToken.php:78
#39 \vendor\laravel\framework\src\Illuminate\Pipeline\Pipeline.php:183
#40 \vendor\laravel\framework\src\Illuminate\View\Middleware\ShareErrorsFromSession.php:49
#41 \vendor\laravel\framework\src\Illuminate\Pipeline\Pipeline.php:183
#42 \vendor\laravel\framework\src\Illuminate\Session\Middleware\StartSession.php:121
#43 \vendor\laravel\framework\src\Illuminate\Session\Middleware\StartSession.php:64
#44 \vendor\laravel\framework\src\Illuminate\Pipeline\Pipeline.php:183
#45 \vendor\laravel\framework\src\Illuminate\Cookie\Middleware\AddQueuedCookiesToResponse.php:37
#46 \vendor\laravel\framework\src\Illuminate\Pipeline\Pipeline.php:183
#47 \vendor\laravel\framework\src\Illuminate\Cookie\Middleware\EncryptCookies.php:67
#48 \vendor\laravel\framework\src\Illuminate\Pipeline\Pipeline.php:183
#49 \vendor\laravel\framework\src\Illuminate\Pipeline\Pipeline.php:119
  
[2024-05-20 08:00:26] local.INFO: Detected N+1 Query  
[2024-05-20 08:00:26] local.INFO: Model: App\Models\IncidentAction
Relation: App\Models\People
Num-Called: 2
Call-Stack:
#19 \app\Http\Livewire\EventReportList\Insident\Action\Index.php:23
#20 \vendor\laravel\framework\src\Illuminate\Container\BoundMethod.php:36
#21 \vendor\laravel\framework\src\Illuminate\Container\Util.php:41
#22 \vendor\laravel\framework\src\Illuminate\Container\BoundMethod.php:93
#23 \vendor\laravel\framework\src\Illuminate\Container\BoundMethod.php:35
#24 \vendor\laravel\framework\src\Illuminate\Container\Container.php:662
#25 \vendor\livewire\livewire\src\Component.php:173
#26 \vendor\livewire\livewire\src\LifecycleManager.php:131
#27 \vendor\livewire\livewire\src\Connection\ConnectionHandler.php:14
#28 \vendor\livewire\livewire\src\Controllers\HttpConnectionHandler.php:19
#29 \vendor\laravel\framework\src\Illuminate\Routing\ControllerDispatcher.php:46
#30 \vendor\laravel\framework\src\Illuminate\Routing\Route.php:259
#31 \vendor\laravel\framework\src\Illuminate\Routing\Route.php:205
#32 \vendor\laravel\framework\src\Illuminate\Routing\Router.php:806
#33 \vendor\laravel\framework\src\Illuminate\Pipeline\Pipeline.php:144
#34 \app\Http\Middleware\Localization.php:23
#35 \vendor\laravel\framework\src\Illuminate\Pipeline\Pipeline.php:183
#36 \vendor\laravel\framework\src\Illuminate\Routing\Middleware\SubstituteBindings.php:50
#37 \vendor\laravel\framework\src\Illuminate\Pipeline\Pipeline.php:183
#38 \vendor\laravel\framework\src\Illuminate\Foundation\Http\Middleware\VerifyCsrfToken.php:78
#39 \vendor\laravel\framework\src\Illuminate\Pipeline\Pipeline.php:183
#40 \vendor\laravel\framework\src\Illuminate\View\Middleware\ShareErrorsFromSession.php:49
#41 \vendor\laravel\framework\src\Illuminate\Pipeline\Pipeline.php:183
#42 \vendor\laravel\framework\src\Illuminate\Session\Middleware\StartSession.php:121
#43 \vendor\laravel\framework\src\Illuminate\Session\Middleware\StartSession.php:64
#44 \vendor\laravel\framework\src\Illuminate\Pipeline\Pipeline.php:183
#45 \vendor\laravel\framework\src\Illuminate\Cookie\Middleware\AddQueuedCookiesToResponse.php:37
#46 \vendor\laravel\framework\src\Illuminate\Pipeline\Pipeline.php:183
#47 \vendor\laravel\framework\src\Illuminate\Cookie\Middleware\EncryptCookies.php:67
#48 \vendor\laravel\framework\src\Illuminate\Pipeline\Pipeline.php:183
#49 \vendor\laravel\framework\src\Illuminate\Pipeline\Pipeline.php:119
  
[2024-05-20 08:00:35] local.INFO: Detected N+1 Query  
[2024-05-20 08:00:35] local.INFO: Model: App\Models\IncidentAction
Relation: App\Models\People
Num-Called: 2
Call-Stack:
#19 \app\Http\Livewire\EventReportList\Insident\Action\Index.php:23
#20 \vendor\laravel\framework\src\Illuminate\Container\BoundMethod.php:36
#21 \vendor\laravel\framework\src\Illuminate\Container\Util.php:41
#22 \vendor\laravel\framework\src\Illuminate\Container\BoundMethod.php:93
#23 \vendor\laravel\framework\src\Illuminate\Container\BoundMethod.php:35
#24 \vendor\laravel\framework\src\Illuminate\Container\Container.php:662
#25 \vendor\livewire\livewire\src\Component.php:173
#26 \vendor\livewire\livewire\src\LifecycleManager.php:131
#27 \vendor\livewire\livewire\src\Connection\ConnectionHandler.php:14
#28 \vendor\livewire\livewire\src\Controllers\HttpConnectionHandler.php:19
#29 \vendor\laravel\framework\src\Illuminate\Routing\ControllerDispatcher.php:46
#30 \vendor\laravel\framework\src\Illuminate\Routing\Route.php:259
#31 \vendor\laravel\framework\src\Illuminate\Routing\Route.php:205
#32 \vendor\laravel\framework\src\Illuminate\Routing\Router.php:806
#33 \vendor\laravel\framework\src\Illuminate\Pipeline\Pipeline.php:144
#34 \app\Http\Middleware\Localization.php:23
#35 \vendor\laravel\framework\src\Illuminate\Pipeline\Pipeline.php:183
#36 \vendor\laravel\framework\src\Illuminate\Routing\Middleware\SubstituteBindings.php:50
#37 \vendor\laravel\framework\src\Illuminate\Pipeline\Pipeline.php:183
#38 \vendor\laravel\framework\src\Illuminate\Foundation\Http\Middleware\VerifyCsrfToken.php:78
#39 \vendor\laravel\framework\src\Illuminate\Pipeline\Pipeline.php:183
#40 \vendor\laravel\framework\src\Illuminate\View\Middleware\ShareErrorsFromSession.php:49
#41 \vendor\laravel\framework\src\Illuminate\Pipeline\Pipeline.php:183
#42 \vendor\laravel\framework\src\Illuminate\Session\Middleware\StartSession.php:121
#43 \vendor\laravel\framework\src\Illuminate\Session\Middleware\StartSession.php:64
#44 \vendor\laravel\framework\src\Illuminate\Pipeline\Pipeline.php:183
#45 \vendor\laravel\framework\src\Illuminate\Cookie\Middleware\AddQueuedCookiesToResponse.php:37
#46 \vendor\laravel\framework\src\Illuminate\Pipeline\Pipeline.php:183
#47 \vendor\laravel\framework\src\Illuminate\Cookie\Middleware\EncryptCookies.php:67
#48 \vendor\laravel\framework\src\Illuminate\Pipeline\Pipeline.php:183
#49 \vendor\laravel\framework\src\Illuminate\Pipeline\Pipeline.php:119
  
[2024-05-20 08:10:39] local.INFO: Detected N+1 Query  
[2024-05-20 08:10:39] local.INFO: Model: App\Models\IncidentAction
Relation: App\Models\People
Num-Called: 2
Call-Stack:
#19 \app\Http\Livewire\EventReportList\Insident\Action\Index.php:23
#20 \vendor\laravel\framework\src\Illuminate\Container\BoundMethod.php:36
#21 \vendor\laravel\framework\src\Illuminate\Container\Util.php:41
#22 \vendor\laravel\framework\src\Illuminate\Container\BoundMethod.php:93
#23 \vendor\laravel\framework\src\Illuminate\Container\BoundMethod.php:35
#24 \vendor\laravel\framework\src\Illuminate\Container\Container.php:662
#25 \vendor\livewire\livewire\src\Component.php:173
#26 \vendor\livewire\livewire\src\LifecycleManager.php:131
#27 \vendor\livewire\livewire\src\Connection\ConnectionHandler.php:14
#28 \vendor\livewire\livewire\src\Controllers\HttpConnectionHandler.php:19
#29 \vendor\laravel\framework\src\Illuminate\Routing\ControllerDispatcher.php:46
#30 \vendor\laravel\framework\src\Illuminate\Routing\Route.php:259
#31 \vendor\laravel\framework\src\Illuminate\Routing\Route.php:205
#32 \vendor\laravel\framework\src\Illuminate\Routing\Router.php:806
#33 \vendor\laravel\framework\src\Illuminate\Pipeline\Pipeline.php:144
#34 \app\Http\Middleware\Localization.php:23
#35 \vendor\laravel\framework\src\Illuminate\Pipeline\Pipeline.php:183
#36 \vendor\laravel\framework\src\Illuminate\Routing\Middleware\SubstituteBindings.php:50
#37 \vendor\laravel\framework\src\Illuminate\Pipeline\Pipeline.php:183
#38 \vendor\laravel\framework\src\Illuminate\Foundation\Http\Middleware\VerifyCsrfToken.php:78
#39 \vendor\laravel\framework\src\Illuminate\Pipeline\Pipeline.php:183
#40 \vendor\laravel\framework\src\Illuminate\View\Middleware\ShareErrorsFromSession.php:49
#41 \vendor\laravel\framework\src\Illuminate\Pipeline\Pipeline.php:183
#42 \vendor\laravel\framework\src\Illuminate\Session\Middleware\StartSession.php:121
#43 \vendor\laravel\framework\src\Illuminate\Session\Middleware\StartSession.php:64
#44 \vendor\laravel\framework\src\Illuminate\Pipeline\Pipeline.php:183
#45 \vendor\laravel\framework\src\Illuminate\Cookie\Middleware\AddQueuedCookiesToResponse.php:37
#46 \vendor\laravel\framework\src\Illuminate\Pipeline\Pipeline.php:183
#47 \vendor\laravel\framework\src\Illuminate\Cookie\Middleware\EncryptCookies.php:67
#48 \vendor\laravel\framework\src\Illuminate\Pipeline\Pipeline.php:183
#49 \vendor\laravel\framework\src\Illuminate\Pipeline\Pipeline.php:119
  
[2024-05-20 08:11:20] local.INFO: Detected N+1 Query  
[2024-05-20 08:11:20] local.INFO: Model: App\Models\IncidentAction
Relation: App\Models\People
Num-Called: 2
Call-Stack:
#19 \app\Http\Livewire\EventReportList\Insident\Action\Index.php:23
#20 \vendor\laravel\framework\src\Illuminate\Container\BoundMethod.php:36
#21 \vendor\laravel\framework\src\Illuminate\Container\Util.php:41
#22 \vendor\laravel\framework\src\Illuminate\Container\BoundMethod.php:93
#23 \vendor\laravel\framework\src\Illuminate\Container\BoundMethod.php:35
#24 \vendor\laravel\framework\src\Illuminate\Container\Container.php:662
#25 \vendor\livewire\livewire\src\Component.php:173
#26 \vendor\livewire\livewire\src\LifecycleManager.php:131
#27 \vendor\livewire\livewire\src\Connection\ConnectionHandler.php:14
#28 \vendor\livewire\livewire\src\Controllers\HttpConnectionHandler.php:19
#29 \vendor\laravel\framework\src\Illuminate\Routing\ControllerDispatcher.php:46
#30 \vendor\laravel\framework\src\Illuminate\Routing\Route.php:259
#31 \vendor\laravel\framework\src\Illuminate\Routing\Route.php:205
#32 \vendor\laravel\framework\src\Illuminate\Routing\Router.php:806
#33 \vendor\laravel\framework\src\Illuminate\Pipeline\Pipeline.php:144
#34 \app\Http\Middleware\Localization.php:23
#35 \vendor\laravel\framework\src\Illuminate\Pipeline\Pipeline.php:183
#36 \vendor\laravel\framework\src\Illuminate\Routing\Middleware\SubstituteBindings.php:50
#37 \vendor\laravel\framework\src\Illuminate\Pipeline\Pipeline.php:183
#38 \vendor\laravel\framework\src\Illuminate\Foundation\Http\Middleware\VerifyCsrfToken.php:78
#39 \vendor\laravel\framework\src\Illuminate\Pipeline\Pipeline.php:183
#40 \vendor\laravel\framework\src\Illuminate\View\Middleware\ShareErrorsFromSession.php:49
#41 \vendor\laravel\framework\src\Illuminate\Pipeline\Pipeline.php:183
#42 \vendor\laravel\framework\src\Illuminate\Session\Middleware\StartSession.php:121
#43 \vendor\laravel\framework\src\Illuminate\Session\Middleware\StartSession.php:64
#44 \vendor\laravel\framework\src\Illuminate\Pipeline\Pipeline.php:183
#45 \vendor\laravel\framework\src\Illuminate\Cookie\Middleware\AddQueuedCookiesToResponse.php:37
#46 \vendor\laravel\framework\src\Illuminate\Pipeline\Pipeline.php:183
#47 \vendor\laravel\framework\src\Illuminate\Cookie\Middleware\EncryptCookies.php:67
#48 \vendor\laravel\framework\src\Illuminate\Pipeline\Pipeline.php:183
#49 \vendor\laravel\framework\src\Illuminate\Pipeline\Pipeline.php:119
  
[2024-05-20 08:11:26] local.INFO: Detected N+1 Query  
[2024-05-20 08:11:26] local.INFO: Model: App\Models\IncidentAction
Relation: App\Models\People
Num-Called: 2
Call-Stack:
#19 \app\Http\Livewire\EventReportList\Insident\Action\Index.php:23
#20 \vendor\laravel\framework\src\Illuminate\Container\BoundMethod.php:36
#21 \vendor\laravel\framework\src\Illuminate\Container\Util.php:41
#22 \vendor\laravel\framework\src\Illuminate\Container\BoundMethod.php:93
#23 \vendor\laravel\framework\src\Illuminate\Container\BoundMethod.php:35
#24 \vendor\laravel\framework\src\Illuminate\Container\Container.php:662
#25 \vendor\livewire\livewire\src\Component.php:173
#26 \vendor\livewire\livewire\src\LifecycleManager.php:131
#27 \vendor\livewire\livewire\src\Connection\ConnectionHandler.php:14
#28 \vendor\livewire\livewire\src\Controllers\HttpConnectionHandler.php:19
#29 \vendor\laravel\framework\src\Illuminate\Routing\ControllerDispatcher.php:46
#30 \vendor\laravel\framework\src\Illuminate\Routing\Route.php:259
#31 \vendor\laravel\framework\src\Illuminate\Routing\Route.php:205
#32 \vendor\laravel\framework\src\Illuminate\Routing\Router.php:806
#33 \vendor\laravel\framework\src\Illuminate\Pipeline\Pipeline.php:144
#34 \app\Http\Middleware\Localization.php:23
#35 \vendor\laravel\framework\src\Illuminate\Pipeline\Pipeline.php:183
#36 \vendor\laravel\framework\src\Illuminate\Routing\Middleware\SubstituteBindings.php:50
#37 \vendor\laravel\framework\src\Illuminate\Pipeline\Pipeline.php:183
#38 \vendor\laravel\framework\src\Illuminate\Foundation\Http\Middleware\VerifyCsrfToken.php:78
#39 \vendor\laravel\framework\src\Illuminate\Pipeline\Pipeline.php:183
#40 \vendor\laravel\framework\src\Illuminate\View\Middleware\ShareErrorsFromSession.php:49
#41 \vendor\laravel\framework\src\Illuminate\Pipeline\Pipeline.php:183
#42 \vendor\laravel\framework\src\Illuminate\Session\Middleware\StartSession.php:121
#43 \vendor\laravel\framework\src\Illuminate\Session\Middleware\StartSession.php:64
#44 \vendor\laravel\framework\src\Illuminate\Pipeline\Pipeline.php:183
#45 \vendor\laravel\framework\src\Illuminate\Cookie\Middleware\AddQueuedCookiesToResponse.php:37
#46 \vendor\laravel\framework\src\Illuminate\Pipeline\Pipeline.php:183
#47 \vendor\laravel\framework\src\Illuminate\Cookie\Middleware\EncryptCookies.php:67
#48 \vendor\laravel\framework\src\Illuminate\Pipeline\Pipeline.php:183
#49 \vendor\laravel\framework\src\Illuminate\Pipeline\Pipeline.php:119
  
[2024-05-20 08:12:50] local.INFO: Detected N+1 Query  
[2024-05-20 08:12:50] local.INFO: Model: App\Models\IncidentAction
Relation: App\Models\People
Num-Called: 2
Call-Stack:
#19 \app\Http\Livewire\EventReportList\Insident\Action\Index.php:23
#20 \vendor\laravel\framework\src\Illuminate\Container\BoundMethod.php:36
#21 \vendor\laravel\framework\src\Illuminate\Container\Util.php:41
#22 \vendor\laravel\framework\src\Illuminate\Container\BoundMethod.php:93
#23 \vendor\laravel\framework\src\Illuminate\Container\BoundMethod.php:35
#24 \vendor\laravel\framework\src\Illuminate\Container\Container.php:662
#25 \vendor\livewire\livewire\src\Component.php:173
#26 \vendor\livewire\livewire\src\LifecycleManager.php:131
#27 \vendor\livewire\livewire\src\Connection\ConnectionHandler.php:14
#28 \vendor\livewire\livewire\src\Controllers\HttpConnectionHandler.php:19
#29 \vendor\laravel\framework\src\Illuminate\Routing\ControllerDispatcher.php:46
#30 \vendor\laravel\framework\src\Illuminate\Routing\Route.php:259
#31 \vendor\laravel\framework\src\Illuminate\Routing\Route.php:205
#32 \vendor\laravel\framework\src\Illuminate\Routing\Router.php:806
#33 \vendor\laravel\framework\src\Illuminate\Pipeline\Pipeline.php:144
#34 \app\Http\Middleware\Localization.php:23
#35 \vendor\laravel\framework\src\Illuminate\Pipeline\Pipeline.php:183
#36 \vendor\laravel\framework\src\Illuminate\Routing\Middleware\SubstituteBindings.php:50
#37 \vendor\laravel\framework\src\Illuminate\Pipeline\Pipeline.php:183
#38 \vendor\laravel\framework\src\Illuminate\Foundation\Http\Middleware\VerifyCsrfToken.php:78
#39 \vendor\laravel\framework\src\Illuminate\Pipeline\Pipeline.php:183
#40 \vendor\laravel\framework\src\Illuminate\View\Middleware\ShareErrorsFromSession.php:49
#41 \vendor\laravel\framework\src\Illuminate\Pipeline\Pipeline.php:183
#42 \vendor\laravel\framework\src\Illuminate\Session\Middleware\StartSession.php:121
#43 \vendor\laravel\framework\src\Illuminate\Session\Middleware\StartSession.php:64
#44 \vendor\laravel\framework\src\Illuminate\Pipeline\Pipeline.php:183
#45 \vendor\laravel\framework\src\Illuminate\Cookie\Middleware\AddQueuedCookiesToResponse.php:37
#46 \vendor\laravel\framework\src\Illuminate\Pipeline\Pipeline.php:183
#47 \vendor\laravel\framework\src\Illuminate\Cookie\Middleware\EncryptCookies.php:67
#48 \vendor\laravel\framework\src\Illuminate\Pipeline\Pipeline.php:183
#49 \vendor\laravel\framework\src\Illuminate\Pipeline\Pipeline.php:119
  
[2024-05-20 08:12:54] local.INFO: Detected N+1 Query  
[2024-05-20 08:12:54] local.INFO: Model: App\Models\IncidentAction
Relation: App\Models\People
Num-Called: 2
Call-Stack:
#19 \app\Http\Livewire\EventReportList\Insident\Action\Index.php:23
#20 \vendor\laravel\framework\src\Illuminate\Container\BoundMethod.php:36
#21 \vendor\laravel\framework\src\Illuminate\Container\Util.php:41
#22 \vendor\laravel\framework\src\Illuminate\Container\BoundMethod.php:93
#23 \vendor\laravel\framework\src\Illuminate\Container\BoundMethod.php:35
#24 \vendor\laravel\framework\src\Illuminate\Container\Container.php:662
#25 \vendor\livewire\livewire\src\Component.php:173
#26 \vendor\livewire\livewire\src\LifecycleManager.php:131
#27 \vendor\livewire\livewire\src\Connection\ConnectionHandler.php:14
#28 \vendor\livewire\livewire\src\Controllers\HttpConnectionHandler.php:19
#29 \vendor\laravel\framework\src\Illuminate\Routing\ControllerDispatcher.php:46
#30 \vendor\laravel\framework\src\Illuminate\Routing\Route.php:259
#31 \vendor\laravel\framework\src\Illuminate\Routing\Route.php:205
#32 \vendor\laravel\framework\src\Illuminate\Routing\Router.php:806
#33 \vendor\laravel\framework\src\Illuminate\Pipeline\Pipeline.php:144
#34 \app\Http\Middleware\Localization.php:23
#35 \vendor\laravel\framework\src\Illuminate\Pipeline\Pipeline.php:183
#36 \vendor\laravel\framework\src\Illuminate\Routing\Middleware\SubstituteBindings.php:50
#37 \vendor\laravel\framework\src\Illuminate\Pipeline\Pipeline.php:183
#38 \vendor\laravel\framework\src\Illuminate\Foundation\Http\Middleware\VerifyCsrfToken.php:78
#39 \vendor\laravel\framework\src\Illuminate\Pipeline\Pipeline.php:183
#40 \vendor\laravel\framework\src\Illuminate\View\Middleware\ShareErrorsFromSession.php:49
#41 \vendor\laravel\framework\src\Illuminate\Pipeline\Pipeline.php:183
#42 \vendor\laravel\framework\src\Illuminate\Session\Middleware\StartSession.php:121
#43 \vendor\laravel\framework\src\Illuminate\Session\Middleware\StartSession.php:64
#44 \vendor\laravel\framework\src\Illuminate\Pipeline\Pipeline.php:183
#45 \vendor\laravel\framework\src\Illuminate\Cookie\Middleware\AddQueuedCookiesToResponse.php:37
#46 \vendor\laravel\framework\src\Illuminate\Pipeline\Pipeline.php:183
#47 \vendor\laravel\framework\src\Illuminate\Cookie\Middleware\EncryptCookies.php:67
#48 \vendor\laravel\framework\src\Illuminate\Pipeline\Pipeline.php:183
#49 \vendor\laravel\framework\src\Illuminate\Pipeline\Pipeline.php:119
  
[2024-05-20 08:13:08] local.INFO: Detected N+1 Query  
[2024-05-20 08:13:08] local.INFO: Model: App\Models\IncidentAction
Relation: App\Models\People
Num-Called: 2
Call-Stack:
#19 \app\Http\Livewire\EventReportList\Insident\Action\Index.php:23
#20 \vendor\laravel\framework\src\Illuminate\Container\BoundMethod.php:36
#21 \vendor\laravel\framework\src\Illuminate\Container\Util.php:41
#22 \vendor\laravel\framework\src\Illuminate\Container\BoundMethod.php:93
#23 \vendor\laravel\framework\src\Illuminate\Container\BoundMethod.php:35
#24 \vendor\laravel\framework\src\Illuminate\Container\Container.php:662
#25 \vendor\livewire\livewire\src\Component.php:173
#26 \vendor\livewire\livewire\src\LifecycleManager.php:131
#27 \vendor\livewire\livewire\src\Connection\ConnectionHandler.php:14
#28 \vendor\livewire\livewire\src\Controllers\HttpConnectionHandler.php:19
#29 \vendor\laravel\framework\src\Illuminate\Routing\ControllerDispatcher.php:46
#30 \vendor\laravel\framework\src\Illuminate\Routing\Route.php:259
#31 \vendor\laravel\framework\src\Illuminate\Routing\Route.php:205
#32 \vendor\laravel\framework\src\Illuminate\Routing\Router.php:806
#33 \vendor\laravel\framework\src\Illuminate\Pipeline\Pipeline.php:144
#34 \app\Http\Middleware\Localization.php:23
#35 \vendor\laravel\framework\src\Illuminate\Pipeline\Pipeline.php:183
#36 \vendor\laravel\framework\src\Illuminate\Routing\Middleware\SubstituteBindings.php:50
#37 \vendor\laravel\framework\src\Illuminate\Pipeline\Pipeline.php:183
#38 \vendor\laravel\framework\src\Illuminate\Foundation\Http\Middleware\VerifyCsrfToken.php:78
#39 \vendor\laravel\framework\src\Illuminate\Pipeline\Pipeline.php:183
#40 \vendor\laravel\framework\src\Illuminate\View\Middleware\ShareErrorsFromSession.php:49
#41 \vendor\laravel\framework\src\Illuminate\Pipeline\Pipeline.php:183
#42 \vendor\laravel\framework\src\Illuminate\Session\Middleware\StartSession.php:121
#43 \vendor\laravel\framework\src\Illuminate\Session\Middleware\StartSession.php:64
#44 \vendor\laravel\framework\src\Illuminate\Pipeline\Pipeline.php:183
#45 \vendor\laravel\framework\src\Illuminate\Cookie\Middleware\AddQueuedCookiesToResponse.php:37
#46 \vendor\laravel\framework\src\Illuminate\Pipeline\Pipeline.php:183
#47 \vendor\laravel\framework\src\Illuminate\Cookie\Middleware\EncryptCookies.php:67
#48 \vendor\laravel\framework\src\Illuminate\Pipeline\Pipeline.php:183
#49 \vendor\laravel\framework\src\Illuminate\Pipeline\Pipeline.php:119
  
[2024-05-20 08:17:04] local.INFO: Detected N+1 Query  
[2024-05-20 08:17:04] local.INFO: Model: App\Models\IncidentAction
Relation: App\Models\People
Num-Called: 2
Call-Stack:
#19 \app\Http\Livewire\EventReportList\Insident\Action\Index.php:23
#20 \vendor\laravel\framework\src\Illuminate\Container\BoundMethod.php:36
#21 \vendor\laravel\framework\src\Illuminate\Container\Util.php:41
#22 \vendor\laravel\framework\src\Illuminate\Container\BoundMethod.php:93
#23 \vendor\laravel\framework\src\Illuminate\Container\BoundMethod.php:35
#24 \vendor\laravel\framework\src\Illuminate\Container\Container.php:662
#25 \vendor\livewire\livewire\src\Component.php:173
#26 \vendor\livewire\livewire\src\LifecycleManager.php:131
#27 \vendor\livewire\livewire\src\Connection\ConnectionHandler.php:14
#28 \vendor\livewire\livewire\src\Controllers\HttpConnectionHandler.php:19
#29 \vendor\laravel\framework\src\Illuminate\Routing\ControllerDispatcher.php:46
#30 \vendor\laravel\framework\src\Illuminate\Routing\Route.php:259
#31 \vendor\laravel\framework\src\Illuminate\Routing\Route.php:205
#32 \vendor\laravel\framework\src\Illuminate\Routing\Router.php:806
#33 \vendor\laravel\framework\src\Illuminate\Pipeline\Pipeline.php:144
#34 \app\Http\Middleware\Localization.php:23
#35 \vendor\laravel\framework\src\Illuminate\Pipeline\Pipeline.php:183
#36 \vendor\laravel\framework\src\Illuminate\Routing\Middleware\SubstituteBindings.php:50
#37 \vendor\laravel\framework\src\Illuminate\Pipeline\Pipeline.php:183
#38 \vendor\laravel\framework\src\Illuminate\Foundation\Http\Middleware\VerifyCsrfToken.php:78
#39 \vendor\laravel\framework\src\Illuminate\Pipeline\Pipeline.php:183
#40 \vendor\laravel\framework\src\Illuminate\View\Middleware\ShareErrorsFromSession.php:49
#41 \vendor\laravel\framework\src\Illuminate\Pipeline\Pipeline.php:183
#42 \vendor\laravel\framework\src\Illuminate\Session\Middleware\StartSession.php:121
#43 \vendor\laravel\framework\src\Illuminate\Session\Middleware\StartSession.php:64
#44 \vendor\laravel\framework\src\Illuminate\Pipeline\Pipeline.php:183
#45 \vendor\laravel\framework\src\Illuminate\Cookie\Middleware\AddQueuedCookiesToResponse.php:37
#46 \vendor\laravel\framework\src\Illuminate\Pipeline\Pipeline.php:183
#47 \vendor\laravel\framework\src\Illuminate\Cookie\Middleware\EncryptCookies.php:67
#48 \vendor\laravel\framework\src\Illuminate\Pipeline\Pipeline.php:183
#49 \vendor\laravel\framework\src\Illuminate\Pipeline\Pipeline.php:119
  
[2024-05-20 08:17:07] local.INFO: Detected N+1 Query  
[2024-05-20 08:17:07] local.INFO: Model: App\Models\IncidentAction
Relation: App\Models\People
Num-Called: 2
Call-Stack:
#19 \app\Http\Livewire\EventReportList\Insident\Action\Index.php:23
#20 \vendor\laravel\framework\src\Illuminate\Container\BoundMethod.php:36
#21 \vendor\laravel\framework\src\Illuminate\Container\Util.php:41
#22 \vendor\laravel\framework\src\Illuminate\Container\BoundMethod.php:93
#23 \vendor\laravel\framework\src\Illuminate\Container\BoundMethod.php:35
#24 \vendor\laravel\framework\src\Illuminate\Container\Container.php:662
#25 \vendor\livewire\livewire\src\Component.php:173
#26 \vendor\livewire\livewire\src\LifecycleManager.php:131
#27 \vendor\livewire\livewire\src\Connection\ConnectionHandler.php:14
#28 \vendor\livewire\livewire\src\Controllers\HttpConnectionHandler.php:19
#29 \vendor\laravel\framework\src\Illuminate\Routing\ControllerDispatcher.php:46
#30 \vendor\laravel\framework\src\Illuminate\Routing\Route.php:259
#31 \vendor\laravel\framework\src\Illuminate\Routing\Route.php:205
#32 \vendor\laravel\framework\src\Illuminate\Routing\Router.php:806
#33 \vendor\laravel\framework\src\Illuminate\Pipeline\Pipeline.php:144
#34 \app\Http\Middleware\Localization.php:23
#35 \vendor\laravel\framework\src\Illuminate\Pipeline\Pipeline.php:183
#36 \vendor\laravel\framework\src\Illuminate\Routing\Middleware\SubstituteBindings.php:50
#37 \vendor\laravel\framework\src\Illuminate\Pipeline\Pipeline.php:183
#38 \vendor\laravel\framework\src\Illuminate\Foundation\Http\Middleware\VerifyCsrfToken.php:78
#39 \vendor\laravel\framework\src\Illuminate\Pipeline\Pipeline.php:183
#40 \vendor\laravel\framework\src\Illuminate\View\Middleware\ShareErrorsFromSession.php:49
#41 \vendor\laravel\framework\src\Illuminate\Pipeline\Pipeline.php:183
#42 \vendor\laravel\framework\src\Illuminate\Session\Middleware\StartSession.php:121
#43 \vendor\laravel\framework\src\Illuminate\Session\Middleware\StartSession.php:64
#44 \vendor\laravel\framework\src\Illuminate\Pipeline\Pipeline.php:183
#45 \vendor\laravel\framework\src\Illuminate\Cookie\Middleware\AddQueuedCookiesToResponse.php:37
#46 \vendor\laravel\framework\src\Illuminate\Pipeline\Pipeline.php:183
#47 \vendor\laravel\framework\src\Illuminate\Cookie\Middleware\EncryptCookies.php:67
#48 \vendor\laravel\framework\src\Illuminate\Pipeline\Pipeline.php:183
#49 \vendor\laravel\framework\src\Illuminate\Pipeline\Pipeline.php:119
  
[2024-05-20 23:29:21] local.INFO: Detected N+1 Query  
[2024-05-20 23:29:21] local.INFO: Model: App\Models\IncidentAction
Relation: App\Models\People
Num-Called: 2
Call-Stack:
#19 \app\Http\Livewire\EventReportList\Insident\Action\Index.php:23
#20 \vendor\laravel\framework\src\Illuminate\Container\BoundMethod.php:36
#21 \vendor\laravel\framework\src\Illuminate\Container\Util.php:41
#22 \vendor\laravel\framework\src\Illuminate\Container\BoundMethod.php:93
#23 \vendor\laravel\framework\src\Illuminate\Container\BoundMethod.php:35
#24 \vendor\laravel\framework\src\Illuminate\Container\Container.php:662
#25 \vendor\livewire\livewire\src\Component.php:173
#26 \vendor\livewire\livewire\src\LifecycleManager.php:131
#27 \vendor\livewire\livewire\src\Connection\ConnectionHandler.php:14
#28 \vendor\livewire\livewire\src\Controllers\HttpConnectionHandler.php:19
#29 \vendor\laravel\framework\src\Illuminate\Routing\ControllerDispatcher.php:46
#30 \vendor\laravel\framework\src\Illuminate\Routing\Route.php:259
#31 \vendor\laravel\framework\src\Illuminate\Routing\Route.php:205
#32 \vendor\laravel\framework\src\Illuminate\Routing\Router.php:806
#33 \vendor\laravel\framework\src\Illuminate\Pipeline\Pipeline.php:144
#34 \app\Http\Middleware\Localization.php:23
#35 \vendor\laravel\framework\src\Illuminate\Pipeline\Pipeline.php:183
#36 \vendor\laravel\framework\src\Illuminate\Routing\Middleware\SubstituteBindings.php:50
#37 \vendor\laravel\framework\src\Illuminate\Pipeline\Pipeline.php:183
#38 \vendor\laravel\framework\src\Illuminate\Foundation\Http\Middleware\VerifyCsrfToken.php:78
#39 \vendor\laravel\framework\src\Illuminate\Pipeline\Pipeline.php:183
#40 \vendor\laravel\framework\src\Illuminate\View\Middleware\ShareErrorsFromSession.php:49
#41 \vendor\laravel\framework\src\Illuminate\Pipeline\Pipeline.php:183
#42 \vendor\laravel\framework\src\Illuminate\Session\Middleware\StartSession.php:121
#43 \vendor\laravel\framework\src\Illuminate\Session\Middleware\StartSession.php:64
#44 \vendor\laravel\framework\src\Illuminate\Pipeline\Pipeline.php:183
#45 \vendor\laravel\framework\src\Illuminate\Cookie\Middleware\AddQueuedCookiesToResponse.php:37
#46 \vendor\laravel\framework\src\Illuminate\Pipeline\Pipeline.php:183
#47 \vendor\laravel\framework\src\Illuminate\Cookie\Middleware\EncryptCookies.php:67
#48 \vendor\laravel\framework\src\Illuminate\Pipeline\Pipeline.php:183
#49 \vendor\laravel\framework\src\Illuminate\Pipeline\Pipeline.php:119
  
[2024-05-20 23:29:24] local.INFO: Detected N+1 Query  
[2024-05-20 23:29:24] local.INFO: Model: App\Models\IncidentAction
Relation: App\Models\People
Num-Called: 2
Call-Stack:
#19 \app\Http\Livewire\EventReportList\Insident\Action\Index.php:23
#20 \vendor\laravel\framework\src\Illuminate\Container\BoundMethod.php:36
#21 \vendor\laravel\framework\src\Illuminate\Container\Util.php:41
#22 \vendor\laravel\framework\src\Illuminate\Container\BoundMethod.php:93
#23 \vendor\laravel\framework\src\Illuminate\Container\BoundMethod.php:35
#24 \vendor\laravel\framework\src\Illuminate\Container\Container.php:662
#25 \vendor\livewire\livewire\src\Component.php:173
#26 \vendor\livewire\livewire\src\LifecycleManager.php:131
#27 \vendor\livewire\livewire\src\Connection\ConnectionHandler.php:14
#28 \vendor\livewire\livewire\src\Controllers\HttpConnectionHandler.php:19
#29 \vendor\laravel\framework\src\Illuminate\Routing\ControllerDispatcher.php:46
#30 \vendor\laravel\framework\src\Illuminate\Routing\Route.php:259
#31 \vendor\laravel\framework\src\Illuminate\Routing\Route.php:205
#32 \vendor\laravel\framework\src\Illuminate\Routing\Router.php:806
#33 \vendor\laravel\framework\src\Illuminate\Pipeline\Pipeline.php:144
#34 \app\Http\Middleware\Localization.php:23
#35 \vendor\laravel\framework\src\Illuminate\Pipeline\Pipeline.php:183
#36 \vendor\laravel\framework\src\Illuminate\Routing\Middleware\SubstituteBindings.php:50
#37 \vendor\laravel\framework\src\Illuminate\Pipeline\Pipeline.php:183
#38 \vendor\laravel\framework\src\Illuminate\Foundation\Http\Middleware\VerifyCsrfToken.php:78
#39 \vendor\laravel\framework\src\Illuminate\Pipeline\Pipeline.php:183
#40 \vendor\laravel\framework\src\Illuminate\View\Middleware\ShareErrorsFromSession.php:49
#41 \vendor\laravel\framework\src\Illuminate\Pipeline\Pipeline.php:183
#42 \vendor\laravel\framework\src\Illuminate\Session\Middleware\StartSession.php:121
#43 \vendor\laravel\framework\src\Illuminate\Session\Middleware\StartSession.php:64
#44 \vendor\laravel\framework\src\Illuminate\Pipeline\Pipeline.php:183
#45 \vendor\laravel\framework\src\Illuminate\Cookie\Middleware\AddQueuedCookiesToResponse.php:37
#46 \vendor\laravel\framework\src\Illuminate\Pipeline\Pipeline.php:183
#47 \vendor\laravel\framework\src\Illuminate\Cookie\Middleware\EncryptCookies.php:67
#48 \vendor\laravel\framework\src\Illuminate\Pipeline\Pipeline.php:183
#49 \vendor\laravel\framework\src\Illuminate\Pipeline\Pipeline.php:119
  
[2024-05-20 23:33:33] local.INFO: Detected N+1 Query  
[2024-05-20 23:33:33] local.INFO: Model: App\Models\IncidentAction
Relation: App\Models\People
Num-Called: 2
Call-Stack:
#19 \app\Http\Livewire\EventReportList\Insident\Action\Index.php:23
#20 \vendor\laravel\framework\src\Illuminate\Container\BoundMethod.php:36
#21 \vendor\laravel\framework\src\Illuminate\Container\Util.php:41
#22 \vendor\laravel\framework\src\Illuminate\Container\BoundMethod.php:93
#23 \vendor\laravel\framework\src\Illuminate\Container\BoundMethod.php:35
#24 \vendor\laravel\framework\src\Illuminate\Container\Container.php:662
#25 \vendor\livewire\livewire\src\Component.php:173
#26 \vendor\livewire\livewire\src\LifecycleManager.php:131
#27 \vendor\livewire\livewire\src\Connection\ConnectionHandler.php:14
#28 \vendor\livewire\livewire\src\Controllers\HttpConnectionHandler.php:19
#29 \vendor\laravel\framework\src\Illuminate\Routing\ControllerDispatcher.php:46
#30 \vendor\laravel\framework\src\Illuminate\Routing\Route.php:259
#31 \vendor\laravel\framework\src\Illuminate\Routing\Route.php:205
#32 \vendor\laravel\framework\src\Illuminate\Routing\Router.php:806
#33 \vendor\laravel\framework\src\Illuminate\Pipeline\Pipeline.php:144
#34 \app\Http\Middleware\Localization.php:23
#35 \vendor\laravel\framework\src\Illuminate\Pipeline\Pipeline.php:183
#36 \vendor\laravel\framework\src\Illuminate\Routing\Middleware\SubstituteBindings.php:50
#37 \vendor\laravel\framework\src\Illuminate\Pipeline\Pipeline.php:183
#38 \vendor\laravel\framework\src\Illuminate\Foundation\Http\Middleware\VerifyCsrfToken.php:78
#39 \vendor\laravel\framework\src\Illuminate\Pipeline\Pipeline.php:183
#40 \vendor\laravel\framework\src\Illuminate\View\Middleware\ShareErrorsFromSession.php:49
#41 \vendor\laravel\framework\src\Illuminate\Pipeline\Pipeline.php:183
#42 \vendor\laravel\framework\src\Illuminate\Session\Middleware\StartSession.php:121
#43 \vendor\laravel\framework\src\Illuminate\Session\Middleware\StartSession.php:64
#44 \vendor\laravel\framework\src\Illuminate\Pipeline\Pipeline.php:183
#45 \vendor\laravel\framework\src\Illuminate\Cookie\Middleware\AddQueuedCookiesToResponse.php:37
#46 \vendor\laravel\framework\src\Illuminate\Pipeline\Pipeline.php:183
#47 \vendor\laravel\framework\src\Illuminate\Cookie\Middleware\EncryptCookies.php:67
#48 \vendor\laravel\framework\src\Illuminate\Pipeline\Pipeline.php:183
#49 \vendor\laravel\framework\src\Illuminate\Pipeline\Pipeline.php:119
  
[2024-05-20 23:33:36] local.INFO: Detected N+1 Query  
[2024-05-20 23:33:36] local.INFO: Model: App\Models\IncidentAction
Relation: App\Models\People
Num-Called: 2
Call-Stack:
#19 \app\Http\Livewire\EventReportList\Insident\Action\Index.php:23
#20 \vendor\laravel\framework\src\Illuminate\Container\BoundMethod.php:36
#21 \vendor\laravel\framework\src\Illuminate\Container\Util.php:41
#22 \vendor\laravel\framework\src\Illuminate\Container\BoundMethod.php:93
#23 \vendor\laravel\framework\src\Illuminate\Container\BoundMethod.php:35
#24 \vendor\laravel\framework\src\Illuminate\Container\Container.php:662
#25 \vendor\livewire\livewire\src\Component.php:173
#26 \vendor\livewire\livewire\src\LifecycleManager.php:131
#27 \vendor\livewire\livewire\src\Connection\ConnectionHandler.php:14
#28 \vendor\livewire\livewire\src\Controllers\HttpConnectionHandler.php:19
#29 \vendor\laravel\framework\src\Illuminate\Routing\ControllerDispatcher.php:46
#30 \vendor\laravel\framework\src\Illuminate\Routing\Route.php:259
#31 \vendor\laravel\framework\src\Illuminate\Routing\Route.php:205
#32 \vendor\laravel\framework\src\Illuminate\Routing\Router.php:806
#33 \vendor\laravel\framework\src\Illuminate\Pipeline\Pipeline.php:144
#34 \app\Http\Middleware\Localization.php:23
#35 \vendor\laravel\framework\src\Illuminate\Pipeline\Pipeline.php:183
#36 \vendor\laravel\framework\src\Illuminate\Routing\Middleware\SubstituteBindings.php:50
#37 \vendor\laravel\framework\src\Illuminate\Pipeline\Pipeline.php:183
#38 \vendor\laravel\framework\src\Illuminate\Foundation\Http\Middleware\VerifyCsrfToken.php:78
#39 \vendor\laravel\framework\src\Illuminate\Pipeline\Pipeline.php:183
#40 \vendor\laravel\framework\src\Illuminate\View\Middleware\ShareErrorsFromSession.php:49
#41 \vendor\laravel\framework\src\Illuminate\Pipeline\Pipeline.php:183
#42 \vendor\laravel\framework\src\Illuminate\Session\Middleware\StartSession.php:121
#43 \vendor\laravel\framework\src\Illuminate\Session\Middleware\StartSession.php:64
#44 \vendor\laravel\framework\src\Illuminate\Pipeline\Pipeline.php:183
#45 \vendor\laravel\framework\src\Illuminate\Cookie\Middleware\AddQueuedCookiesToResponse.php:37
#46 \vendor\laravel\framework\src\Illuminate\Pipeline\Pipeline.php:183
#47 \vendor\laravel\framework\src\Illuminate\Cookie\Middleware\EncryptCookies.php:67
#48 \vendor\laravel\framework\src\Illuminate\Pipeline\Pipeline.php:183
#49 \vendor\laravel\framework\src\Illuminate\Pipeline\Pipeline.php:119
  
