[2024-04-03 03:25:53] local.INFO: Detected N+1 Query  
[2024-04-03 03:25:53] local.INFO: Model: App\Models\Workgroup
Relation: companyLevel
Num-Called: 3
Call-Stack:
#18 \storage\framework\views\70780ae65592e38d2657b6f26bdad45b978a7ba8.php:63
#20 \vendor\livewire\livewire\src\ComponentConcerns\RendersLivewireComponents.php:84
#21 \vendor\livewire\livewire\src\ComponentConcerns\RendersLivewireComponents.php:59
#22 \vendor\laravel\framework\src\Illuminate\View\View.php:195
#23 \vendor\laravel\framework\src\Illuminate\View\View.php:178
#24 \vendor\laravel\framework\src\Illuminate\View\View.php:147
#25 \storage\framework\views\1abeb397667ed1b6e7dcb892aabb4d65e2d3717a.php:912
#27 \vendor\livewire\livewire\src\ComponentConcerns\RendersLivewireComponents.php:84
#28 \vendor\livewire\livewire\src\ComponentConcerns\RendersLivewireComponents.php:59
#29 \vendor\laravel\framework\src\Illuminate\View\View.php:195
#30 \vendor\laravel\framework\src\Illuminate\View\View.php:178
#31 \vendor\laravel\framework\src\Illuminate\View\View.php:147
#32 \vendor\livewire\livewire\src\Component.php:235
#33 \vendor\livewire\livewire\src\HydrationMiddleware\RenderView.php:14
#34 \vendor\livewire\livewire\src\LifecycleManager.php:154
#35 \vendor\livewire\livewire\src\Connection\ConnectionHandler.php:15
#36 \vendor\livewire\livewire\src\Controllers\HttpConnectionHandler.php:21
#37 \vendor\laravel\framework\src\Illuminate\Routing\ControllerDispatcher.php:46
#38 \vendor\laravel\framework\src\Illuminate\Routing\Route.php:260
#39 \vendor\laravel\framework\src\Illuminate\Routing\Route.php:205
#40 \vendor\laravel\framework\src\Illuminate\Routing\Router.php:798
#41 \vendor\laravel\framework\src\Illuminate\Pipeline\Pipeline.php:141
#42 \app\Http\Middleware\Localization.php:23
#43 \vendor\laravel\framework\src\Illuminate\Pipeline\Pipeline.php:180
#44 \vendor\laravel\framework\src\Illuminate\Routing\Middleware\SubstituteBindings.php:50
#45 \vendor\laravel\framework\src\Illuminate\Pipeline\Pipeline.php:180
#46 \vendor\laravel\framework\src\Illuminate\Foundation\Http\Middleware\VerifyCsrfToken.php:78
#47 \vendor\laravel\framework\src\Illuminate\Pipeline\Pipeline.php:180
#48 \vendor\laravel\framework\src\Illuminate\View\Middleware\ShareErrorsFromSession.php:49
#49 \vendor\laravel\framework\src\Illuminate\Pipeline\Pipeline.php:180
  
[2024-04-03 03:25:53] local.INFO: Model: App\Models\CompanyLevel
Relation: BussinessUnit
Num-Called: 3
Call-Stack:
#18 \storage\framework\views\70780ae65592e38d2657b6f26bdad45b978a7ba8.php:63
#20 \vendor\livewire\livewire\src\ComponentConcerns\RendersLivewireComponents.php:84
#21 \vendor\livewire\livewire\src\ComponentConcerns\RendersLivewireComponents.php:59
#22 \vendor\laravel\framework\src\Illuminate\View\View.php:195
#23 \vendor\laravel\framework\src\Illuminate\View\View.php:178
#24 \vendor\laravel\framework\src\Illuminate\View\View.php:147
#25 \storage\framework\views\1abeb397667ed1b6e7dcb892aabb4d65e2d3717a.php:912
#27 \vendor\livewire\livewire\src\ComponentConcerns\RendersLivewireComponents.php:84
#28 \vendor\livewire\livewire\src\ComponentConcerns\RendersLivewireComponents.php:59
#29 \vendor\laravel\framework\src\Illuminate\View\View.php:195
#30 \vendor\laravel\framework\src\Illuminate\View\View.php:178
#31 \vendor\laravel\framework\src\Illuminate\View\View.php:147
#32 \vendor\livewire\livewire\src\Component.php:235
#33 \vendor\livewire\livewire\src\HydrationMiddleware\RenderView.php:14
#34 \vendor\livewire\livewire\src\LifecycleManager.php:154
#35 \vendor\livewire\livewire\src\Connection\ConnectionHandler.php:15
#36 \vendor\livewire\livewire\src\Controllers\HttpConnectionHandler.php:21
#37 \vendor\laravel\framework\src\Illuminate\Routing\ControllerDispatcher.php:46
#38 \vendor\laravel\framework\src\Illuminate\Routing\Route.php:260
#39 \vendor\laravel\framework\src\Illuminate\Routing\Route.php:205
#40 \vendor\laravel\framework\src\Illuminate\Routing\Router.php:798
#41 \vendor\laravel\framework\src\Illuminate\Pipeline\Pipeline.php:141
#42 \app\Http\Middleware\Localization.php:23
#43 \vendor\laravel\framework\src\Illuminate\Pipeline\Pipeline.php:180
#44 \vendor\laravel\framework\src\Illuminate\Routing\Middleware\SubstituteBindings.php:50
#45 \vendor\laravel\framework\src\Illuminate\Pipeline\Pipeline.php:180
#46 \vendor\laravel\framework\src\Illuminate\Foundation\Http\Middleware\VerifyCsrfToken.php:78
#47 \vendor\laravel\framework\src\Illuminate\Pipeline\Pipeline.php:180
#48 \vendor\laravel\framework\src\Illuminate\View\Middleware\ShareErrorsFromSession.php:49
#49 \vendor\laravel\framework\src\Illuminate\Pipeline\Pipeline.php:180
  
[2024-04-03 03:25:54] local.INFO: Detected N+1 Query  
[2024-04-03 03:25:54] local.INFO: Model: App\Models\CompanyLevel
Relation: App\Models\Companies
Num-Called: 3
Call-Stack:
#20 \vendor\livewire\livewire\src\HydrationMiddleware\HydratePublicProperties.php:175
#21 \vendor\livewire\livewire\src\HydrationMiddleware\HydratePublicProperties.php:60
#22 \vendor\livewire\livewire\src\LifecycleManager.php:89
#23 \vendor\livewire\livewire\src\Connection\ConnectionHandler.php:13
#24 \vendor\livewire\livewire\src\Controllers\HttpConnectionHandler.php:21
#25 \vendor\laravel\framework\src\Illuminate\Routing\ControllerDispatcher.php:46
#26 \vendor\laravel\framework\src\Illuminate\Routing\Route.php:260
#27 \vendor\laravel\framework\src\Illuminate\Routing\Route.php:205
#28 \vendor\laravel\framework\src\Illuminate\Routing\Router.php:798
#29 \vendor\laravel\framework\src\Illuminate\Pipeline\Pipeline.php:141
#30 \app\Http\Middleware\Localization.php:23
#31 \vendor\laravel\framework\src\Illuminate\Pipeline\Pipeline.php:180
#32 \vendor\laravel\framework\src\Illuminate\Routing\Middleware\SubstituteBindings.php:50
#33 \vendor\laravel\framework\src\Illuminate\Pipeline\Pipeline.php:180
#34 \vendor\laravel\framework\src\Illuminate\Foundation\Http\Middleware\VerifyCsrfToken.php:78
#35 \vendor\laravel\framework\src\Illuminate\Pipeline\Pipeline.php:180
#36 \vendor\laravel\framework\src\Illuminate\View\Middleware\ShareErrorsFromSession.php:49
#37 \vendor\laravel\framework\src\Illuminate\Pipeline\Pipeline.php:180
#38 \vendor\laravel\framework\src\Illuminate\Session\Middleware\StartSession.php:121
#39 \vendor\laravel\framework\src\Illuminate\Session\Middleware\StartSession.php:64
#40 \vendor\laravel\framework\src\Illuminate\Pipeline\Pipeline.php:180
#41 \vendor\laravel\framework\src\Illuminate\Cookie\Middleware\AddQueuedCookiesToResponse.php:37
#42 \vendor\laravel\framework\src\Illuminate\Pipeline\Pipeline.php:180
#43 \vendor\laravel\framework\src\Illuminate\Cookie\Middleware\EncryptCookies.php:67
#44 \vendor\laravel\framework\src\Illuminate\Pipeline\Pipeline.php:180
#45 \vendor\laravel\framework\src\Illuminate\Pipeline\Pipeline.php:116
#46 \vendor\laravel\framework\src\Illuminate\Routing\Router.php:799
#47 \vendor\laravel\framework\src\Illuminate\Routing\Router.php:776
#48 \vendor\laravel\framework\src\Illuminate\Routing\Router.php:740
#49 \vendor\laravel\framework\src\Illuminate\Routing\Router.php:729
  
[2024-04-03 03:25:54] local.INFO: Model: App\Models\Workgroup
Relation: App\Models\CompanyLevel
Num-Called: 2
Call-Stack:
#19 \vendor\livewire\livewire\src\HydrationMiddleware\HydratePublicProperties.php:175
#20 \vendor\livewire\livewire\src\HydrationMiddleware\HydratePublicProperties.php:60
#21 \vendor\livewire\livewire\src\LifecycleManager.php:89
#22 \vendor\livewire\livewire\src\Connection\ConnectionHandler.php:13
#23 \vendor\livewire\livewire\src\Controllers\HttpConnectionHandler.php:21
#24 \vendor\laravel\framework\src\Illuminate\Routing\ControllerDispatcher.php:46
#25 \vendor\laravel\framework\src\Illuminate\Routing\Route.php:260
#26 \vendor\laravel\framework\src\Illuminate\Routing\Route.php:205
#27 \vendor\laravel\framework\src\Illuminate\Routing\Router.php:798
#28 \vendor\laravel\framework\src\Illuminate\Pipeline\Pipeline.php:141
#29 \app\Http\Middleware\Localization.php:23
#30 \vendor\laravel\framework\src\Illuminate\Pipeline\Pipeline.php:180
#31 \vendor\laravel\framework\src\Illuminate\Routing\Middleware\SubstituteBindings.php:50
#32 \vendor\laravel\framework\src\Illuminate\Pipeline\Pipeline.php:180
#33 \vendor\laravel\framework\src\Illuminate\Foundation\Http\Middleware\VerifyCsrfToken.php:78
#34 \vendor\laravel\framework\src\Illuminate\Pipeline\Pipeline.php:180
#35 \vendor\laravel\framework\src\Illuminate\View\Middleware\ShareErrorsFromSession.php:49
#36 \vendor\laravel\framework\src\Illuminate\Pipeline\Pipeline.php:180
#37 \vendor\laravel\framework\src\Illuminate\Session\Middleware\StartSession.php:121
#38 \vendor\laravel\framework\src\Illuminate\Session\Middleware\StartSession.php:64
#39 \vendor\laravel\framework\src\Illuminate\Pipeline\Pipeline.php:180
#40 \vendor\laravel\framework\src\Illuminate\Cookie\Middleware\AddQueuedCookiesToResponse.php:37
#41 \vendor\laravel\framework\src\Illuminate\Pipeline\Pipeline.php:180
#42 \vendor\laravel\framework\src\Illuminate\Cookie\Middleware\EncryptCookies.php:67
#43 \vendor\laravel\framework\src\Illuminate\Pipeline\Pipeline.php:180
#44 \vendor\laravel\framework\src\Illuminate\Pipeline\Pipeline.php:116
#45 \vendor\laravel\framework\src\Illuminate\Routing\Router.php:799
#46 \vendor\laravel\framework\src\Illuminate\Routing\Router.php:776
#47 \vendor\laravel\framework\src\Illuminate\Routing\Router.php:740
#48 \vendor\laravel\framework\src\Illuminate\Routing\Router.php:729
#49 \vendor\laravel\framework\src\Illuminate\Foundation\Http\Kernel.php:190
  
[2024-04-03 03:25:54] local.INFO: Model: App\Models\Workgroup
Relation: companyLevel
Num-Called: 3
Call-Stack:
#18 \storage\framework\views\70780ae65592e38d2657b6f26bdad45b978a7ba8.php:63
#20 \vendor\livewire\livewire\src\ComponentConcerns\RendersLivewireComponents.php:84
#21 \vendor\livewire\livewire\src\ComponentConcerns\RendersLivewireComponents.php:59
#22 \vendor\laravel\framework\src\Illuminate\View\View.php:195
#23 \vendor\laravel\framework\src\Illuminate\View\View.php:178
#24 \vendor\laravel\framework\src\Illuminate\View\View.php:147
#25 \storage\framework\views\1abeb397667ed1b6e7dcb892aabb4d65e2d3717a.php:912
#27 \vendor\livewire\livewire\src\ComponentConcerns\RendersLivewireComponents.php:84
#28 \vendor\livewire\livewire\src\ComponentConcerns\RendersLivewireComponents.php:59
#29 \vendor\laravel\framework\src\Illuminate\View\View.php:195
#30 \vendor\laravel\framework\src\Illuminate\View\View.php:178
#31 \vendor\laravel\framework\src\Illuminate\View\View.php:147
#32 \vendor\livewire\livewire\src\Component.php:235
#33 \vendor\livewire\livewire\src\HydrationMiddleware\RenderView.php:14
#34 \vendor\livewire\livewire\src\LifecycleManager.php:154
#35 \vendor\livewire\livewire\src\Connection\ConnectionHandler.php:15
#36 \vendor\livewire\livewire\src\Controllers\HttpConnectionHandler.php:21
#37 \vendor\laravel\framework\src\Illuminate\Routing\ControllerDispatcher.php:46
#38 \vendor\laravel\framework\src\Illuminate\Routing\Route.php:260
#39 \vendor\laravel\framework\src\Illuminate\Routing\Route.php:205
#40 \vendor\laravel\framework\src\Illuminate\Routing\Router.php:798
#41 \vendor\laravel\framework\src\Illuminate\Pipeline\Pipeline.php:141
#42 \app\Http\Middleware\Localization.php:23
#43 \vendor\laravel\framework\src\Illuminate\Pipeline\Pipeline.php:180
#44 \vendor\laravel\framework\src\Illuminate\Routing\Middleware\SubstituteBindings.php:50
#45 \vendor\laravel\framework\src\Illuminate\Pipeline\Pipeline.php:180
#46 \vendor\laravel\framework\src\Illuminate\Foundation\Http\Middleware\VerifyCsrfToken.php:78
#47 \vendor\laravel\framework\src\Illuminate\Pipeline\Pipeline.php:180
#48 \vendor\laravel\framework\src\Illuminate\View\Middleware\ShareErrorsFromSession.php:49
#49 \vendor\laravel\framework\src\Illuminate\Pipeline\Pipeline.php:180
  
[2024-04-03 03:25:54] local.INFO: Model: App\Models\CompanyLevel
Relation: BussinessUnit
Num-Called: 3
Call-Stack:
#18 \storage\framework\views\70780ae65592e38d2657b6f26bdad45b978a7ba8.php:63
#20 \vendor\livewire\livewire\src\ComponentConcerns\RendersLivewireComponents.php:84
#21 \vendor\livewire\livewire\src\ComponentConcerns\RendersLivewireComponents.php:59
#22 \vendor\laravel\framework\src\Illuminate\View\View.php:195
#23 \vendor\laravel\framework\src\Illuminate\View\View.php:178
#24 \vendor\laravel\framework\src\Illuminate\View\View.php:147
#25 \storage\framework\views\1abeb397667ed1b6e7dcb892aabb4d65e2d3717a.php:912
#27 \vendor\livewire\livewire\src\ComponentConcerns\RendersLivewireComponents.php:84
#28 \vendor\livewire\livewire\src\ComponentConcerns\RendersLivewireComponents.php:59
#29 \vendor\laravel\framework\src\Illuminate\View\View.php:195
#30 \vendor\laravel\framework\src\Illuminate\View\View.php:178
#31 \vendor\laravel\framework\src\Illuminate\View\View.php:147
#32 \vendor\livewire\livewire\src\Component.php:235
#33 \vendor\livewire\livewire\src\HydrationMiddleware\RenderView.php:14
#34 \vendor\livewire\livewire\src\LifecycleManager.php:154
#35 \vendor\livewire\livewire\src\Connection\ConnectionHandler.php:15
#36 \vendor\livewire\livewire\src\Controllers\HttpConnectionHandler.php:21
#37 \vendor\laravel\framework\src\Illuminate\Routing\ControllerDispatcher.php:46
#38 \vendor\laravel\framework\src\Illuminate\Routing\Route.php:260
#39 \vendor\laravel\framework\src\Illuminate\Routing\Route.php:205
#40 \vendor\laravel\framework\src\Illuminate\Routing\Router.php:798
#41 \vendor\laravel\framework\src\Illuminate\Pipeline\Pipeline.php:141
#42 \app\Http\Middleware\Localization.php:23
#43 \vendor\laravel\framework\src\Illuminate\Pipeline\Pipeline.php:180
#44 \vendor\laravel\framework\src\Illuminate\Routing\Middleware\SubstituteBindings.php:50
#45 \vendor\laravel\framework\src\Illuminate\Pipeline\Pipeline.php:180
#46 \vendor\laravel\framework\src\Illuminate\Foundation\Http\Middleware\VerifyCsrfToken.php:78
#47 \vendor\laravel\framework\src\Illuminate\Pipeline\Pipeline.php:180
#48 \vendor\laravel\framework\src\Illuminate\View\Middleware\ShareErrorsFromSession.php:49
#49 \vendor\laravel\framework\src\Illuminate\Pipeline\Pipeline.php:180
  
[2024-04-03 03:25:59] local.INFO: Detected N+1 Query  
[2024-04-03 03:25:59] local.INFO: Model: App\Models\CompanyLevel
Relation: App\Models\Companies
Num-Called: 3
Call-Stack:
#20 \vendor\livewire\livewire\src\HydrationMiddleware\HydratePublicProperties.php:175
#21 \vendor\livewire\livewire\src\HydrationMiddleware\HydratePublicProperties.php:60
#22 \vendor\livewire\livewire\src\LifecycleManager.php:89
#23 \vendor\livewire\livewire\src\Connection\ConnectionHandler.php:13
#24 \vendor\livewire\livewire\src\Controllers\HttpConnectionHandler.php:21
#25 \vendor\laravel\framework\src\Illuminate\Routing\ControllerDispatcher.php:46
#26 \vendor\laravel\framework\src\Illuminate\Routing\Route.php:260
#27 \vendor\laravel\framework\src\Illuminate\Routing\Route.php:205
#28 \vendor\laravel\framework\src\Illuminate\Routing\Router.php:798
#29 \vendor\laravel\framework\src\Illuminate\Pipeline\Pipeline.php:141
#30 \app\Http\Middleware\Localization.php:23
#31 \vendor\laravel\framework\src\Illuminate\Pipeline\Pipeline.php:180
#32 \vendor\laravel\framework\src\Illuminate\Routing\Middleware\SubstituteBindings.php:50
#33 \vendor\laravel\framework\src\Illuminate\Pipeline\Pipeline.php:180
#34 \vendor\laravel\framework\src\Illuminate\Foundation\Http\Middleware\VerifyCsrfToken.php:78
#35 \vendor\laravel\framework\src\Illuminate\Pipeline\Pipeline.php:180
#36 \vendor\laravel\framework\src\Illuminate\View\Middleware\ShareErrorsFromSession.php:49
#37 \vendor\laravel\framework\src\Illuminate\Pipeline\Pipeline.php:180
#38 \vendor\laravel\framework\src\Illuminate\Session\Middleware\StartSession.php:121
#39 \vendor\laravel\framework\src\Illuminate\Session\Middleware\StartSession.php:64
#40 \vendor\laravel\framework\src\Illuminate\Pipeline\Pipeline.php:180
#41 \vendor\laravel\framework\src\Illuminate\Cookie\Middleware\AddQueuedCookiesToResponse.php:37
#42 \vendor\laravel\framework\src\Illuminate\Pipeline\Pipeline.php:180
#43 \vendor\laravel\framework\src\Illuminate\Cookie\Middleware\EncryptCookies.php:67
#44 \vendor\laravel\framework\src\Illuminate\Pipeline\Pipeline.php:180
#45 \vendor\laravel\framework\src\Illuminate\Pipeline\Pipeline.php:116
#46 \vendor\laravel\framework\src\Illuminate\Routing\Router.php:799
#47 \vendor\laravel\framework\src\Illuminate\Routing\Router.php:776
#48 \vendor\laravel\framework\src\Illuminate\Routing\Router.php:740
#49 \vendor\laravel\framework\src\Illuminate\Routing\Router.php:729
  
[2024-04-03 03:25:59] local.INFO: Model: App\Models\Workgroup
Relation: App\Models\CompanyLevel
Num-Called: 2
Call-Stack:
#19 \vendor\livewire\livewire\src\HydrationMiddleware\HydratePublicProperties.php:175
#20 \vendor\livewire\livewire\src\HydrationMiddleware\HydratePublicProperties.php:60
#21 \vendor\livewire\livewire\src\LifecycleManager.php:89
#22 \vendor\livewire\livewire\src\Connection\ConnectionHandler.php:13
#23 \vendor\livewire\livewire\src\Controllers\HttpConnectionHandler.php:21
#24 \vendor\laravel\framework\src\Illuminate\Routing\ControllerDispatcher.php:46
#25 \vendor\laravel\framework\src\Illuminate\Routing\Route.php:260
#26 \vendor\laravel\framework\src\Illuminate\Routing\Route.php:205
#27 \vendor\laravel\framework\src\Illuminate\Routing\Router.php:798
#28 \vendor\laravel\framework\src\Illuminate\Pipeline\Pipeline.php:141
#29 \app\Http\Middleware\Localization.php:23
#30 \vendor\laravel\framework\src\Illuminate\Pipeline\Pipeline.php:180
#31 \vendor\laravel\framework\src\Illuminate\Routing\Middleware\SubstituteBindings.php:50
#32 \vendor\laravel\framework\src\Illuminate\Pipeline\Pipeline.php:180
#33 \vendor\laravel\framework\src\Illuminate\Foundation\Http\Middleware\VerifyCsrfToken.php:78
#34 \vendor\laravel\framework\src\Illuminate\Pipeline\Pipeline.php:180
#35 \vendor\laravel\framework\src\Illuminate\View\Middleware\ShareErrorsFromSession.php:49
#36 \vendor\laravel\framework\src\Illuminate\Pipeline\Pipeline.php:180
#37 \vendor\laravel\framework\src\Illuminate\Session\Middleware\StartSession.php:121
#38 \vendor\laravel\framework\src\Illuminate\Session\Middleware\StartSession.php:64
#39 \vendor\laravel\framework\src\Illuminate\Pipeline\Pipeline.php:180
#40 \vendor\laravel\framework\src\Illuminate\Cookie\Middleware\AddQueuedCookiesToResponse.php:37
#41 \vendor\laravel\framework\src\Illuminate\Pipeline\Pipeline.php:180
#42 \vendor\laravel\framework\src\Illuminate\Cookie\Middleware\EncryptCookies.php:67
#43 \vendor\laravel\framework\src\Illuminate\Pipeline\Pipeline.php:180
#44 \vendor\laravel\framework\src\Illuminate\Pipeline\Pipeline.php:116
#45 \vendor\laravel\framework\src\Illuminate\Routing\Router.php:799
#46 \vendor\laravel\framework\src\Illuminate\Routing\Router.php:776
#47 \vendor\laravel\framework\src\Illuminate\Routing\Router.php:740
#48 \vendor\laravel\framework\src\Illuminate\Routing\Router.php:729
#49 \vendor\laravel\framework\src\Illuminate\Foundation\Http\Kernel.php:190
  
[2024-04-03 03:26:02] local.INFO: Detected N+1 Query  
[2024-04-03 03:26:02] local.INFO: Model: App\Models\CompanyLevel
Relation: App\Models\Companies
Num-Called: 3
Call-Stack:
#20 \vendor\livewire\livewire\src\HydrationMiddleware\HydratePublicProperties.php:175
#21 \vendor\livewire\livewire\src\HydrationMiddleware\HydratePublicProperties.php:60
#22 \vendor\livewire\livewire\src\LifecycleManager.php:89
#23 \vendor\livewire\livewire\src\Connection\ConnectionHandler.php:13
#24 \vendor\livewire\livewire\src\Controllers\HttpConnectionHandler.php:21
#25 \vendor\laravel\framework\src\Illuminate\Routing\ControllerDispatcher.php:46
#26 \vendor\laravel\framework\src\Illuminate\Routing\Route.php:260
#27 \vendor\laravel\framework\src\Illuminate\Routing\Route.php:205
#28 \vendor\laravel\framework\src\Illuminate\Routing\Router.php:798
#29 \vendor\laravel\framework\src\Illuminate\Pipeline\Pipeline.php:141
#30 \app\Http\Middleware\Localization.php:23
#31 \vendor\laravel\framework\src\Illuminate\Pipeline\Pipeline.php:180
#32 \vendor\laravel\framework\src\Illuminate\Routing\Middleware\SubstituteBindings.php:50
#33 \vendor\laravel\framework\src\Illuminate\Pipeline\Pipeline.php:180
#34 \vendor\laravel\framework\src\Illuminate\Foundation\Http\Middleware\VerifyCsrfToken.php:78
#35 \vendor\laravel\framework\src\Illuminate\Pipeline\Pipeline.php:180
#36 \vendor\laravel\framework\src\Illuminate\View\Middleware\ShareErrorsFromSession.php:49
#37 \vendor\laravel\framework\src\Illuminate\Pipeline\Pipeline.php:180
#38 \vendor\laravel\framework\src\Illuminate\Session\Middleware\StartSession.php:121
#39 \vendor\laravel\framework\src\Illuminate\Session\Middleware\StartSession.php:64
#40 \vendor\laravel\framework\src\Illuminate\Pipeline\Pipeline.php:180
#41 \vendor\laravel\framework\src\Illuminate\Cookie\Middleware\AddQueuedCookiesToResponse.php:37
#42 \vendor\laravel\framework\src\Illuminate\Pipeline\Pipeline.php:180
#43 \vendor\laravel\framework\src\Illuminate\Cookie\Middleware\EncryptCookies.php:67
#44 \vendor\laravel\framework\src\Illuminate\Pipeline\Pipeline.php:180
#45 \vendor\laravel\framework\src\Illuminate\Pipeline\Pipeline.php:116
#46 \vendor\laravel\framework\src\Illuminate\Routing\Router.php:799
#47 \vendor\laravel\framework\src\Illuminate\Routing\Router.php:776
#48 \vendor\laravel\framework\src\Illuminate\Routing\Router.php:740
#49 \vendor\laravel\framework\src\Illuminate\Routing\Router.php:729
  
[2024-04-03 03:26:02] local.INFO: Model: App\Models\Workgroup
Relation: App\Models\CompanyLevel
Num-Called: 2
Call-Stack:
#19 \vendor\livewire\livewire\src\HydrationMiddleware\HydratePublicProperties.php:175
#20 \vendor\livewire\livewire\src\HydrationMiddleware\HydratePublicProperties.php:60
#21 \vendor\livewire\livewire\src\LifecycleManager.php:89
#22 \vendor\livewire\livewire\src\Connection\ConnectionHandler.php:13
#23 \vendor\livewire\livewire\src\Controllers\HttpConnectionHandler.php:21
#24 \vendor\laravel\framework\src\Illuminate\Routing\ControllerDispatcher.php:46
#25 \vendor\laravel\framework\src\Illuminate\Routing\Route.php:260
#26 \vendor\laravel\framework\src\Illuminate\Routing\Route.php:205
#27 \vendor\laravel\framework\src\Illuminate\Routing\Router.php:798
#28 \vendor\laravel\framework\src\Illuminate\Pipeline\Pipeline.php:141
#29 \app\Http\Middleware\Localization.php:23
#30 \vendor\laravel\framework\src\Illuminate\Pipeline\Pipeline.php:180
#31 \vendor\laravel\framework\src\Illuminate\Routing\Middleware\SubstituteBindings.php:50
#32 \vendor\laravel\framework\src\Illuminate\Pipeline\Pipeline.php:180
#33 \vendor\laravel\framework\src\Illuminate\Foundation\Http\Middleware\VerifyCsrfToken.php:78
#34 \vendor\laravel\framework\src\Illuminate\Pipeline\Pipeline.php:180
#35 \vendor\laravel\framework\src\Illuminate\View\Middleware\ShareErrorsFromSession.php:49
#36 \vendor\laravel\framework\src\Illuminate\Pipeline\Pipeline.php:180
#37 \vendor\laravel\framework\src\Illuminate\Session\Middleware\StartSession.php:121
#38 \vendor\laravel\framework\src\Illuminate\Session\Middleware\StartSession.php:64
#39 \vendor\laravel\framework\src\Illuminate\Pipeline\Pipeline.php:180
#40 \vendor\laravel\framework\src\Illuminate\Cookie\Middleware\AddQueuedCookiesToResponse.php:37
#41 \vendor\laravel\framework\src\Illuminate\Pipeline\Pipeline.php:180
#42 \vendor\laravel\framework\src\Illuminate\Cookie\Middleware\EncryptCookies.php:67
#43 \vendor\laravel\framework\src\Illuminate\Pipeline\Pipeline.php:180
#44 \vendor\laravel\framework\src\Illuminate\Pipeline\Pipeline.php:116
#45 \vendor\laravel\framework\src\Illuminate\Routing\Router.php:799
#46 \vendor\laravel\framework\src\Illuminate\Routing\Router.php:776
#47 \vendor\laravel\framework\src\Illuminate\Routing\Router.php:740
#48 \vendor\laravel\framework\src\Illuminate\Routing\Router.php:729
#49 \vendor\laravel\framework\src\Illuminate\Foundation\Http\Kernel.php:190
  
[2024-04-03 03:26:22] local.INFO: Detected N+1 Query  
[2024-04-03 03:26:22] local.INFO: Model: App\Models\Workgroup
Relation: companyLevel
Num-Called: 3
Call-Stack:
#18 \storage\framework\views\63ce8b88bbc353b921a062020db17b9f9613a1a0.php:79
#20 \vendor\livewire\livewire\src\ComponentConcerns\RendersLivewireComponents.php:84
#21 \vendor\livewire\livewire\src\ComponentConcerns\RendersLivewireComponents.php:59
#22 \vendor\laravel\framework\src\Illuminate\View\View.php:195
#23 \vendor\laravel\framework\src\Illuminate\View\View.php:178
#24 \vendor\laravel\framework\src\Illuminate\View\View.php:147
#25 \storage\framework\views\9c739e54b3f024f4b4d90e5fd6143ed0c6256430.php:250
#27 \vendor\livewire\livewire\src\ComponentConcerns\RendersLivewireComponents.php:84
#28 \vendor\livewire\livewire\src\ComponentConcerns\RendersLivewireComponents.php:59
#29 \vendor\laravel\framework\src\Illuminate\View\View.php:195
#30 \vendor\laravel\framework\src\Illuminate\View\View.php:178
#31 \vendor\laravel\framework\src\Illuminate\View\View.php:147
#32 \vendor\livewire\livewire\src\Component.php:235
#33 \vendor\livewire\livewire\src\HydrationMiddleware\RenderView.php:14
#34 \vendor\livewire\livewire\src\LifecycleManager.php:154
#35 \vendor\livewire\livewire\src\Connection\ConnectionHandler.php:15
#36 \vendor\livewire\livewire\src\Controllers\HttpConnectionHandler.php:21
#37 \vendor\laravel\framework\src\Illuminate\Routing\ControllerDispatcher.php:46
#38 \vendor\laravel\framework\src\Illuminate\Routing\Route.php:260
#39 \vendor\laravel\framework\src\Illuminate\Routing\Route.php:205
#40 \vendor\laravel\framework\src\Illuminate\Routing\Router.php:798
#41 \vendor\laravel\framework\src\Illuminate\Pipeline\Pipeline.php:141
#42 \app\Http\Middleware\Localization.php:23
#43 \vendor\laravel\framework\src\Illuminate\Pipeline\Pipeline.php:180
#44 \vendor\laravel\framework\src\Illuminate\Routing\Middleware\SubstituteBindings.php:50
#45 \vendor\laravel\framework\src\Illuminate\Pipeline\Pipeline.php:180
#46 \vendor\laravel\framework\src\Illuminate\Foundation\Http\Middleware\VerifyCsrfToken.php:78
#47 \vendor\laravel\framework\src\Illuminate\Pipeline\Pipeline.php:180
#48 \vendor\laravel\framework\src\Illuminate\View\Middleware\ShareErrorsFromSession.php:49
#49 \vendor\laravel\framework\src\Illuminate\Pipeline\Pipeline.php:180
  
[2024-04-03 03:26:22] local.INFO: Model: App\Models\CompanyLevel
Relation: BussinessUnit
Num-Called: 3
Call-Stack:
#18 \storage\framework\views\63ce8b88bbc353b921a062020db17b9f9613a1a0.php:79
#20 \vendor\livewire\livewire\src\ComponentConcerns\RendersLivewireComponents.php:84
#21 \vendor\livewire\livewire\src\ComponentConcerns\RendersLivewireComponents.php:59
#22 \vendor\laravel\framework\src\Illuminate\View\View.php:195
#23 \vendor\laravel\framework\src\Illuminate\View\View.php:178
#24 \vendor\laravel\framework\src\Illuminate\View\View.php:147
#25 \storage\framework\views\9c739e54b3f024f4b4d90e5fd6143ed0c6256430.php:250
#27 \vendor\livewire\livewire\src\ComponentConcerns\RendersLivewireComponents.php:84
#28 \vendor\livewire\livewire\src\ComponentConcerns\RendersLivewireComponents.php:59
#29 \vendor\laravel\framework\src\Illuminate\View\View.php:195
#30 \vendor\laravel\framework\src\Illuminate\View\View.php:178
#31 \vendor\laravel\framework\src\Illuminate\View\View.php:147
#32 \vendor\livewire\livewire\src\Component.php:235
#33 \vendor\livewire\livewire\src\HydrationMiddleware\RenderView.php:14
#34 \vendor\livewire\livewire\src\LifecycleManager.php:154
#35 \vendor\livewire\livewire\src\Connection\ConnectionHandler.php:15
#36 \vendor\livewire\livewire\src\Controllers\HttpConnectionHandler.php:21
#37 \vendor\laravel\framework\src\Illuminate\Routing\ControllerDispatcher.php:46
#38 \vendor\laravel\framework\src\Illuminate\Routing\Route.php:260
#39 \vendor\laravel\framework\src\Illuminate\Routing\Route.php:205
#40 \vendor\laravel\framework\src\Illuminate\Routing\Router.php:798
#41 \vendor\laravel\framework\src\Illuminate\Pipeline\Pipeline.php:141
#42 \app\Http\Middleware\Localization.php:23
#43 \vendor\laravel\framework\src\Illuminate\Pipeline\Pipeline.php:180
#44 \vendor\laravel\framework\src\Illuminate\Routing\Middleware\SubstituteBindings.php:50
#45 \vendor\laravel\framework\src\Illuminate\Pipeline\Pipeline.php:180
#46 \vendor\laravel\framework\src\Illuminate\Foundation\Http\Middleware\VerifyCsrfToken.php:78
#47 \vendor\laravel\framework\src\Illuminate\Pipeline\Pipeline.php:180
#48 \vendor\laravel\framework\src\Illuminate\View\Middleware\ShareErrorsFromSession.php:49
#49 \vendor\laravel\framework\src\Illuminate\Pipeline\Pipeline.php:180
  
[2024-04-03 03:26:33] local.INFO: Detected N+1 Query  
[2024-04-03 03:26:33] local.INFO: Model: App\Models\CompanyLevel
Relation: App\Models\Companies
Num-Called: 3
Call-Stack:
#20 \vendor\livewire\livewire\src\HydrationMiddleware\HydratePublicProperties.php:175
#21 \vendor\livewire\livewire\src\HydrationMiddleware\HydratePublicProperties.php:60
#22 \vendor\livewire\livewire\src\LifecycleManager.php:89
#23 \vendor\livewire\livewire\src\Connection\ConnectionHandler.php:13
#24 \vendor\livewire\livewire\src\Controllers\HttpConnectionHandler.php:21
#25 \vendor\laravel\framework\src\Illuminate\Routing\ControllerDispatcher.php:46
#26 \vendor\laravel\framework\src\Illuminate\Routing\Route.php:260
#27 \vendor\laravel\framework\src\Illuminate\Routing\Route.php:205
#28 \vendor\laravel\framework\src\Illuminate\Routing\Router.php:798
#29 \vendor\laravel\framework\src\Illuminate\Pipeline\Pipeline.php:141
#30 \app\Http\Middleware\Localization.php:23
#31 \vendor\laravel\framework\src\Illuminate\Pipeline\Pipeline.php:180
#32 \vendor\laravel\framework\src\Illuminate\Routing\Middleware\SubstituteBindings.php:50
#33 \vendor\laravel\framework\src\Illuminate\Pipeline\Pipeline.php:180
#34 \vendor\laravel\framework\src\Illuminate\Foundation\Http\Middleware\VerifyCsrfToken.php:78
#35 \vendor\laravel\framework\src\Illuminate\Pipeline\Pipeline.php:180
#36 \vendor\laravel\framework\src\Illuminate\View\Middleware\ShareErrorsFromSession.php:49
#37 \vendor\laravel\framework\src\Illuminate\Pipeline\Pipeline.php:180
#38 \vendor\laravel\framework\src\Illuminate\Session\Middleware\StartSession.php:121
#39 \vendor\laravel\framework\src\Illuminate\Session\Middleware\StartSession.php:64
#40 \vendor\laravel\framework\src\Illuminate\Pipeline\Pipeline.php:180
#41 \vendor\laravel\framework\src\Illuminate\Cookie\Middleware\AddQueuedCookiesToResponse.php:37
#42 \vendor\laravel\framework\src\Illuminate\Pipeline\Pipeline.php:180
#43 \vendor\laravel\framework\src\Illuminate\Cookie\Middleware\EncryptCookies.php:67
#44 \vendor\laravel\framework\src\Illuminate\Pipeline\Pipeline.php:180
#45 \vendor\laravel\framework\src\Illuminate\Pipeline\Pipeline.php:116
#46 \vendor\laravel\framework\src\Illuminate\Routing\Router.php:799
#47 \vendor\laravel\framework\src\Illuminate\Routing\Router.php:776
#48 \vendor\laravel\framework\src\Illuminate\Routing\Router.php:740
#49 \vendor\laravel\framework\src\Illuminate\Routing\Router.php:729
  
[2024-04-03 03:26:33] local.INFO: Model: App\Models\Workgroup
Relation: App\Models\CompanyLevel
Num-Called: 2
Call-Stack:
#19 \vendor\livewire\livewire\src\HydrationMiddleware\HydratePublicProperties.php:175
#20 \vendor\livewire\livewire\src\HydrationMiddleware\HydratePublicProperties.php:60
#21 \vendor\livewire\livewire\src\LifecycleManager.php:89
#22 \vendor\livewire\livewire\src\Connection\ConnectionHandler.php:13
#23 \vendor\livewire\livewire\src\Controllers\HttpConnectionHandler.php:21
#24 \vendor\laravel\framework\src\Illuminate\Routing\ControllerDispatcher.php:46
#25 \vendor\laravel\framework\src\Illuminate\Routing\Route.php:260
#26 \vendor\laravel\framework\src\Illuminate\Routing\Route.php:205
#27 \vendor\laravel\framework\src\Illuminate\Routing\Router.php:798
#28 \vendor\laravel\framework\src\Illuminate\Pipeline\Pipeline.php:141
#29 \app\Http\Middleware\Localization.php:23
#30 \vendor\laravel\framework\src\Illuminate\Pipeline\Pipeline.php:180
#31 \vendor\laravel\framework\src\Illuminate\Routing\Middleware\SubstituteBindings.php:50
#32 \vendor\laravel\framework\src\Illuminate\Pipeline\Pipeline.php:180
#33 \vendor\laravel\framework\src\Illuminate\Foundation\Http\Middleware\VerifyCsrfToken.php:78
#34 \vendor\laravel\framework\src\Illuminate\Pipeline\Pipeline.php:180
#35 \vendor\laravel\framework\src\Illuminate\View\Middleware\ShareErrorsFromSession.php:49
#36 \vendor\laravel\framework\src\Illuminate\Pipeline\Pipeline.php:180
#37 \vendor\laravel\framework\src\Illuminate\Session\Middleware\StartSession.php:121
#38 \vendor\laravel\framework\src\Illuminate\Session\Middleware\StartSession.php:64
#39 \vendor\laravel\framework\src\Illuminate\Pipeline\Pipeline.php:180
#40 \vendor\laravel\framework\src\Illuminate\Cookie\Middleware\AddQueuedCookiesToResponse.php:37
#41 \vendor\laravel\framework\src\Illuminate\Pipeline\Pipeline.php:180
#42 \vendor\laravel\framework\src\Illuminate\Cookie\Middleware\EncryptCookies.php:67
#43 \vendor\laravel\framework\src\Illuminate\Pipeline\Pipeline.php:180
#44 \vendor\laravel\framework\src\Illuminate\Pipeline\Pipeline.php:116
#45 \vendor\laravel\framework\src\Illuminate\Routing\Router.php:799
#46 \vendor\laravel\framework\src\Illuminate\Routing\Router.php:776
#47 \vendor\laravel\framework\src\Illuminate\Routing\Router.php:740
#48 \vendor\laravel\framework\src\Illuminate\Routing\Router.php:729
#49 \vendor\laravel\framework\src\Illuminate\Foundation\Http\Kernel.php:190
  
[2024-04-03 03:26:33] local.INFO: Model: App\Models\Workgroup
Relation: companyLevel
Num-Called: 3
Call-Stack:
#18 \storage\framework\views\63ce8b88bbc353b921a062020db17b9f9613a1a0.php:79
#20 \vendor\livewire\livewire\src\ComponentConcerns\RendersLivewireComponents.php:84
#21 \vendor\livewire\livewire\src\ComponentConcerns\RendersLivewireComponents.php:59
#22 \vendor\laravel\framework\src\Illuminate\View\View.php:195
#23 \vendor\laravel\framework\src\Illuminate\View\View.php:178
#24 \vendor\laravel\framework\src\Illuminate\View\View.php:147
#25 \storage\framework\views\9c739e54b3f024f4b4d90e5fd6143ed0c6256430.php:250
#27 \vendor\livewire\livewire\src\ComponentConcerns\RendersLivewireComponents.php:84
#28 \vendor\livewire\livewire\src\ComponentConcerns\RendersLivewireComponents.php:59
#29 \vendor\laravel\framework\src\Illuminate\View\View.php:195
#30 \vendor\laravel\framework\src\Illuminate\View\View.php:178
#31 \vendor\laravel\framework\src\Illuminate\View\View.php:147
#32 \vendor\livewire\livewire\src\Component.php:235
#33 \vendor\livewire\livewire\src\HydrationMiddleware\RenderView.php:14
#34 \vendor\livewire\livewire\src\LifecycleManager.php:154
#35 \vendor\livewire\livewire\src\Connection\ConnectionHandler.php:15
#36 \vendor\livewire\livewire\src\Controllers\HttpConnectionHandler.php:21
#37 \vendor\laravel\framework\src\Illuminate\Routing\ControllerDispatcher.php:46
#38 \vendor\laravel\framework\src\Illuminate\Routing\Route.php:260
#39 \vendor\laravel\framework\src\Illuminate\Routing\Route.php:205
#40 \vendor\laravel\framework\src\Illuminate\Routing\Router.php:798
#41 \vendor\laravel\framework\src\Illuminate\Pipeline\Pipeline.php:141
#42 \app\Http\Middleware\Localization.php:23
#43 \vendor\laravel\framework\src\Illuminate\Pipeline\Pipeline.php:180
#44 \vendor\laravel\framework\src\Illuminate\Routing\Middleware\SubstituteBindings.php:50
#45 \vendor\laravel\framework\src\Illuminate\Pipeline\Pipeline.php:180
#46 \vendor\laravel\framework\src\Illuminate\Foundation\Http\Middleware\VerifyCsrfToken.php:78
#47 \vendor\laravel\framework\src\Illuminate\Pipeline\Pipeline.php:180
#48 \vendor\laravel\framework\src\Illuminate\View\Middleware\ShareErrorsFromSession.php:49
#49 \vendor\laravel\framework\src\Illuminate\Pipeline\Pipeline.php:180
  
[2024-04-03 03:26:33] local.INFO: Model: App\Models\CompanyLevel
Relation: BussinessUnit
Num-Called: 3
Call-Stack:
#18 \storage\framework\views\63ce8b88bbc353b921a062020db17b9f9613a1a0.php:79
#20 \vendor\livewire\livewire\src\ComponentConcerns\RendersLivewireComponents.php:84
#21 \vendor\livewire\livewire\src\ComponentConcerns\RendersLivewireComponents.php:59
#22 \vendor\laravel\framework\src\Illuminate\View\View.php:195
#23 \vendor\laravel\framework\src\Illuminate\View\View.php:178
#24 \vendor\laravel\framework\src\Illuminate\View\View.php:147
#25 \storage\framework\views\9c739e54b3f024f4b4d90e5fd6143ed0c6256430.php:250
#27 \vendor\livewire\livewire\src\ComponentConcerns\RendersLivewireComponents.php:84
#28 \vendor\livewire\livewire\src\ComponentConcerns\RendersLivewireComponents.php:59
#29 \vendor\laravel\framework\src\Illuminate\View\View.php:195
#30 \vendor\laravel\framework\src\Illuminate\View\View.php:178
#31 \vendor\laravel\framework\src\Illuminate\View\View.php:147
#32 \vendor\livewire\livewire\src\Component.php:235
#33 \vendor\livewire\livewire\src\HydrationMiddleware\RenderView.php:14
#34 \vendor\livewire\livewire\src\LifecycleManager.php:154
#35 \vendor\livewire\livewire\src\Connection\ConnectionHandler.php:15
#36 \vendor\livewire\livewire\src\Controllers\HttpConnectionHandler.php:21
#37 \vendor\laravel\framework\src\Illuminate\Routing\ControllerDispatcher.php:46
#38 \vendor\laravel\framework\src\Illuminate\Routing\Route.php:260
#39 \vendor\laravel\framework\src\Illuminate\Routing\Route.php:205
#40 \vendor\laravel\framework\src\Illuminate\Routing\Router.php:798
#41 \vendor\laravel\framework\src\Illuminate\Pipeline\Pipeline.php:141
#42 \app\Http\Middleware\Localization.php:23
#43 \vendor\laravel\framework\src\Illuminate\Pipeline\Pipeline.php:180
#44 \vendor\laravel\framework\src\Illuminate\Routing\Middleware\SubstituteBindings.php:50
#45 \vendor\laravel\framework\src\Illuminate\Pipeline\Pipeline.php:180
#46 \vendor\laravel\framework\src\Illuminate\Foundation\Http\Middleware\VerifyCsrfToken.php:78
#47 \vendor\laravel\framework\src\Illuminate\Pipeline\Pipeline.php:180
#48 \vendor\laravel\framework\src\Illuminate\View\Middleware\ShareErrorsFromSession.php:49
#49 \vendor\laravel\framework\src\Illuminate\Pipeline\Pipeline.php:180
  
[2024-04-03 03:26:39] local.INFO: Detected N+1 Query  
[2024-04-03 03:26:39] local.INFO: Model: App\Models\CompanyLevel
Relation: App\Models\Companies
Num-Called: 3
Call-Stack:
#20 \vendor\livewire\livewire\src\HydrationMiddleware\HydratePublicProperties.php:175
#21 \vendor\livewire\livewire\src\HydrationMiddleware\HydratePublicProperties.php:60
#22 \vendor\livewire\livewire\src\LifecycleManager.php:89
#23 \vendor\livewire\livewire\src\Connection\ConnectionHandler.php:13
#24 \vendor\livewire\livewire\src\Controllers\HttpConnectionHandler.php:21
#25 \vendor\laravel\framework\src\Illuminate\Routing\ControllerDispatcher.php:46
#26 \vendor\laravel\framework\src\Illuminate\Routing\Route.php:260
#27 \vendor\laravel\framework\src\Illuminate\Routing\Route.php:205
#28 \vendor\laravel\framework\src\Illuminate\Routing\Router.php:798
#29 \vendor\laravel\framework\src\Illuminate\Pipeline\Pipeline.php:141
#30 \app\Http\Middleware\Localization.php:23
#31 \vendor\laravel\framework\src\Illuminate\Pipeline\Pipeline.php:180
#32 \vendor\laravel\framework\src\Illuminate\Routing\Middleware\SubstituteBindings.php:50
#33 \vendor\laravel\framework\src\Illuminate\Pipeline\Pipeline.php:180
#34 \vendor\laravel\framework\src\Illuminate\Foundation\Http\Middleware\VerifyCsrfToken.php:78
#35 \vendor\laravel\framework\src\Illuminate\Pipeline\Pipeline.php:180
#36 \vendor\laravel\framework\src\Illuminate\View\Middleware\ShareErrorsFromSession.php:49
#37 \vendor\laravel\framework\src\Illuminate\Pipeline\Pipeline.php:180
#38 \vendor\laravel\framework\src\Illuminate\Session\Middleware\StartSession.php:121
#39 \vendor\laravel\framework\src\Illuminate\Session\Middleware\StartSession.php:64
#40 \vendor\laravel\framework\src\Illuminate\Pipeline\Pipeline.php:180
#41 \vendor\laravel\framework\src\Illuminate\Cookie\Middleware\AddQueuedCookiesToResponse.php:37
#42 \vendor\laravel\framework\src\Illuminate\Pipeline\Pipeline.php:180
#43 \vendor\laravel\framework\src\Illuminate\Cookie\Middleware\EncryptCookies.php:67
#44 \vendor\laravel\framework\src\Illuminate\Pipeline\Pipeline.php:180
#45 \vendor\laravel\framework\src\Illuminate\Pipeline\Pipeline.php:116
#46 \vendor\laravel\framework\src\Illuminate\Routing\Router.php:799
#47 \vendor\laravel\framework\src\Illuminate\Routing\Router.php:776
#48 \vendor\laravel\framework\src\Illuminate\Routing\Router.php:740
#49 \vendor\laravel\framework\src\Illuminate\Routing\Router.php:729
  
[2024-04-03 03:26:39] local.INFO: Model: App\Models\Workgroup
Relation: App\Models\CompanyLevel
Num-Called: 2
Call-Stack:
#19 \vendor\livewire\livewire\src\HydrationMiddleware\HydratePublicProperties.php:175
#20 \vendor\livewire\livewire\src\HydrationMiddleware\HydratePublicProperties.php:60
#21 \vendor\livewire\livewire\src\LifecycleManager.php:89
#22 \vendor\livewire\livewire\src\Connection\ConnectionHandler.php:13
#23 \vendor\livewire\livewire\src\Controllers\HttpConnectionHandler.php:21
#24 \vendor\laravel\framework\src\Illuminate\Routing\ControllerDispatcher.php:46
#25 \vendor\laravel\framework\src\Illuminate\Routing\Route.php:260
#26 \vendor\laravel\framework\src\Illuminate\Routing\Route.php:205
#27 \vendor\laravel\framework\src\Illuminate\Routing\Router.php:798
#28 \vendor\laravel\framework\src\Illuminate\Pipeline\Pipeline.php:141
#29 \app\Http\Middleware\Localization.php:23
#30 \vendor\laravel\framework\src\Illuminate\Pipeline\Pipeline.php:180
#31 \vendor\laravel\framework\src\Illuminate\Routing\Middleware\SubstituteBindings.php:50
#32 \vendor\laravel\framework\src\Illuminate\Pipeline\Pipeline.php:180
#33 \vendor\laravel\framework\src\Illuminate\Foundation\Http\Middleware\VerifyCsrfToken.php:78
#34 \vendor\laravel\framework\src\Illuminate\Pipeline\Pipeline.php:180
#35 \vendor\laravel\framework\src\Illuminate\View\Middleware\ShareErrorsFromSession.php:49
#36 \vendor\laravel\framework\src\Illuminate\Pipeline\Pipeline.php:180
#37 \vendor\laravel\framework\src\Illuminate\Session\Middleware\StartSession.php:121
#38 \vendor\laravel\framework\src\Illuminate\Session\Middleware\StartSession.php:64
#39 \vendor\laravel\framework\src\Illuminate\Pipeline\Pipeline.php:180
#40 \vendor\laravel\framework\src\Illuminate\Cookie\Middleware\AddQueuedCookiesToResponse.php:37
#41 \vendor\laravel\framework\src\Illuminate\Pipeline\Pipeline.php:180
#42 \vendor\laravel\framework\src\Illuminate\Cookie\Middleware\EncryptCookies.php:67
#43 \vendor\laravel\framework\src\Illuminate\Pipeline\Pipeline.php:180
#44 \vendor\laravel\framework\src\Illuminate\Pipeline\Pipeline.php:116
#45 \vendor\laravel\framework\src\Illuminate\Routing\Router.php:799
#46 \vendor\laravel\framework\src\Illuminate\Routing\Router.php:776
#47 \vendor\laravel\framework\src\Illuminate\Routing\Router.php:740
#48 \vendor\laravel\framework\src\Illuminate\Routing\Router.php:729
#49 \vendor\laravel\framework\src\Illuminate\Foundation\Http\Kernel.php:190
  
[2024-04-03 03:26:39] local.INFO: Model: App\Models\Workgroup
Relation: companyLevel
Num-Called: 3
Call-Stack:
#18 \storage\framework\views\63ce8b88bbc353b921a062020db17b9f9613a1a0.php:79
#20 \vendor\livewire\livewire\src\ComponentConcerns\RendersLivewireComponents.php:84
#21 \vendor\livewire\livewire\src\ComponentConcerns\RendersLivewireComponents.php:59
#22 \vendor\laravel\framework\src\Illuminate\View\View.php:195
#23 \vendor\laravel\framework\src\Illuminate\View\View.php:178
#24 \vendor\laravel\framework\src\Illuminate\View\View.php:147
#25 \storage\framework\views\9c739e54b3f024f4b4d90e5fd6143ed0c6256430.php:250
#27 \vendor\livewire\livewire\src\ComponentConcerns\RendersLivewireComponents.php:84
#28 \vendor\livewire\livewire\src\ComponentConcerns\RendersLivewireComponents.php:59
#29 \vendor\laravel\framework\src\Illuminate\View\View.php:195
#30 \vendor\laravel\framework\src\Illuminate\View\View.php:178
#31 \vendor\laravel\framework\src\Illuminate\View\View.php:147
#32 \vendor\livewire\livewire\src\Component.php:235
#33 \vendor\livewire\livewire\src\HydrationMiddleware\RenderView.php:14
#34 \vendor\livewire\livewire\src\LifecycleManager.php:154
#35 \vendor\livewire\livewire\src\Connection\ConnectionHandler.php:15
#36 \vendor\livewire\livewire\src\Controllers\HttpConnectionHandler.php:21
#37 \vendor\laravel\framework\src\Illuminate\Routing\ControllerDispatcher.php:46
#38 \vendor\laravel\framework\src\Illuminate\Routing\Route.php:260
#39 \vendor\laravel\framework\src\Illuminate\Routing\Route.php:205
#40 \vendor\laravel\framework\src\Illuminate\Routing\Router.php:798
#41 \vendor\laravel\framework\src\Illuminate\Pipeline\Pipeline.php:141
#42 \app\Http\Middleware\Localization.php:23
#43 \vendor\laravel\framework\src\Illuminate\Pipeline\Pipeline.php:180
#44 \vendor\laravel\framework\src\Illuminate\Routing\Middleware\SubstituteBindings.php:50
#45 \vendor\laravel\framework\src\Illuminate\Pipeline\Pipeline.php:180
#46 \vendor\laravel\framework\src\Illuminate\Foundation\Http\Middleware\VerifyCsrfToken.php:78
#47 \vendor\laravel\framework\src\Illuminate\Pipeline\Pipeline.php:180
#48 \vendor\laravel\framework\src\Illuminate\View\Middleware\ShareErrorsFromSession.php:49
#49 \vendor\laravel\framework\src\Illuminate\Pipeline\Pipeline.php:180
  
[2024-04-03 03:26:39] local.INFO: Model: App\Models\CompanyLevel
Relation: BussinessUnit
Num-Called: 3
Call-Stack:
#18 \storage\framework\views\63ce8b88bbc353b921a062020db17b9f9613a1a0.php:79
#20 \vendor\livewire\livewire\src\ComponentConcerns\RendersLivewireComponents.php:84
#21 \vendor\livewire\livewire\src\ComponentConcerns\RendersLivewireComponents.php:59
#22 \vendor\laravel\framework\src\Illuminate\View\View.php:195
#23 \vendor\laravel\framework\src\Illuminate\View\View.php:178
#24 \vendor\laravel\framework\src\Illuminate\View\View.php:147
#25 \storage\framework\views\9c739e54b3f024f4b4d90e5fd6143ed0c6256430.php:250
#27 \vendor\livewire\livewire\src\ComponentConcerns\RendersLivewireComponents.php:84
#28 \vendor\livewire\livewire\src\ComponentConcerns\RendersLivewireComponents.php:59
#29 \vendor\laravel\framework\src\Illuminate\View\View.php:195
#30 \vendor\laravel\framework\src\Illuminate\View\View.php:178
#31 \vendor\laravel\framework\src\Illuminate\View\View.php:147
#32 \vendor\livewire\livewire\src\Component.php:235
#33 \vendor\livewire\livewire\src\HydrationMiddleware\RenderView.php:14
#34 \vendor\livewire\livewire\src\LifecycleManager.php:154
#35 \vendor\livewire\livewire\src\Connection\ConnectionHandler.php:15
#36 \vendor\livewire\livewire\src\Controllers\HttpConnectionHandler.php:21
#37 \vendor\laravel\framework\src\Illuminate\Routing\ControllerDispatcher.php:46
#38 \vendor\laravel\framework\src\Illuminate\Routing\Route.php:260
#39 \vendor\laravel\framework\src\Illuminate\Routing\Route.php:205
#40 \vendor\laravel\framework\src\Illuminate\Routing\Router.php:798
#41 \vendor\laravel\framework\src\Illuminate\Pipeline\Pipeline.php:141
#42 \app\Http\Middleware\Localization.php:23
#43 \vendor\laravel\framework\src\Illuminate\Pipeline\Pipeline.php:180
#44 \vendor\laravel\framework\src\Illuminate\Routing\Middleware\SubstituteBindings.php:50
#45 \vendor\laravel\framework\src\Illuminate\Pipeline\Pipeline.php:180
#46 \vendor\laravel\framework\src\Illuminate\Foundation\Http\Middleware\VerifyCsrfToken.php:78
#47 \vendor\laravel\framework\src\Illuminate\Pipeline\Pipeline.php:180
#48 \vendor\laravel\framework\src\Illuminate\View\Middleware\ShareErrorsFromSession.php:49
#49 \vendor\laravel\framework\src\Illuminate\Pipeline\Pipeline.php:180
  
[2024-04-03 03:29:06] local.INFO: Detected N+1 Query  
[2024-04-03 03:29:06] local.INFO: Model: App\Models\CompanyLevel
Relation: App\Models\Companies
Num-Called: 3
Call-Stack:
#20 \vendor\livewire\livewire\src\HydrationMiddleware\HydratePublicProperties.php:175
#21 \vendor\livewire\livewire\src\HydrationMiddleware\HydratePublicProperties.php:60
#22 \vendor\livewire\livewire\src\LifecycleManager.php:89
#23 \vendor\livewire\livewire\src\Connection\ConnectionHandler.php:13
#24 \vendor\livewire\livewire\src\Controllers\HttpConnectionHandler.php:21
#25 \vendor\laravel\framework\src\Illuminate\Routing\ControllerDispatcher.php:46
#26 \vendor\laravel\framework\src\Illuminate\Routing\Route.php:260
#27 \vendor\laravel\framework\src\Illuminate\Routing\Route.php:205
#28 \vendor\laravel\framework\src\Illuminate\Routing\Router.php:798
#29 \vendor\laravel\framework\src\Illuminate\Pipeline\Pipeline.php:141
#30 \app\Http\Middleware\Localization.php:23
#31 \vendor\laravel\framework\src\Illuminate\Pipeline\Pipeline.php:180
#32 \vendor\laravel\framework\src\Illuminate\Routing\Middleware\SubstituteBindings.php:50
#33 \vendor\laravel\framework\src\Illuminate\Pipeline\Pipeline.php:180
#34 \vendor\laravel\framework\src\Illuminate\Foundation\Http\Middleware\VerifyCsrfToken.php:78
#35 \vendor\laravel\framework\src\Illuminate\Pipeline\Pipeline.php:180
#36 \vendor\laravel\framework\src\Illuminate\View\Middleware\ShareErrorsFromSession.php:49
#37 \vendor\laravel\framework\src\Illuminate\Pipeline\Pipeline.php:180
#38 \vendor\laravel\framework\src\Illuminate\Session\Middleware\StartSession.php:121
#39 \vendor\laravel\framework\src\Illuminate\Session\Middleware\StartSession.php:64
#40 \vendor\laravel\framework\src\Illuminate\Pipeline\Pipeline.php:180
#41 \vendor\laravel\framework\src\Illuminate\Cookie\Middleware\AddQueuedCookiesToResponse.php:37
#42 \vendor\laravel\framework\src\Illuminate\Pipeline\Pipeline.php:180
#43 \vendor\laravel\framework\src\Illuminate\Cookie\Middleware\EncryptCookies.php:67
#44 \vendor\laravel\framework\src\Illuminate\Pipeline\Pipeline.php:180
#45 \vendor\laravel\framework\src\Illuminate\Pipeline\Pipeline.php:116
#46 \vendor\laravel\framework\src\Illuminate\Routing\Router.php:799
#47 \vendor\laravel\framework\src\Illuminate\Routing\Router.php:776
#48 \vendor\laravel\framework\src\Illuminate\Routing\Router.php:740
#49 \vendor\laravel\framework\src\Illuminate\Routing\Router.php:729
  
[2024-04-03 03:29:06] local.INFO: Model: App\Models\Workgroup
Relation: App\Models\CompanyLevel
Num-Called: 2
Call-Stack:
#19 \vendor\livewire\livewire\src\HydrationMiddleware\HydratePublicProperties.php:175
#20 \vendor\livewire\livewire\src\HydrationMiddleware\HydratePublicProperties.php:60
#21 \vendor\livewire\livewire\src\LifecycleManager.php:89
#22 \vendor\livewire\livewire\src\Connection\ConnectionHandler.php:13
#23 \vendor\livewire\livewire\src\Controllers\HttpConnectionHandler.php:21
#24 \vendor\laravel\framework\src\Illuminate\Routing\ControllerDispatcher.php:46
#25 \vendor\laravel\framework\src\Illuminate\Routing\Route.php:260
#26 \vendor\laravel\framework\src\Illuminate\Routing\Route.php:205
#27 \vendor\laravel\framework\src\Illuminate\Routing\Router.php:798
#28 \vendor\laravel\framework\src\Illuminate\Pipeline\Pipeline.php:141
#29 \app\Http\Middleware\Localization.php:23
#30 \vendor\laravel\framework\src\Illuminate\Pipeline\Pipeline.php:180
#31 \vendor\laravel\framework\src\Illuminate\Routing\Middleware\SubstituteBindings.php:50
#32 \vendor\laravel\framework\src\Illuminate\Pipeline\Pipeline.php:180
#33 \vendor\laravel\framework\src\Illuminate\Foundation\Http\Middleware\VerifyCsrfToken.php:78
#34 \vendor\laravel\framework\src\Illuminate\Pipeline\Pipeline.php:180
#35 \vendor\laravel\framework\src\Illuminate\View\Middleware\ShareErrorsFromSession.php:49
#36 \vendor\laravel\framework\src\Illuminate\Pipeline\Pipeline.php:180
#37 \vendor\laravel\framework\src\Illuminate\Session\Middleware\StartSession.php:121
#38 \vendor\laravel\framework\src\Illuminate\Session\Middleware\StartSession.php:64
#39 \vendor\laravel\framework\src\Illuminate\Pipeline\Pipeline.php:180
#40 \vendor\laravel\framework\src\Illuminate\Cookie\Middleware\AddQueuedCookiesToResponse.php:37
#41 \vendor\laravel\framework\src\Illuminate\Pipeline\Pipeline.php:180
#42 \vendor\laravel\framework\src\Illuminate\Cookie\Middleware\EncryptCookies.php:67
#43 \vendor\laravel\framework\src\Illuminate\Pipeline\Pipeline.php:180
#44 \vendor\laravel\framework\src\Illuminate\Pipeline\Pipeline.php:116
#45 \vendor\laravel\framework\src\Illuminate\Routing\Router.php:799
#46 \vendor\laravel\framework\src\Illuminate\Routing\Router.php:776
#47 \vendor\laravel\framework\src\Illuminate\Routing\Router.php:740
#48 \vendor\laravel\framework\src\Illuminate\Routing\Router.php:729
#49 \vendor\laravel\framework\src\Illuminate\Foundation\Http\Kernel.php:190
  
[2024-04-03 03:29:08] local.INFO: Detected N+1 Query  
[2024-04-03 03:29:08] local.INFO: Model: App\Models\CompanyLevel
Relation: App\Models\Companies
Num-Called: 3
Call-Stack:
#20 \vendor\livewire\livewire\src\HydrationMiddleware\HydratePublicProperties.php:175
#21 \vendor\livewire\livewire\src\HydrationMiddleware\HydratePublicProperties.php:60
#22 \vendor\livewire\livewire\src\LifecycleManager.php:89
#23 \vendor\livewire\livewire\src\Connection\ConnectionHandler.php:13
#24 \vendor\livewire\livewire\src\Controllers\HttpConnectionHandler.php:21
#25 \vendor\laravel\framework\src\Illuminate\Routing\ControllerDispatcher.php:46
#26 \vendor\laravel\framework\src\Illuminate\Routing\Route.php:260
#27 \vendor\laravel\framework\src\Illuminate\Routing\Route.php:205
#28 \vendor\laravel\framework\src\Illuminate\Routing\Router.php:798
#29 \vendor\laravel\framework\src\Illuminate\Pipeline\Pipeline.php:141
#30 \app\Http\Middleware\Localization.php:23
#31 \vendor\laravel\framework\src\Illuminate\Pipeline\Pipeline.php:180
#32 \vendor\laravel\framework\src\Illuminate\Routing\Middleware\SubstituteBindings.php:50
#33 \vendor\laravel\framework\src\Illuminate\Pipeline\Pipeline.php:180
#34 \vendor\laravel\framework\src\Illuminate\Foundation\Http\Middleware\VerifyCsrfToken.php:78
#35 \vendor\laravel\framework\src\Illuminate\Pipeline\Pipeline.php:180
#36 \vendor\laravel\framework\src\Illuminate\View\Middleware\ShareErrorsFromSession.php:49
#37 \vendor\laravel\framework\src\Illuminate\Pipeline\Pipeline.php:180
#38 \vendor\laravel\framework\src\Illuminate\Session\Middleware\StartSession.php:121
#39 \vendor\laravel\framework\src\Illuminate\Session\Middleware\StartSession.php:64
#40 \vendor\laravel\framework\src\Illuminate\Pipeline\Pipeline.php:180
#41 \vendor\laravel\framework\src\Illuminate\Cookie\Middleware\AddQueuedCookiesToResponse.php:37
#42 \vendor\laravel\framework\src\Illuminate\Pipeline\Pipeline.php:180
#43 \vendor\laravel\framework\src\Illuminate\Cookie\Middleware\EncryptCookies.php:67
#44 \vendor\laravel\framework\src\Illuminate\Pipeline\Pipeline.php:180
#45 \vendor\laravel\framework\src\Illuminate\Pipeline\Pipeline.php:116
#46 \vendor\laravel\framework\src\Illuminate\Routing\Router.php:799
#47 \vendor\laravel\framework\src\Illuminate\Routing\Router.php:776
#48 \vendor\laravel\framework\src\Illuminate\Routing\Router.php:740
#49 \vendor\laravel\framework\src\Illuminate\Routing\Router.php:729
  
[2024-04-03 03:29:08] local.INFO: Model: App\Models\Workgroup
Relation: App\Models\CompanyLevel
Num-Called: 2
Call-Stack:
#19 \vendor\livewire\livewire\src\HydrationMiddleware\HydratePublicProperties.php:175
#20 \vendor\livewire\livewire\src\HydrationMiddleware\HydratePublicProperties.php:60
#21 \vendor\livewire\livewire\src\LifecycleManager.php:89
#22 \vendor\livewire\livewire\src\Connection\ConnectionHandler.php:13
#23 \vendor\livewire\livewire\src\Controllers\HttpConnectionHandler.php:21
#24 \vendor\laravel\framework\src\Illuminate\Routing\ControllerDispatcher.php:46
#25 \vendor\laravel\framework\src\Illuminate\Routing\Route.php:260
#26 \vendor\laravel\framework\src\Illuminate\Routing\Route.php:205
#27 \vendor\laravel\framework\src\Illuminate\Routing\Router.php:798
#28 \vendor\laravel\framework\src\Illuminate\Pipeline\Pipeline.php:141
#29 \app\Http\Middleware\Localization.php:23
#30 \vendor\laravel\framework\src\Illuminate\Pipeline\Pipeline.php:180
#31 \vendor\laravel\framework\src\Illuminate\Routing\Middleware\SubstituteBindings.php:50
#32 \vendor\laravel\framework\src\Illuminate\Pipeline\Pipeline.php:180
#33 \vendor\laravel\framework\src\Illuminate\Foundation\Http\Middleware\VerifyCsrfToken.php:78
#34 \vendor\laravel\framework\src\Illuminate\Pipeline\Pipeline.php:180
#35 \vendor\laravel\framework\src\Illuminate\View\Middleware\ShareErrorsFromSession.php:49
#36 \vendor\laravel\framework\src\Illuminate\Pipeline\Pipeline.php:180
#37 \vendor\laravel\framework\src\Illuminate\Session\Middleware\StartSession.php:121
#38 \vendor\laravel\framework\src\Illuminate\Session\Middleware\StartSession.php:64
#39 \vendor\laravel\framework\src\Illuminate\Pipeline\Pipeline.php:180
#40 \vendor\laravel\framework\src\Illuminate\Cookie\Middleware\AddQueuedCookiesToResponse.php:37
#41 \vendor\laravel\framework\src\Illuminate\Pipeline\Pipeline.php:180
#42 \vendor\laravel\framework\src\Illuminate\Cookie\Middleware\EncryptCookies.php:67
#43 \vendor\laravel\framework\src\Illuminate\Pipeline\Pipeline.php:180
#44 \vendor\laravel\framework\src\Illuminate\Pipeline\Pipeline.php:116
#45 \vendor\laravel\framework\src\Illuminate\Routing\Router.php:799
#46 \vendor\laravel\framework\src\Illuminate\Routing\Router.php:776
#47 \vendor\laravel\framework\src\Illuminate\Routing\Router.php:740
#48 \vendor\laravel\framework\src\Illuminate\Routing\Router.php:729
#49 \vendor\laravel\framework\src\Illuminate\Foundation\Http\Kernel.php:190
  
[2024-04-03 03:29:09] local.INFO: Detected N+1 Query  
[2024-04-03 03:29:09] local.INFO: Model: App\Models\CompanyLevel
Relation: App\Models\Companies
Num-Called: 3
Call-Stack:
#20 \vendor\livewire\livewire\src\HydrationMiddleware\HydratePublicProperties.php:175
#21 \vendor\livewire\livewire\src\HydrationMiddleware\HydratePublicProperties.php:60
#22 \vendor\livewire\livewire\src\LifecycleManager.php:89
#23 \vendor\livewire\livewire\src\Connection\ConnectionHandler.php:13
#24 \vendor\livewire\livewire\src\Controllers\HttpConnectionHandler.php:21
#25 \vendor\laravel\framework\src\Illuminate\Routing\ControllerDispatcher.php:46
#26 \vendor\laravel\framework\src\Illuminate\Routing\Route.php:260
#27 \vendor\laravel\framework\src\Illuminate\Routing\Route.php:205
#28 \vendor\laravel\framework\src\Illuminate\Routing\Router.php:798
#29 \vendor\laravel\framework\src\Illuminate\Pipeline\Pipeline.php:141
#30 \app\Http\Middleware\Localization.php:23
#31 \vendor\laravel\framework\src\Illuminate\Pipeline\Pipeline.php:180
#32 \vendor\laravel\framework\src\Illuminate\Routing\Middleware\SubstituteBindings.php:50
#33 \vendor\laravel\framework\src\Illuminate\Pipeline\Pipeline.php:180
#34 \vendor\laravel\framework\src\Illuminate\Foundation\Http\Middleware\VerifyCsrfToken.php:78
#35 \vendor\laravel\framework\src\Illuminate\Pipeline\Pipeline.php:180
#36 \vendor\laravel\framework\src\Illuminate\View\Middleware\ShareErrorsFromSession.php:49
#37 \vendor\laravel\framework\src\Illuminate\Pipeline\Pipeline.php:180
#38 \vendor\laravel\framework\src\Illuminate\Session\Middleware\StartSession.php:121
#39 \vendor\laravel\framework\src\Illuminate\Session\Middleware\StartSession.php:64
#40 \vendor\laravel\framework\src\Illuminate\Pipeline\Pipeline.php:180
#41 \vendor\laravel\framework\src\Illuminate\Cookie\Middleware\AddQueuedCookiesToResponse.php:37
#42 \vendor\laravel\framework\src\Illuminate\Pipeline\Pipeline.php:180
#43 \vendor\laravel\framework\src\Illuminate\Cookie\Middleware\EncryptCookies.php:67
#44 \vendor\laravel\framework\src\Illuminate\Pipeline\Pipeline.php:180
#45 \vendor\laravel\framework\src\Illuminate\Pipeline\Pipeline.php:116
#46 \vendor\laravel\framework\src\Illuminate\Routing\Router.php:799
#47 \vendor\laravel\framework\src\Illuminate\Routing\Router.php:776
#48 \vendor\laravel\framework\src\Illuminate\Routing\Router.php:740
#49 \vendor\laravel\framework\src\Illuminate\Routing\Router.php:729
  
[2024-04-03 03:29:09] local.INFO: Model: App\Models\Workgroup
Relation: App\Models\CompanyLevel
Num-Called: 2
Call-Stack:
#19 \vendor\livewire\livewire\src\HydrationMiddleware\HydratePublicProperties.php:175
#20 \vendor\livewire\livewire\src\HydrationMiddleware\HydratePublicProperties.php:60
#21 \vendor\livewire\livewire\src\LifecycleManager.php:89
#22 \vendor\livewire\livewire\src\Connection\ConnectionHandler.php:13
#23 \vendor\livewire\livewire\src\Controllers\HttpConnectionHandler.php:21
#24 \vendor\laravel\framework\src\Illuminate\Routing\ControllerDispatcher.php:46
#25 \vendor\laravel\framework\src\Illuminate\Routing\Route.php:260
#26 \vendor\laravel\framework\src\Illuminate\Routing\Route.php:205
#27 \vendor\laravel\framework\src\Illuminate\Routing\Router.php:798
#28 \vendor\laravel\framework\src\Illuminate\Pipeline\Pipeline.php:141
#29 \app\Http\Middleware\Localization.php:23
#30 \vendor\laravel\framework\src\Illuminate\Pipeline\Pipeline.php:180
#31 \vendor\laravel\framework\src\Illuminate\Routing\Middleware\SubstituteBindings.php:50
#32 \vendor\laravel\framework\src\Illuminate\Pipeline\Pipeline.php:180
#33 \vendor\laravel\framework\src\Illuminate\Foundation\Http\Middleware\VerifyCsrfToken.php:78
#34 \vendor\laravel\framework\src\Illuminate\Pipeline\Pipeline.php:180
#35 \vendor\laravel\framework\src\Illuminate\View\Middleware\ShareErrorsFromSession.php:49
#36 \vendor\laravel\framework\src\Illuminate\Pipeline\Pipeline.php:180
#37 \vendor\laravel\framework\src\Illuminate\Session\Middleware\StartSession.php:121
#38 \vendor\laravel\framework\src\Illuminate\Session\Middleware\StartSession.php:64
#39 \vendor\laravel\framework\src\Illuminate\Pipeline\Pipeline.php:180
#40 \vendor\laravel\framework\src\Illuminate\Cookie\Middleware\AddQueuedCookiesToResponse.php:37
#41 \vendor\laravel\framework\src\Illuminate\Pipeline\Pipeline.php:180
#42 \vendor\laravel\framework\src\Illuminate\Cookie\Middleware\EncryptCookies.php:67
#43 \vendor\laravel\framework\src\Illuminate\Pipeline\Pipeline.php:180
#44 \vendor\laravel\framework\src\Illuminate\Pipeline\Pipeline.php:116
#45 \vendor\laravel\framework\src\Illuminate\Routing\Router.php:799
#46 \vendor\laravel\framework\src\Illuminate\Routing\Router.php:776
#47 \vendor\laravel\framework\src\Illuminate\Routing\Router.php:740
#48 \vendor\laravel\framework\src\Illuminate\Routing\Router.php:729
#49 \vendor\laravel\framework\src\Illuminate\Foundation\Http\Kernel.php:190
  
[2024-04-03 03:29:11] local.INFO: Detected N+1 Query  
[2024-04-03 03:29:11] local.INFO: Model: App\Models\CompanyLevel
Relation: App\Models\Companies
Num-Called: 3
Call-Stack:
#20 \vendor\livewire\livewire\src\HydrationMiddleware\HydratePublicProperties.php:175
#21 \vendor\livewire\livewire\src\HydrationMiddleware\HydratePublicProperties.php:60
#22 \vendor\livewire\livewire\src\LifecycleManager.php:89
#23 \vendor\livewire\livewire\src\Connection\ConnectionHandler.php:13
#24 \vendor\livewire\livewire\src\Controllers\HttpConnectionHandler.php:21
#25 \vendor\laravel\framework\src\Illuminate\Routing\ControllerDispatcher.php:46
#26 \vendor\laravel\framework\src\Illuminate\Routing\Route.php:260
#27 \vendor\laravel\framework\src\Illuminate\Routing\Route.php:205
#28 \vendor\laravel\framework\src\Illuminate\Routing\Router.php:798
#29 \vendor\laravel\framework\src\Illuminate\Pipeline\Pipeline.php:141
#30 \app\Http\Middleware\Localization.php:23
#31 \vendor\laravel\framework\src\Illuminate\Pipeline\Pipeline.php:180
#32 \vendor\laravel\framework\src\Illuminate\Routing\Middleware\SubstituteBindings.php:50
#33 \vendor\laravel\framework\src\Illuminate\Pipeline\Pipeline.php:180
#34 \vendor\laravel\framework\src\Illuminate\Foundation\Http\Middleware\VerifyCsrfToken.php:78
#35 \vendor\laravel\framework\src\Illuminate\Pipeline\Pipeline.php:180
#36 \vendor\laravel\framework\src\Illuminate\View\Middleware\ShareErrorsFromSession.php:49
#37 \vendor\laravel\framework\src\Illuminate\Pipeline\Pipeline.php:180
#38 \vendor\laravel\framework\src\Illuminate\Session\Middleware\StartSession.php:121
#39 \vendor\laravel\framework\src\Illuminate\Session\Middleware\StartSession.php:64
#40 \vendor\laravel\framework\src\Illuminate\Pipeline\Pipeline.php:180
#41 \vendor\laravel\framework\src\Illuminate\Cookie\Middleware\AddQueuedCookiesToResponse.php:37
#42 \vendor\laravel\framework\src\Illuminate\Pipeline\Pipeline.php:180
#43 \vendor\laravel\framework\src\Illuminate\Cookie\Middleware\EncryptCookies.php:67
#44 \vendor\laravel\framework\src\Illuminate\Pipeline\Pipeline.php:180
#45 \vendor\laravel\framework\src\Illuminate\Pipeline\Pipeline.php:116
#46 \vendor\laravel\framework\src\Illuminate\Routing\Router.php:799
#47 \vendor\laravel\framework\src\Illuminate\Routing\Router.php:776
#48 \vendor\laravel\framework\src\Illuminate\Routing\Router.php:740
#49 \vendor\laravel\framework\src\Illuminate\Routing\Router.php:729
  
[2024-04-03 03:29:11] local.INFO: Model: App\Models\Workgroup
Relation: App\Models\CompanyLevel
Num-Called: 2
Call-Stack:
#19 \vendor\livewire\livewire\src\HydrationMiddleware\HydratePublicProperties.php:175
#20 \vendor\livewire\livewire\src\HydrationMiddleware\HydratePublicProperties.php:60
#21 \vendor\livewire\livewire\src\LifecycleManager.php:89
#22 \vendor\livewire\livewire\src\Connection\ConnectionHandler.php:13
#23 \vendor\livewire\livewire\src\Controllers\HttpConnectionHandler.php:21
#24 \vendor\laravel\framework\src\Illuminate\Routing\ControllerDispatcher.php:46
#25 \vendor\laravel\framework\src\Illuminate\Routing\Route.php:260
#26 \vendor\laravel\framework\src\Illuminate\Routing\Route.php:205
#27 \vendor\laravel\framework\src\Illuminate\Routing\Router.php:798
#28 \vendor\laravel\framework\src\Illuminate\Pipeline\Pipeline.php:141
#29 \app\Http\Middleware\Localization.php:23
#30 \vendor\laravel\framework\src\Illuminate\Pipeline\Pipeline.php:180
#31 \vendor\laravel\framework\src\Illuminate\Routing\Middleware\SubstituteBindings.php:50
#32 \vendor\laravel\framework\src\Illuminate\Pipeline\Pipeline.php:180
#33 \vendor\laravel\framework\src\Illuminate\Foundation\Http\Middleware\VerifyCsrfToken.php:78
#34 \vendor\laravel\framework\src\Illuminate\Pipeline\Pipeline.php:180
#35 \vendor\laravel\framework\src\Illuminate\View\Middleware\ShareErrorsFromSession.php:49
#36 \vendor\laravel\framework\src\Illuminate\Pipeline\Pipeline.php:180
#37 \vendor\laravel\framework\src\Illuminate\Session\Middleware\StartSession.php:121
#38 \vendor\laravel\framework\src\Illuminate\Session\Middleware\StartSession.php:64
#39 \vendor\laravel\framework\src\Illuminate\Pipeline\Pipeline.php:180
#40 \vendor\laravel\framework\src\Illuminate\Cookie\Middleware\AddQueuedCookiesToResponse.php:37
#41 \vendor\laravel\framework\src\Illuminate\Pipeline\Pipeline.php:180
#42 \vendor\laravel\framework\src\Illuminate\Cookie\Middleware\EncryptCookies.php:67
#43 \vendor\laravel\framework\src\Illuminate\Pipeline\Pipeline.php:180
#44 \vendor\laravel\framework\src\Illuminate\Pipeline\Pipeline.php:116
#45 \vendor\laravel\framework\src\Illuminate\Routing\Router.php:799
#46 \vendor\laravel\framework\src\Illuminate\Routing\Router.php:776
#47 \vendor\laravel\framework\src\Illuminate\Routing\Router.php:740
#48 \vendor\laravel\framework\src\Illuminate\Routing\Router.php:729
#49 \vendor\laravel\framework\src\Illuminate\Foundation\Http\Kernel.php:190
  
[2024-04-03 08:07:47] local.INFO: Detected N+1 Query  
[2024-04-03 08:07:47] local.INFO: Model: App\Models\User
Relation: App\Models\Companies
Num-Called: 2
Call-Stack:
#17 \app\Http\Livewire\AdminControlCompanyManhours\Index.php:21
#18 \vendor\laravel\framework\src\Illuminate\Container\BoundMethod.php:36
#19 \vendor\laravel\framework\src\Illuminate\Container\Util.php:41
#20 \vendor\laravel\framework\src\Illuminate\Container\BoundMethod.php:93
#21 \vendor\laravel\framework\src\Illuminate\Container\BoundMethod.php:37
#22 \vendor\laravel\framework\src\Illuminate\Container\Container.php:661
#23 \vendor\livewire\livewire\src\Component.php:173
#24 \vendor\livewire\livewire\src\LifecycleManager.php:131
#25 \vendor\livewire\livewire\src\Connection\ConnectionHandler.php:14
#26 \vendor\livewire\livewire\src\Controllers\HttpConnectionHandler.php:21
#27 \vendor\laravel\framework\src\Illuminate\Routing\ControllerDispatcher.php:46
#28 \vendor\laravel\framework\src\Illuminate\Routing\Route.php:260
#29 \vendor\laravel\framework\src\Illuminate\Routing\Route.php:205
#30 \vendor\laravel\framework\src\Illuminate\Routing\Router.php:798
#31 \vendor\laravel\framework\src\Illuminate\Pipeline\Pipeline.php:141
#32 \app\Http\Middleware\Localization.php:23
#33 \vendor\laravel\framework\src\Illuminate\Pipeline\Pipeline.php:180
#34 \vendor\laravel\framework\src\Illuminate\Routing\Middleware\SubstituteBindings.php:50
#35 \vendor\laravel\framework\src\Illuminate\Pipeline\Pipeline.php:180
#36 \vendor\laravel\framework\src\Illuminate\Foundation\Http\Middleware\VerifyCsrfToken.php:78
#37 \vendor\laravel\framework\src\Illuminate\Pipeline\Pipeline.php:180
#38 \vendor\laravel\framework\src\Illuminate\View\Middleware\ShareErrorsFromSession.php:49
#39 \vendor\laravel\framework\src\Illuminate\Pipeline\Pipeline.php:180
#40 \vendor\laravel\framework\src\Illuminate\Session\Middleware\StartSession.php:121
#41 \vendor\laravel\framework\src\Illuminate\Session\Middleware\StartSession.php:64
#42 \vendor\laravel\framework\src\Illuminate\Pipeline\Pipeline.php:180
#43 \vendor\laravel\framework\src\Illuminate\Cookie\Middleware\AddQueuedCookiesToResponse.php:37
#44 \vendor\laravel\framework\src\Illuminate\Pipeline\Pipeline.php:180
#45 \vendor\laravel\framework\src\Illuminate\Cookie\Middleware\EncryptCookies.php:67
#46 \vendor\laravel\framework\src\Illuminate\Pipeline\Pipeline.php:180
#47 \vendor\laravel\framework\src\Illuminate\Pipeline\Pipeline.php:116
#48 \vendor\laravel\framework\src\Illuminate\Routing\Router.php:799
#49 \vendor\laravel\framework\src\Illuminate\Routing\Router.php:776
  
[2024-04-03 08:07:47] local.INFO: Model: App\Models\User
Relation: App\Models\Roles
Num-Called: 2
Call-Stack:
#18 \app\Http\Livewire\AdminControlCompanyManhours\Index.php:21
#19 \vendor\laravel\framework\src\Illuminate\Container\BoundMethod.php:36
#20 \vendor\laravel\framework\src\Illuminate\Container\Util.php:41
#21 \vendor\laravel\framework\src\Illuminate\Container\BoundMethod.php:93
#22 \vendor\laravel\framework\src\Illuminate\Container\BoundMethod.php:37
#23 \vendor\laravel\framework\src\Illuminate\Container\Container.php:661
#24 \vendor\livewire\livewire\src\Component.php:173
#25 \vendor\livewire\livewire\src\LifecycleManager.php:131
#26 \vendor\livewire\livewire\src\Connection\ConnectionHandler.php:14
#27 \vendor\livewire\livewire\src\Controllers\HttpConnectionHandler.php:21
#28 \vendor\laravel\framework\src\Illuminate\Routing\ControllerDispatcher.php:46
#29 \vendor\laravel\framework\src\Illuminate\Routing\Route.php:260
#30 \vendor\laravel\framework\src\Illuminate\Routing\Route.php:205
#31 \vendor\laravel\framework\src\Illuminate\Routing\Router.php:798
#32 \vendor\laravel\framework\src\Illuminate\Pipeline\Pipeline.php:141
#33 \app\Http\Middleware\Localization.php:23
#34 \vendor\laravel\framework\src\Illuminate\Pipeline\Pipeline.php:180
#35 \vendor\laravel\framework\src\Illuminate\Routing\Middleware\SubstituteBindings.php:50
#36 \vendor\laravel\framework\src\Illuminate\Pipeline\Pipeline.php:180
#37 \vendor\laravel\framework\src\Illuminate\Foundation\Http\Middleware\VerifyCsrfToken.php:78
#38 \vendor\laravel\framework\src\Illuminate\Pipeline\Pipeline.php:180
#39 \vendor\laravel\framework\src\Illuminate\View\Middleware\ShareErrorsFromSession.php:49
#40 \vendor\laravel\framework\src\Illuminate\Pipeline\Pipeline.php:180
#41 \vendor\laravel\framework\src\Illuminate\Session\Middleware\StartSession.php:121
#42 \vendor\laravel\framework\src\Illuminate\Session\Middleware\StartSession.php:64
#43 \vendor\laravel\framework\src\Illuminate\Pipeline\Pipeline.php:180
#44 \vendor\laravel\framework\src\Illuminate\Cookie\Middleware\AddQueuedCookiesToResponse.php:37
#45 \vendor\laravel\framework\src\Illuminate\Pipeline\Pipeline.php:180
#46 \vendor\laravel\framework\src\Illuminate\Cookie\Middleware\EncryptCookies.php:67
#47 \vendor\laravel\framework\src\Illuminate\Pipeline\Pipeline.php:180
#48 \vendor\laravel\framework\src\Illuminate\Pipeline\Pipeline.php:116
#49 \vendor\laravel\framework\src\Illuminate\Routing\Router.php:799
  
[2024-04-03 08:09:58] local.INFO: Detected N+1 Query  
[2024-04-03 08:09:58] local.INFO: Model: App\Models\Workgroup
Relation: companyLevel
Num-Called: 3
Call-Stack:
#18 \storage\framework\views\0761062e34e29be307fff164487d44eb412b60ce.php:70
#20 \vendor\livewire\livewire\src\ComponentConcerns\RendersLivewireComponents.php:84
#21 \vendor\livewire\livewire\src\ComponentConcerns\RendersLivewireComponents.php:59
#22 \vendor\laravel\framework\src\Illuminate\View\View.php:195
#23 \vendor\laravel\framework\src\Illuminate\View\View.php:178
#24 \vendor\laravel\framework\src\Illuminate\View\View.php:147
#25 \storage\framework\views\31b32d6aaf4be9a063e0c011872d18392dc835df.php:745
#27 \vendor\livewire\livewire\src\ComponentConcerns\RendersLivewireComponents.php:84
#28 \vendor\livewire\livewire\src\ComponentConcerns\RendersLivewireComponents.php:59
#29 \vendor\laravel\framework\src\Illuminate\View\View.php:195
#30 \vendor\laravel\framework\src\Illuminate\View\View.php:178
#31 \vendor\laravel\framework\src\Illuminate\View\View.php:147
#32 \vendor\livewire\livewire\src\Component.php:235
#33 \vendor\livewire\livewire\src\HydrationMiddleware\RenderView.php:14
#34 \vendor\livewire\livewire\src\LifecycleManager.php:154
#35 \vendor\livewire\livewire\src\Connection\ConnectionHandler.php:15
#36 \vendor\livewire\livewire\src\Controllers\HttpConnectionHandler.php:21
#37 \vendor\laravel\framework\src\Illuminate\Routing\ControllerDispatcher.php:46
#38 \vendor\laravel\framework\src\Illuminate\Routing\Route.php:260
#39 \vendor\laravel\framework\src\Illuminate\Routing\Route.php:205
#40 \vendor\laravel\framework\src\Illuminate\Routing\Router.php:798
#41 \vendor\laravel\framework\src\Illuminate\Pipeline\Pipeline.php:141
#42 \app\Http\Middleware\Localization.php:23
#43 \vendor\laravel\framework\src\Illuminate\Pipeline\Pipeline.php:180
#44 \vendor\laravel\framework\src\Illuminate\Routing\Middleware\SubstituteBindings.php:50
#45 \vendor\laravel\framework\src\Illuminate\Pipeline\Pipeline.php:180
#46 \vendor\laravel\framework\src\Illuminate\Foundation\Http\Middleware\VerifyCsrfToken.php:78
#47 \vendor\laravel\framework\src\Illuminate\Pipeline\Pipeline.php:180
#48 \vendor\laravel\framework\src\Illuminate\View\Middleware\ShareErrorsFromSession.php:49
#49 \vendor\laravel\framework\src\Illuminate\Pipeline\Pipeline.php:180
  
[2024-04-03 08:09:58] local.INFO: Model: App\Models\CompanyLevel
Relation: BussinessUnit
Num-Called: 3
Call-Stack:
#18 \storage\framework\views\0761062e34e29be307fff164487d44eb412b60ce.php:70
#20 \vendor\livewire\livewire\src\ComponentConcerns\RendersLivewireComponents.php:84
#21 \vendor\livewire\livewire\src\ComponentConcerns\RendersLivewireComponents.php:59
#22 \vendor\laravel\framework\src\Illuminate\View\View.php:195
#23 \vendor\laravel\framework\src\Illuminate\View\View.php:178
#24 \vendor\laravel\framework\src\Illuminate\View\View.php:147
#25 \storage\framework\views\31b32d6aaf4be9a063e0c011872d18392dc835df.php:745
#27 \vendor\livewire\livewire\src\ComponentConcerns\RendersLivewireComponents.php:84
#28 \vendor\livewire\livewire\src\ComponentConcerns\RendersLivewireComponents.php:59
#29 \vendor\laravel\framework\src\Illuminate\View\View.php:195
#30 \vendor\laravel\framework\src\Illuminate\View\View.php:178
#31 \vendor\laravel\framework\src\Illuminate\View\View.php:147
#32 \vendor\livewire\livewire\src\Component.php:235
#33 \vendor\livewire\livewire\src\HydrationMiddleware\RenderView.php:14
#34 \vendor\livewire\livewire\src\LifecycleManager.php:154
#35 \vendor\livewire\livewire\src\Connection\ConnectionHandler.php:15
#36 \vendor\livewire\livewire\src\Controllers\HttpConnectionHandler.php:21
#37 \vendor\laravel\framework\src\Illuminate\Routing\ControllerDispatcher.php:46
#38 \vendor\laravel\framework\src\Illuminate\Routing\Route.php:260
#39 \vendor\laravel\framework\src\Illuminate\Routing\Route.php:205
#40 \vendor\laravel\framework\src\Illuminate\Routing\Router.php:798
#41 \vendor\laravel\framework\src\Illuminate\Pipeline\Pipeline.php:141
#42 \app\Http\Middleware\Localization.php:23
#43 \vendor\laravel\framework\src\Illuminate\Pipeline\Pipeline.php:180
#44 \vendor\laravel\framework\src\Illuminate\Routing\Middleware\SubstituteBindings.php:50
#45 \vendor\laravel\framework\src\Illuminate\Pipeline\Pipeline.php:180
#46 \vendor\laravel\framework\src\Illuminate\Foundation\Http\Middleware\VerifyCsrfToken.php:78
#47 \vendor\laravel\framework\src\Illuminate\Pipeline\Pipeline.php:180
#48 \vendor\laravel\framework\src\Illuminate\View\Middleware\ShareErrorsFromSession.php:49
#49 \vendor\laravel\framework\src\Illuminate\Pipeline\Pipeline.php:180
  
[2024-04-03 08:10:13] local.INFO: Detected N+1 Query  
[2024-04-03 08:10:13] local.INFO: Model: App\Models\CompanyLevel
Relation: App\Models\Companies
Num-Called: 3
Call-Stack:
#20 \vendor\livewire\livewire\src\HydrationMiddleware\HydratePublicProperties.php:175
#21 \vendor\livewire\livewire\src\HydrationMiddleware\HydratePublicProperties.php:60
#22 \vendor\livewire\livewire\src\LifecycleManager.php:89
#23 \vendor\livewire\livewire\src\Connection\ConnectionHandler.php:13
#24 \vendor\livewire\livewire\src\Controllers\HttpConnectionHandler.php:21
#25 \vendor\laravel\framework\src\Illuminate\Routing\ControllerDispatcher.php:46
#26 \vendor\laravel\framework\src\Illuminate\Routing\Route.php:260
#27 \vendor\laravel\framework\src\Illuminate\Routing\Route.php:205
#28 \vendor\laravel\framework\src\Illuminate\Routing\Router.php:798
#29 \vendor\laravel\framework\src\Illuminate\Pipeline\Pipeline.php:141
#30 \app\Http\Middleware\Localization.php:23
#31 \vendor\laravel\framework\src\Illuminate\Pipeline\Pipeline.php:180
#32 \vendor\laravel\framework\src\Illuminate\Routing\Middleware\SubstituteBindings.php:50
#33 \vendor\laravel\framework\src\Illuminate\Pipeline\Pipeline.php:180
#34 \vendor\laravel\framework\src\Illuminate\Foundation\Http\Middleware\VerifyCsrfToken.php:78
#35 \vendor\laravel\framework\src\Illuminate\Pipeline\Pipeline.php:180
#36 \vendor\laravel\framework\src\Illuminate\View\Middleware\ShareErrorsFromSession.php:49
#37 \vendor\laravel\framework\src\Illuminate\Pipeline\Pipeline.php:180
#38 \vendor\laravel\framework\src\Illuminate\Session\Middleware\StartSession.php:121
#39 \vendor\laravel\framework\src\Illuminate\Session\Middleware\StartSession.php:64
#40 \vendor\laravel\framework\src\Illuminate\Pipeline\Pipeline.php:180
#41 \vendor\laravel\framework\src\Illuminate\Cookie\Middleware\AddQueuedCookiesToResponse.php:37
#42 \vendor\laravel\framework\src\Illuminate\Pipeline\Pipeline.php:180
#43 \vendor\laravel\framework\src\Illuminate\Cookie\Middleware\EncryptCookies.php:67
#44 \vendor\laravel\framework\src\Illuminate\Pipeline\Pipeline.php:180
#45 \vendor\laravel\framework\src\Illuminate\Pipeline\Pipeline.php:116
#46 \vendor\laravel\framework\src\Illuminate\Routing\Router.php:799
#47 \vendor\laravel\framework\src\Illuminate\Routing\Router.php:776
#48 \vendor\laravel\framework\src\Illuminate\Routing\Router.php:740
#49 \vendor\laravel\framework\src\Illuminate\Routing\Router.php:729
  
[2024-04-03 08:10:13] local.INFO: Model: App\Models\Workgroup
Relation: App\Models\CompanyLevel
Num-Called: 2
Call-Stack:
#19 \vendor\livewire\livewire\src\HydrationMiddleware\HydratePublicProperties.php:175
#20 \vendor\livewire\livewire\src\HydrationMiddleware\HydratePublicProperties.php:60
#21 \vendor\livewire\livewire\src\LifecycleManager.php:89
#22 \vendor\livewire\livewire\src\Connection\ConnectionHandler.php:13
#23 \vendor\livewire\livewire\src\Controllers\HttpConnectionHandler.php:21
#24 \vendor\laravel\framework\src\Illuminate\Routing\ControllerDispatcher.php:46
#25 \vendor\laravel\framework\src\Illuminate\Routing\Route.php:260
#26 \vendor\laravel\framework\src\Illuminate\Routing\Route.php:205
#27 \vendor\laravel\framework\src\Illuminate\Routing\Router.php:798
#28 \vendor\laravel\framework\src\Illuminate\Pipeline\Pipeline.php:141
#29 \app\Http\Middleware\Localization.php:23
#30 \vendor\laravel\framework\src\Illuminate\Pipeline\Pipeline.php:180
#31 \vendor\laravel\framework\src\Illuminate\Routing\Middleware\SubstituteBindings.php:50
#32 \vendor\laravel\framework\src\Illuminate\Pipeline\Pipeline.php:180
#33 \vendor\laravel\framework\src\Illuminate\Foundation\Http\Middleware\VerifyCsrfToken.php:78
#34 \vendor\laravel\framework\src\Illuminate\Pipeline\Pipeline.php:180
#35 \vendor\laravel\framework\src\Illuminate\View\Middleware\ShareErrorsFromSession.php:49
#36 \vendor\laravel\framework\src\Illuminate\Pipeline\Pipeline.php:180
#37 \vendor\laravel\framework\src\Illuminate\Session\Middleware\StartSession.php:121
#38 \vendor\laravel\framework\src\Illuminate\Session\Middleware\StartSession.php:64
#39 \vendor\laravel\framework\src\Illuminate\Pipeline\Pipeline.php:180
#40 \vendor\laravel\framework\src\Illuminate\Cookie\Middleware\AddQueuedCookiesToResponse.php:37
#41 \vendor\laravel\framework\src\Illuminate\Pipeline\Pipeline.php:180
#42 \vendor\laravel\framework\src\Illuminate\Cookie\Middleware\EncryptCookies.php:67
#43 \vendor\laravel\framework\src\Illuminate\Pipeline\Pipeline.php:180
#44 \vendor\laravel\framework\src\Illuminate\Pipeline\Pipeline.php:116
#45 \vendor\laravel\framework\src\Illuminate\Routing\Router.php:799
#46 \vendor\laravel\framework\src\Illuminate\Routing\Router.php:776
#47 \vendor\laravel\framework\src\Illuminate\Routing\Router.php:740
#48 \vendor\laravel\framework\src\Illuminate\Routing\Router.php:729
#49 \vendor\laravel\framework\src\Illuminate\Foundation\Http\Kernel.php:190
  
[2024-04-03 08:11:31] local.INFO: Detected N+1 Query  
[2024-04-03 08:11:31] local.INFO: Model: App\Models\Workgroup
Relation: companyLevel
Num-Called: 3
Call-Stack:
#18 \storage\framework\views\0761062e34e29be307fff164487d44eb412b60ce.php:70
#20 \vendor\livewire\livewire\src\ComponentConcerns\RendersLivewireComponents.php:84
#21 \vendor\livewire\livewire\src\ComponentConcerns\RendersLivewireComponents.php:59
#22 \vendor\laravel\framework\src\Illuminate\View\View.php:195
#23 \vendor\laravel\framework\src\Illuminate\View\View.php:178
#24 \vendor\laravel\framework\src\Illuminate\View\View.php:147
#25 \storage\framework\views\8450bb4ba206183061ad35983de7754762747862.php:723
#27 \vendor\livewire\livewire\src\ComponentConcerns\RendersLivewireComponents.php:84
#28 \vendor\livewire\livewire\src\ComponentConcerns\RendersLivewireComponents.php:59
#29 \vendor\laravel\framework\src\Illuminate\View\View.php:195
#30 \vendor\laravel\framework\src\Illuminate\View\View.php:178
#31 \vendor\laravel\framework\src\Illuminate\View\View.php:147
#32 \vendor\livewire\livewire\src\Component.php:235
#33 \vendor\livewire\livewire\src\HydrationMiddleware\RenderView.php:14
#34 \vendor\livewire\livewire\src\LifecycleManager.php:154
#35 \vendor\livewire\livewire\src\Connection\ConnectionHandler.php:15
#36 \vendor\livewire\livewire\src\Controllers\HttpConnectionHandler.php:21
#37 \vendor\laravel\framework\src\Illuminate\Routing\ControllerDispatcher.php:46
#38 \vendor\laravel\framework\src\Illuminate\Routing\Route.php:260
#39 \vendor\laravel\framework\src\Illuminate\Routing\Route.php:205
#40 \vendor\laravel\framework\src\Illuminate\Routing\Router.php:798
#41 \vendor\laravel\framework\src\Illuminate\Pipeline\Pipeline.php:141
#42 \app\Http\Middleware\Localization.php:23
#43 \vendor\laravel\framework\src\Illuminate\Pipeline\Pipeline.php:180
#44 \vendor\laravel\framework\src\Illuminate\Routing\Middleware\SubstituteBindings.php:50
#45 \vendor\laravel\framework\src\Illuminate\Pipeline\Pipeline.php:180
#46 \vendor\laravel\framework\src\Illuminate\Foundation\Http\Middleware\VerifyCsrfToken.php:78
#47 \vendor\laravel\framework\src\Illuminate\Pipeline\Pipeline.php:180
#48 \vendor\laravel\framework\src\Illuminate\View\Middleware\ShareErrorsFromSession.php:49
#49 \vendor\laravel\framework\src\Illuminate\Pipeline\Pipeline.php:180
  
[2024-04-03 08:11:31] local.INFO: Model: App\Models\CompanyLevel
Relation: BussinessUnit
Num-Called: 3
Call-Stack:
#18 \storage\framework\views\0761062e34e29be307fff164487d44eb412b60ce.php:70
#20 \vendor\livewire\livewire\src\ComponentConcerns\RendersLivewireComponents.php:84
#21 \vendor\livewire\livewire\src\ComponentConcerns\RendersLivewireComponents.php:59
#22 \vendor\laravel\framework\src\Illuminate\View\View.php:195
#23 \vendor\laravel\framework\src\Illuminate\View\View.php:178
#24 \vendor\laravel\framework\src\Illuminate\View\View.php:147
#25 \storage\framework\views\8450bb4ba206183061ad35983de7754762747862.php:723
#27 \vendor\livewire\livewire\src\ComponentConcerns\RendersLivewireComponents.php:84
#28 \vendor\livewire\livewire\src\ComponentConcerns\RendersLivewireComponents.php:59
#29 \vendor\laravel\framework\src\Illuminate\View\View.php:195
#30 \vendor\laravel\framework\src\Illuminate\View\View.php:178
#31 \vendor\laravel\framework\src\Illuminate\View\View.php:147
#32 \vendor\livewire\livewire\src\Component.php:235
#33 \vendor\livewire\livewire\src\HydrationMiddleware\RenderView.php:14
#34 \vendor\livewire\livewire\src\LifecycleManager.php:154
#35 \vendor\livewire\livewire\src\Connection\ConnectionHandler.php:15
#36 \vendor\livewire\livewire\src\Controllers\HttpConnectionHandler.php:21
#37 \vendor\laravel\framework\src\Illuminate\Routing\ControllerDispatcher.php:46
#38 \vendor\laravel\framework\src\Illuminate\Routing\Route.php:260
#39 \vendor\laravel\framework\src\Illuminate\Routing\Route.php:205
#40 \vendor\laravel\framework\src\Illuminate\Routing\Router.php:798
#41 \vendor\laravel\framework\src\Illuminate\Pipeline\Pipeline.php:141
#42 \app\Http\Middleware\Localization.php:23
#43 \vendor\laravel\framework\src\Illuminate\Pipeline\Pipeline.php:180
#44 \vendor\laravel\framework\src\Illuminate\Routing\Middleware\SubstituteBindings.php:50
#45 \vendor\laravel\framework\src\Illuminate\Pipeline\Pipeline.php:180
#46 \vendor\laravel\framework\src\Illuminate\Foundation\Http\Middleware\VerifyCsrfToken.php:78
#47 \vendor\laravel\framework\src\Illuminate\Pipeline\Pipeline.php:180
#48 \vendor\laravel\framework\src\Illuminate\View\Middleware\ShareErrorsFromSession.php:49
#49 \vendor\laravel\framework\src\Illuminate\Pipeline\Pipeline.php:180
  
[2024-04-03 08:11:32] local.INFO: Detected N+1 Query  
[2024-04-03 08:11:32] local.INFO: Model: App\Models\CompanyLevel
Relation: App\Models\Companies
Num-Called: 3
Call-Stack:
#20 \vendor\livewire\livewire\src\HydrationMiddleware\HydratePublicProperties.php:175
#21 \vendor\livewire\livewire\src\HydrationMiddleware\HydratePublicProperties.php:60
#22 \vendor\livewire\livewire\src\LifecycleManager.php:89
#23 \vendor\livewire\livewire\src\Connection\ConnectionHandler.php:13
#24 \vendor\livewire\livewire\src\Controllers\HttpConnectionHandler.php:21
#25 \vendor\laravel\framework\src\Illuminate\Routing\ControllerDispatcher.php:46
#26 \vendor\laravel\framework\src\Illuminate\Routing\Route.php:260
#27 \vendor\laravel\framework\src\Illuminate\Routing\Route.php:205
#28 \vendor\laravel\framework\src\Illuminate\Routing\Router.php:798
#29 \vendor\laravel\framework\src\Illuminate\Pipeline\Pipeline.php:141
#30 \app\Http\Middleware\Localization.php:23
#31 \vendor\laravel\framework\src\Illuminate\Pipeline\Pipeline.php:180
#32 \vendor\laravel\framework\src\Illuminate\Routing\Middleware\SubstituteBindings.php:50
#33 \vendor\laravel\framework\src\Illuminate\Pipeline\Pipeline.php:180
#34 \vendor\laravel\framework\src\Illuminate\Foundation\Http\Middleware\VerifyCsrfToken.php:78
#35 \vendor\laravel\framework\src\Illuminate\Pipeline\Pipeline.php:180
#36 \vendor\laravel\framework\src\Illuminate\View\Middleware\ShareErrorsFromSession.php:49
#37 \vendor\laravel\framework\src\Illuminate\Pipeline\Pipeline.php:180
#38 \vendor\laravel\framework\src\Illuminate\Session\Middleware\StartSession.php:121
#39 \vendor\laravel\framework\src\Illuminate\Session\Middleware\StartSession.php:64
#40 \vendor\laravel\framework\src\Illuminate\Pipeline\Pipeline.php:180
#41 \vendor\laravel\framework\src\Illuminate\Cookie\Middleware\AddQueuedCookiesToResponse.php:37
#42 \vendor\laravel\framework\src\Illuminate\Pipeline\Pipeline.php:180
#43 \vendor\laravel\framework\src\Illuminate\Cookie\Middleware\EncryptCookies.php:67
#44 \vendor\laravel\framework\src\Illuminate\Pipeline\Pipeline.php:180
#45 \vendor\laravel\framework\src\Illuminate\Pipeline\Pipeline.php:116
#46 \vendor\laravel\framework\src\Illuminate\Routing\Router.php:799
#47 \vendor\laravel\framework\src\Illuminate\Routing\Router.php:776
#48 \vendor\laravel\framework\src\Illuminate\Routing\Router.php:740
#49 \vendor\laravel\framework\src\Illuminate\Routing\Router.php:729
  
[2024-04-03 08:11:32] local.INFO: Model: App\Models\Workgroup
Relation: App\Models\CompanyLevel
Num-Called: 2
Call-Stack:
#19 \vendor\livewire\livewire\src\HydrationMiddleware\HydratePublicProperties.php:175
#20 \vendor\livewire\livewire\src\HydrationMiddleware\HydratePublicProperties.php:60
#21 \vendor\livewire\livewire\src\LifecycleManager.php:89
#22 \vendor\livewire\livewire\src\Connection\ConnectionHandler.php:13
#23 \vendor\livewire\livewire\src\Controllers\HttpConnectionHandler.php:21
#24 \vendor\laravel\framework\src\Illuminate\Routing\ControllerDispatcher.php:46
#25 \vendor\laravel\framework\src\Illuminate\Routing\Route.php:260
#26 \vendor\laravel\framework\src\Illuminate\Routing\Route.php:205
#27 \vendor\laravel\framework\src\Illuminate\Routing\Router.php:798
#28 \vendor\laravel\framework\src\Illuminate\Pipeline\Pipeline.php:141
#29 \app\Http\Middleware\Localization.php:23
#30 \vendor\laravel\framework\src\Illuminate\Pipeline\Pipeline.php:180
#31 \vendor\laravel\framework\src\Illuminate\Routing\Middleware\SubstituteBindings.php:50
#32 \vendor\laravel\framework\src\Illuminate\Pipeline\Pipeline.php:180
#33 \vendor\laravel\framework\src\Illuminate\Foundation\Http\Middleware\VerifyCsrfToken.php:78
#34 \vendor\laravel\framework\src\Illuminate\Pipeline\Pipeline.php:180
#35 \vendor\laravel\framework\src\Illuminate\View\Middleware\ShareErrorsFromSession.php:49
#36 \vendor\laravel\framework\src\Illuminate\Pipeline\Pipeline.php:180
#37 \vendor\laravel\framework\src\Illuminate\Session\Middleware\StartSession.php:121
#38 \vendor\laravel\framework\src\Illuminate\Session\Middleware\StartSession.php:64
#39 \vendor\laravel\framework\src\Illuminate\Pipeline\Pipeline.php:180
#40 \vendor\laravel\framework\src\Illuminate\Cookie\Middleware\AddQueuedCookiesToResponse.php:37
#41 \vendor\laravel\framework\src\Illuminate\Pipeline\Pipeline.php:180
#42 \vendor\laravel\framework\src\Illuminate\Cookie\Middleware\EncryptCookies.php:67
#43 \vendor\laravel\framework\src\Illuminate\Pipeline\Pipeline.php:180
#44 \vendor\laravel\framework\src\Illuminate\Pipeline\Pipeline.php:116
#45 \vendor\laravel\framework\src\Illuminate\Routing\Router.php:799
#46 \vendor\laravel\framework\src\Illuminate\Routing\Router.php:776
#47 \vendor\laravel\framework\src\Illuminate\Routing\Router.php:740
#48 \vendor\laravel\framework\src\Illuminate\Routing\Router.php:729
#49 \vendor\laravel\framework\src\Illuminate\Foundation\Http\Kernel.php:190
  
[2024-04-03 08:11:42] local.INFO: Detected N+1 Query  
[2024-04-03 08:11:42] local.INFO: Model: App\Models\People
Relation: App\Models\Companies
Num-Called: 2
Call-Stack:
#18 \app\Http\Livewire\People\Index.php:26
#19 \vendor\laravel\framework\src\Illuminate\Container\BoundMethod.php:36
#20 \vendor\laravel\framework\src\Illuminate\Container\Util.php:41
#21 \vendor\laravel\framework\src\Illuminate\Container\BoundMethod.php:93
#22 \vendor\laravel\framework\src\Illuminate\Container\BoundMethod.php:37
#23 \vendor\laravel\framework\src\Illuminate\Container\Container.php:661
#24 \vendor\livewire\livewire\src\Component.php:173
#25 \vendor\livewire\livewire\src\LifecycleManager.php:131
#26 \vendor\livewire\livewire\src\Connection\ConnectionHandler.php:14
#27 \vendor\livewire\livewire\src\Controllers\HttpConnectionHandler.php:21
#28 \vendor\laravel\framework\src\Illuminate\Routing\ControllerDispatcher.php:46
#29 \vendor\laravel\framework\src\Illuminate\Routing\Route.php:260
#30 \vendor\laravel\framework\src\Illuminate\Routing\Route.php:205
#31 \vendor\laravel\framework\src\Illuminate\Routing\Router.php:798
#32 \vendor\laravel\framework\src\Illuminate\Pipeline\Pipeline.php:141
#33 \app\Http\Middleware\Localization.php:23
#34 \vendor\laravel\framework\src\Illuminate\Pipeline\Pipeline.php:180
#35 \vendor\laravel\framework\src\Illuminate\Routing\Middleware\SubstituteBindings.php:50
#36 \vendor\laravel\framework\src\Illuminate\Pipeline\Pipeline.php:180
#37 \vendor\laravel\framework\src\Illuminate\Foundation\Http\Middleware\VerifyCsrfToken.php:78
#38 \vendor\laravel\framework\src\Illuminate\Pipeline\Pipeline.php:180
#39 \vendor\laravel\framework\src\Illuminate\View\Middleware\ShareErrorsFromSession.php:49
#40 \vendor\laravel\framework\src\Illuminate\Pipeline\Pipeline.php:180
#41 \vendor\laravel\framework\src\Illuminate\Session\Middleware\StartSession.php:121
#42 \vendor\laravel\framework\src\Illuminate\Session\Middleware\StartSession.php:64
#43 \vendor\laravel\framework\src\Illuminate\Pipeline\Pipeline.php:180
#44 \vendor\laravel\framework\src\Illuminate\Cookie\Middleware\AddQueuedCookiesToResponse.php:37
#45 \vendor\laravel\framework\src\Illuminate\Pipeline\Pipeline.php:180
#46 \vendor\laravel\framework\src\Illuminate\Cookie\Middleware\EncryptCookies.php:67
#47 \vendor\laravel\framework\src\Illuminate\Pipeline\Pipeline.php:180
#48 \vendor\laravel\framework\src\Illuminate\Pipeline\Pipeline.php:116
#49 \vendor\laravel\framework\src\Illuminate\Routing\Router.php:799
  
[2024-04-03 08:12:03] local.INFO: Detected N+1 Query  
[2024-04-03 08:12:03] local.INFO: Model: App\Models\People
Relation: App\Models\Companies
Num-Called: 2
Call-Stack:
#18 \app\Http\Livewire\People\Index.php:26
#19 \vendor\laravel\framework\src\Illuminate\Container\BoundMethod.php:36
#20 \vendor\laravel\framework\src\Illuminate\Container\Util.php:41
#21 \vendor\laravel\framework\src\Illuminate\Container\BoundMethod.php:93
#22 \vendor\laravel\framework\src\Illuminate\Container\BoundMethod.php:37
#23 \vendor\laravel\framework\src\Illuminate\Container\Container.php:661
#24 \vendor\livewire\livewire\src\Component.php:173
#25 \vendor\livewire\livewire\src\LifecycleManager.php:131
#26 \vendor\livewire\livewire\src\Connection\ConnectionHandler.php:14
#27 \vendor\livewire\livewire\src\Controllers\HttpConnectionHandler.php:21
#28 \vendor\laravel\framework\src\Illuminate\Routing\ControllerDispatcher.php:46
#29 \vendor\laravel\framework\src\Illuminate\Routing\Route.php:260
#30 \vendor\laravel\framework\src\Illuminate\Routing\Route.php:205
#31 \vendor\laravel\framework\src\Illuminate\Routing\Router.php:798
#32 \vendor\laravel\framework\src\Illuminate\Pipeline\Pipeline.php:141
#33 \app\Http\Middleware\Localization.php:23
#34 \vendor\laravel\framework\src\Illuminate\Pipeline\Pipeline.php:180
#35 \vendor\laravel\framework\src\Illuminate\Routing\Middleware\SubstituteBindings.php:50
#36 \vendor\laravel\framework\src\Illuminate\Pipeline\Pipeline.php:180
#37 \vendor\laravel\framework\src\Illuminate\Foundation\Http\Middleware\VerifyCsrfToken.php:78
#38 \vendor\laravel\framework\src\Illuminate\Pipeline\Pipeline.php:180
#39 \vendor\laravel\framework\src\Illuminate\View\Middleware\ShareErrorsFromSession.php:49
#40 \vendor\laravel\framework\src\Illuminate\Pipeline\Pipeline.php:180
#41 \vendor\laravel\framework\src\Illuminate\Session\Middleware\StartSession.php:121
#42 \vendor\laravel\framework\src\Illuminate\Session\Middleware\StartSession.php:64
#43 \vendor\laravel\framework\src\Illuminate\Pipeline\Pipeline.php:180
#44 \vendor\laravel\framework\src\Illuminate\Cookie\Middleware\AddQueuedCookiesToResponse.php:37
#45 \vendor\laravel\framework\src\Illuminate\Pipeline\Pipeline.php:180
#46 \vendor\laravel\framework\src\Illuminate\Cookie\Middleware\EncryptCookies.php:67
#47 \vendor\laravel\framework\src\Illuminate\Pipeline\Pipeline.php:180
#48 \vendor\laravel\framework\src\Illuminate\Pipeline\Pipeline.php:116
#49 \vendor\laravel\framework\src\Illuminate\Routing\Router.php:799
  
[2024-04-03 08:12:07] local.INFO: Detected N+1 Query  
[2024-04-03 08:12:07] local.INFO: Model: App\Models\People
Relation: App\Models\Companies
Num-Called: 2
Call-Stack:
#18 \app\Http\Livewire\People\Index.php:26
#19 \vendor\laravel\framework\src\Illuminate\Container\BoundMethod.php:36
#20 \vendor\laravel\framework\src\Illuminate\Container\Util.php:41
#21 \vendor\laravel\framework\src\Illuminate\Container\BoundMethod.php:93
#22 \vendor\laravel\framework\src\Illuminate\Container\BoundMethod.php:37
#23 \vendor\laravel\framework\src\Illuminate\Container\Container.php:661
#24 \vendor\livewire\livewire\src\Component.php:173
#25 \vendor\livewire\livewire\src\LifecycleManager.php:131
#26 \vendor\livewire\livewire\src\Connection\ConnectionHandler.php:14
#27 \vendor\livewire\livewire\src\Controllers\HttpConnectionHandler.php:21
#28 \vendor\laravel\framework\src\Illuminate\Routing\ControllerDispatcher.php:46
#29 \vendor\laravel\framework\src\Illuminate\Routing\Route.php:260
#30 \vendor\laravel\framework\src\Illuminate\Routing\Route.php:205
#31 \vendor\laravel\framework\src\Illuminate\Routing\Router.php:798
#32 \vendor\laravel\framework\src\Illuminate\Pipeline\Pipeline.php:141
#33 \app\Http\Middleware\Localization.php:23
#34 \vendor\laravel\framework\src\Illuminate\Pipeline\Pipeline.php:180
#35 \vendor\laravel\framework\src\Illuminate\Routing\Middleware\SubstituteBindings.php:50
#36 \vendor\laravel\framework\src\Illuminate\Pipeline\Pipeline.php:180
#37 \vendor\laravel\framework\src\Illuminate\Foundation\Http\Middleware\VerifyCsrfToken.php:78
#38 \vendor\laravel\framework\src\Illuminate\Pipeline\Pipeline.php:180
#39 \vendor\laravel\framework\src\Illuminate\View\Middleware\ShareErrorsFromSession.php:49
#40 \vendor\laravel\framework\src\Illuminate\Pipeline\Pipeline.php:180
#41 \vendor\laravel\framework\src\Illuminate\Session\Middleware\StartSession.php:121
#42 \vendor\laravel\framework\src\Illuminate\Session\Middleware\StartSession.php:64
#43 \vendor\laravel\framework\src\Illuminate\Pipeline\Pipeline.php:180
#44 \vendor\laravel\framework\src\Illuminate\Cookie\Middleware\AddQueuedCookiesToResponse.php:37
#45 \vendor\laravel\framework\src\Illuminate\Pipeline\Pipeline.php:180
#46 \vendor\laravel\framework\src\Illuminate\Cookie\Middleware\EncryptCookies.php:67
#47 \vendor\laravel\framework\src\Illuminate\Pipeline\Pipeline.php:180
#48 \vendor\laravel\framework\src\Illuminate\Pipeline\Pipeline.php:116
#49 \vendor\laravel\framework\src\Illuminate\Routing\Router.php:799
  
